[ 2014-03-09T20:09:30+08:00 ] 127.0.0.1 /test/
INFO: [ app_begin ] --START--
INFO: ReadHtmlCache Behavior ::run [ RunTime:0.014137s ]
INFO: [ app_begin ] --END-- [ RunTime:0.014450s ]
INFO: [ view_parse ] --START--
INFO: ParseTemplate Behavior ::run [ RunTime:0.074711s ]
INFO: [ view_parse ] --END-- [ RunTime:0.074993s ]
INFO: [ view_filter ] --START--
NOTIC: [8] Use of undefined constant APP_TMPL_PATH - assumed 'APP_TMPL_PATH' D:\AppServ\www\test\ThinkPHP\Lib\Behavior\ContentReplaceBehavior.class.php 第 40 行.
NOTIC: [8] Use of undefined constant APP_TMPL_PATH - assumed 'APP_TMPL_PATH' D:\AppServ\www\test\ThinkPHP\Lib\Behavior\ContentReplaceBehavior.class.php 第 47 行.
INFO: ContentReplace Behavior ::run [ RunTime:0.012794s ]
INFO: TokenBuild Behavior ::run [ RunTime:0.012073s ]
INFO: WriteHtmlCache Behavior ::run [ RunTime:0.002490s ]
INFO: ShowRuntime Behavior ::run [ RunTime:0.003802s ]
INFO: [ view_filter ] --END-- [ RunTime:0.031928s ]
INFO: [ view_end ] --START--
INFO: ShowPageTrace Behavior ::run [ RunTime:0.003299s ]
INFO: [ view_end ] --END-- [ RunTime:0.003534s ]

[ 2014-03-09T20:11:59+08:00 ] 127.0.0.1 /test/
INFO: [ app_begin ] --START--
INFO: ReadHtmlCache Behavior ::run [ RunTime:0.002577s ]
INFO: [ app_begin ] --END-- [ RunTime:0.002858s ]
INFO: [ view_parse ] --START--
INFO: ParseTemplate Behavior ::run [ RunTime:0.026929s ]
INFO: [ view_parse ] --END-- [ RunTime:0.027211s ]
INFO: [ view_filter ] --START--
NOTIC: [8] Use of undefined constant APP_TMPL_PATH - assumed 'APP_TMPL_PATH' D:\AppServ\www\test\ThinkPHP\Lib\Behavior\ContentReplaceBehavior.class.php 第 40 行.
NOTIC: [8] Use of undefined constant APP_TMPL_PATH - assumed 'APP_TMPL_PATH' D:\AppServ\www\test\ThinkPHP\Lib\Behavior\ContentReplaceBehavior.class.php 第 47 行.
INFO: ContentReplace Behavior ::run [ RunTime:0.002394s ]
INFO: TokenBuild Behavior ::run [ RunTime:0.003406s ]
INFO: WriteHtmlCache Behavior ::run [ RunTime:0.003062s ]
INFO: ShowRuntime Behavior ::run [ RunTime:0.004216s ]
INFO: [ view_filter ] --END-- [ RunTime:0.013840s ]
INFO: [ view_end ] --START--
INFO: ShowPageTrace Behavior ::run [ RunTime:0.003796s ]
INFO: [ view_end ] --END-- [ RunTime:0.004037s ]

[ 2014-03-09T20:15:02+08:00 ] 127.0.0.1 /test/
INFO: [ app_begin ] --START--
INFO: ReadHtmlCache Behavior ::run [ RunTime:0.003781s ]
INFO: [ app_begin ] --END-- [ RunTime:0.004074s ]
INFO: [ view_parse ] --START--
INFO: ParseTemplate Behavior ::run [ RunTime:0.005705s ]
INFO: [ view_parse ] --END-- [ RunTime:0.006063s ]
INFO: [ view_filter ] --START--
NOTIC: [8] Use of undefined constant APP_TMPL_PATH - assumed 'APP_TMPL_PATH' D:\AppServ\www\test\ThinkPHP\Lib\Behavior\ContentReplaceBehavior.class.php 第 40 行.
NOTIC: [8] Use of undefined constant APP_TMPL_PATH - assumed 'APP_TMPL_PATH' D:\AppServ\www\test\ThinkPHP\Lib\Behavior\ContentReplaceBehavior.class.php 第 47 行.
INFO: ContentReplace Behavior ::run [ RunTime:0.003606s ]
INFO: TokenBuild Behavior ::run [ RunTime:0.003339s ]
INFO: WriteHtmlCache Behavior ::run [ RunTime:0.002452s ]
INFO: ShowRuntime Behavior ::run [ RunTime:0.004047s ]
INFO: [ view_filter ] --END-- [ RunTime:0.014561s ]
INFO: [ view_end ] --START--
INFO: ShowPageTrace Behavior ::run [ RunTime:0.003957s ]
INFO: [ view_end ] --END-- [ RunTime:0.004223s ]

[ 2014-03-09T20:15:03+08:00 ] 127.0.0.1 /test/
INFO: [ app_begin ] --START--
INFO: ReadHtmlCache Behavior ::run [ RunTime:0.002337s ]
INFO: [ app_begin ] --END-- [ RunTime:0.002729s ]
INFO: [ view_parse ] --START--
INFO: ParseTemplate Behavior ::run [ RunTime:0.002844s ]
INFO: [ view_parse ] --END-- [ RunTime:0.003203s ]
INFO: [ view_filter ] --START--
NOTIC: [8] Use of undefined constant APP_TMPL_PATH - assumed 'APP_TMPL_PATH' D:\AppServ\www\test\ThinkPHP\Lib\Behavior\ContentReplaceBehavior.class.php 第 40 行.
NOTIC: [8] Use of undefined constant APP_TMPL_PATH - assumed 'APP_TMPL_PATH' D:\AppServ\www\test\ThinkPHP\Lib\Behavior\ContentReplaceBehavior.class.php 第 47 行.
INFO: ContentReplace Behavior ::run [ RunTime:0.001522s ]
INFO: TokenBuild Behavior ::run [ RunTime:0.001508s ]
INFO: WriteHtmlCache Behavior ::run [ RunTime:0.000924s ]
INFO: ShowRuntime Behavior ::run [ RunTime:0.001760s ]
INFO: [ view_filter ] --END-- [ RunTime:0.006516s ]
INFO: [ view_end ] --START--
INFO: ShowPageTrace Behavior ::run [ RunTime:0.002442s ]
INFO: [ view_end ] --END-- [ RunTime:0.002766s ]

[ 2014-03-09T20:15:04+08:00 ] 127.0.0.1 /test/
INFO: [ app_begin ] --START--
INFO: ReadHtmlCache Behavior ::run [ RunTime:0.002031s ]
INFO: [ app_begin ] --END-- [ RunTime:0.002318s ]
INFO: [ view_parse ] --START--
INFO: ParseTemplate Behavior ::run [ RunTime:0.002443s ]
INFO: [ view_parse ] --END-- [ RunTime:0.002743s ]
INFO: [ view_filter ] --START--
NOTIC: [8] Use of undefined constant APP_TMPL_PATH - assumed 'APP_TMPL_PATH' D:\AppServ\www\test\ThinkPHP\Lib\Behavior\ContentReplaceBehavior.class.php 第 40 行.
NOTIC: [8] Use of undefined constant APP_TMPL_PATH - assumed 'APP_TMPL_PATH' D:\AppServ\www\test\ThinkPHP\Lib\Behavior\ContentReplaceBehavior.class.php 第 47 行.
INFO: ContentReplace Behavior ::run [ RunTime:0.001334s ]
INFO: TokenBuild Behavior ::run [ RunTime:0.001137s ]
INFO: WriteHtmlCache Behavior ::run [ RunTime:0.000690s ]
INFO: ShowRuntime Behavior ::run [ RunTime:0.001240s ]
INFO: [ view_filter ] --END-- [ RunTime:0.004983s ]
INFO: [ view_end ] --START--
INFO: ShowPageTrace Behavior ::run [ RunTime:0.001721s ]
INFO: [ view_end ] --END-- [ RunTime:0.001912s ]

[ 2014-03-09T20:15:16+08:00 ] 127.0.0.1 /test/
INFO: [ app_begin ] --START--
INFO: ReadHtmlCache Behavior ::run [ RunTime:0.002608s ]
INFO: [ app_begin ] --END-- [ RunTime:0.002897s ]
INFO: [ view_parse ] --START--
INFO: ParseTemplate Behavior ::run [ RunTime:0.033992s ]
INFO: [ view_parse ] --END-- [ RunTime:0.034347s ]
INFO: [ view_filter ] --START--
NOTIC: [8] Use of undefined constant APP_TMPL_PATH - assumed 'APP_TMPL_PATH' D:\AppServ\www\test\ThinkPHP\Lib\Behavior\ContentReplaceBehavior.class.php 第 40 行.
NOTIC: [8] Use of undefined constant APP_TMPL_PATH - assumed 'APP_TMPL_PATH' D:\AppServ\www\test\ThinkPHP\Lib\Behavior\ContentReplaceBehavior.class.php 第 47 行.
INFO: ContentReplace Behavior ::run [ RunTime:0.003460s ]
INFO: TokenBuild Behavior ::run [ RunTime:0.003148s ]
INFO: WriteHtmlCache Behavior ::run [ RunTime:0.004042s ]
INFO: ShowRuntime Behavior ::run [ RunTime:0.004795s ]
INFO: [ view_filter ] --END-- [ RunTime:0.016284s ]
INFO: [ view_end ] --START--
INFO: ShowPageTrace Behavior ::run [ RunTime:0.006471s ]
INFO: [ view_end ] --END-- [ RunTime:0.006750s ]

[ 2014-03-09T20:16:03+08:00 ] 127.0.0.1 /test/
INFO: [ app_begin ] --START--
INFO: ReadHtmlCache Behavior ::run [ RunTime:0.001906s ]
INFO: [ app_begin ] --END-- [ RunTime:0.002177s ]
INFO: [ view_parse ] --START--
INFO: ParseTemplate Behavior ::run [ RunTime:0.027828s ]
INFO: [ view_parse ] --END-- [ RunTime:0.028202s ]
INFO: [ view_filter ] --START--
NOTIC: [8] Use of undefined constant APP_TMPL_PATH - assumed 'APP_TMPL_PATH' D:\AppServ\www\test\ThinkPHP\Lib\Behavior\ContentReplaceBehavior.class.php 第 40 行.
NOTIC: [8] Use of undefined constant APP_TMPL_PATH - assumed 'APP_TMPL_PATH' D:\AppServ\www\test\ThinkPHP\Lib\Behavior\ContentReplaceBehavior.class.php 第 47 行.
INFO: ContentReplace Behavior ::run [ RunTime:0.004810s ]
INFO: TokenBuild Behavior ::run [ RunTime:0.005104s ]
INFO: WriteHtmlCache Behavior ::run [ RunTime:0.003360s ]
INFO: ShowRuntime Behavior ::run [ RunTime:0.003369s ]
INFO: [ view_filter ] --END-- [ RunTime:0.017646s ]
INFO: [ view_end ] --START--
INFO: ShowPageTrace Behavior ::run [ RunTime:0.004229s ]
INFO: [ view_end ] --END-- [ RunTime:0.004469s ]

[ 2014-03-09T20:18:37+08:00 ] 127.0.0.1 /test/index.php/Index/index
INFO: [ route_check ] --START--
INFO: CheckRoute Behavior ::run [ RunTime:0.010522s ]
INFO: [ route_check ] --END-- [ RunTime:0.010852s ]
INFO: [ app_begin ] --START--
INFO: ReadHtmlCache Behavior ::run [ RunTime:0.002674s ]
INFO: [ app_begin ] --END-- [ RunTime:0.002921s ]
INFO: [ view_parse ] --START--
INFO: ParseTemplate Behavior ::run [ RunTime:0.004310s ]
INFO: [ view_parse ] --END-- [ RunTime:0.004557s ]
INFO: [ view_filter ] --START--
NOTIC: [8] Use of undefined constant APP_TMPL_PATH - assumed 'APP_TMPL_PATH' D:\AppServ\www\test\ThinkPHP\Lib\Behavior\ContentReplaceBehavior.class.php 第 40 行.
NOTIC: [8] Use of undefined constant APP_TMPL_PATH - assumed 'APP_TMPL_PATH' D:\AppServ\www\test\ThinkPHP\Lib\Behavior\ContentReplaceBehavior.class.php 第 47 行.
INFO: ContentReplace Behavior ::run [ RunTime:0.002060s ]
INFO: TokenBuild Behavior ::run [ RunTime:0.002191s ]
INFO: WriteHtmlCache Behavior ::run [ RunTime:0.001667s ]
INFO: ShowRuntime Behavior ::run [ RunTime:0.002158s ]
INFO: [ view_filter ] --END-- [ RunTime:0.008625s ]
INFO: [ view_end ] --START--
INFO: ShowPageTrace Behavior ::run [ RunTime:0.003082s ]
INFO: [ view_end ] --END-- [ RunTime:0.003294s ]

[ 2014-03-09T20:20:32+08:00 ] 127.0.0.1 /test/index.php/Index/hello
INFO: [ route_check ] --START--
INFO: CheckRoute Behavior ::run [ RunTime:0.004530s ]
INFO: [ route_check ] --END-- [ RunTime:0.004808s ]
INFO: [ app_begin ] --START--
INFO: ReadHtmlCache Behavior ::run [ RunTime:0.002682s ]
INFO: [ app_begin ] --END-- [ RunTime:0.002918s ]

[ 2014-03-09T20:20:58+08:00 ] 127.0.0.1 /test/index.php/Index/hello
INFO: [ route_check ] --START--
INFO: CheckRoute Behavior ::run [ RunTime:0.003707s ]
INFO: [ route_check ] --END-- [ RunTime:0.004006s ]
INFO: [ app_begin ] --START--
INFO: ReadHtmlCache Behavior ::run [ RunTime:0.002598s ]
INFO: [ app_begin ] --END-- [ RunTime:0.002971s ]
INFO: [ view_parse ] --START--
INFO: ParseTemplate Behavior ::run [ RunTime:0.039794s ]
INFO: [ view_parse ] --END-- [ RunTime:0.040108s ]
INFO: [ view_filter ] --START--
NOTIC: [8] Use of undefined constant APP_TMPL_PATH - assumed 'APP_TMPL_PATH' D:\AppServ\www\test\ThinkPHP\Lib\Behavior\ContentReplaceBehavior.class.php 第 40 行.
NOTIC: [8] Use of undefined constant APP_TMPL_PATH - assumed 'APP_TMPL_PATH' D:\AppServ\www\test\ThinkPHP\Lib\Behavior\ContentReplaceBehavior.class.php 第 47 行.
INFO: ContentReplace Behavior ::run [ RunTime:0.002375s ]
INFO: TokenBuild Behavior ::run [ RunTime:0.002644s ]
INFO: WriteHtmlCache Behavior ::run [ RunTime:0.002712s ]
INFO: ShowRuntime Behavior ::run [ RunTime:0.002501s ]
INFO: [ view_filter ] --END-- [ RunTime:0.010929s ]
INFO: [ view_end ] --START--
INFO: ShowPageTrace Behavior ::run [ RunTime:0.003027s ]
INFO: [ view_end ] --END-- [ RunTime:0.003252s ]

[ 2014-03-09T20:23:23+08:00 ] 127.0.0.1 /test/index.php/Index/hello
INFO: [ route_check ] --START--
INFO: CheckRoute Behavior ::run [ RunTime:0.006978s ]
INFO: [ route_check ] --END-- [ RunTime:0.007350s ]
INFO: [ app_begin ] --START--
INFO: ReadHtmlCache Behavior ::run [ RunTime:0.002916s ]
INFO: [ app_begin ] --END-- [ RunTime:0.003174s ]
INFO: [ view_parse ] --START--
INFO: ParseTemplate Behavior ::run [ RunTime:0.004640s ]
INFO: [ view_parse ] --END-- [ RunTime:0.004883s ]
INFO: [ view_filter ] --START--
NOTIC: [8] Use of undefined constant APP_TMPL_PATH - assumed 'APP_TMPL_PATH' D:\AppServ\www\test\ThinkPHP\Lib\Behavior\ContentReplaceBehavior.class.php 第 40 行.
NOTIC: [8] Use of undefined constant APP_TMPL_PATH - assumed 'APP_TMPL_PATH' D:\AppServ\www\test\ThinkPHP\Lib\Behavior\ContentReplaceBehavior.class.php 第 47 行.
INFO: ContentReplace Behavior ::run [ RunTime:0.002069s ]
INFO: TokenBuild Behavior ::run [ RunTime:0.002855s ]
INFO: WriteHtmlCache Behavior ::run [ RunTime:0.002851s ]
INFO: ShowRuntime Behavior ::run [ RunTime:0.005099s ]
INFO: [ view_filter ] --END-- [ RunTime:0.013612s ]
INFO: [ view_end ] --START--
INFO: ShowPageTrace Behavior ::run [ RunTime:0.004970s ]
INFO: [ view_end ] --END-- [ RunTime:0.005299s ]

[ 2014-03-09T20:23:25+08:00 ] 127.0.0.1 /test/index.php/Index/hello
INFO: [ route_check ] --START--
INFO: CheckRoute Behavior ::run [ RunTime:0.005580s ]
INFO: [ route_check ] --END-- [ RunTime:0.005859s ]
INFO: [ app_begin ] --START--
INFO: ReadHtmlCache Behavior ::run [ RunTime:0.001546s ]
INFO: [ app_begin ] --END-- [ RunTime:0.001762s ]
INFO: [ view_parse ] --START--
INFO: ParseTemplate Behavior ::run [ RunTime:0.003946s ]
INFO: [ view_parse ] --END-- [ RunTime:0.004190s ]
INFO: [ view_filter ] --START--
NOTIC: [8] Use of undefined constant APP_TMPL_PATH - assumed 'APP_TMPL_PATH' D:\AppServ\www\test\ThinkPHP\Lib\Behavior\ContentReplaceBehavior.class.php 第 40 行.
NOTIC: [8] Use of undefined constant APP_TMPL_PATH - assumed 'APP_TMPL_PATH' D:\AppServ\www\test\ThinkPHP\Lib\Behavior\ContentReplaceBehavior.class.php 第 47 行.
INFO: ContentReplace Behavior ::run [ RunTime:0.001691s ]
INFO: TokenBuild Behavior ::run [ RunTime:0.003147s ]
INFO: WriteHtmlCache Behavior ::run [ RunTime:0.002500s ]
INFO: ShowRuntime Behavior ::run [ RunTime:0.003344s ]
INFO: [ view_filter ] --END-- [ RunTime:0.011259s ]
INFO: [ view_end ] --START--
INFO: ShowPageTrace Behavior ::run [ RunTime:0.003645s ]
INFO: [ view_end ] --END-- [ RunTime:0.003868s ]

[ 2014-03-09T20:23:27+08:00 ] 127.0.0.1 /test/index.php/Index/hello
INFO: [ route_check ] --START--
INFO: CheckRoute Behavior ::run [ RunTime:0.006925s ]
INFO: [ route_check ] --END-- [ RunTime:0.007310s ]
INFO: [ app_begin ] --START--
INFO: ReadHtmlCache Behavior ::run [ RunTime:0.002556s ]
INFO: [ app_begin ] --END-- [ RunTime:0.002866s ]
INFO: [ view_parse ] --START--
INFO: ParseTemplate Behavior ::run [ RunTime:0.005112s ]
INFO: [ view_parse ] --END-- [ RunTime:0.005429s ]
INFO: [ view_filter ] --START--
NOTIC: [8] Use of undefined constant APP_TMPL_PATH - assumed 'APP_TMPL_PATH' D:\AppServ\www\test\ThinkPHP\Lib\Behavior\ContentReplaceBehavior.class.php 第 40 行.
NOTIC: [8] Use of undefined constant APP_TMPL_PATH - assumed 'APP_TMPL_PATH' D:\AppServ\www\test\ThinkPHP\Lib\Behavior\ContentReplaceBehavior.class.php 第 47 行.
INFO: ContentReplace Behavior ::run [ RunTime:0.002665s ]
INFO: TokenBuild Behavior ::run [ RunTime:0.005484s ]
INFO: WriteHtmlCache Behavior ::run [ RunTime:0.006321s ]
INFO: ShowRuntime Behavior ::run [ RunTime:0.007007s ]
INFO: [ view_filter ] --END-- [ RunTime:0.022570s ]
INFO: [ view_end ] --START--
INFO: ShowPageTrace Behavior ::run [ RunTime:0.006608s ]
INFO: [ view_end ] --END-- [ RunTime:0.006950s ]

[ 2014-03-09T20:23:28+08:00 ] 127.0.0.1 /test/index.php/Index/hello
INFO: [ route_check ] --START--
INFO: CheckRoute Behavior ::run [ RunTime:0.004553s ]
INFO: [ route_check ] --END-- [ RunTime:0.005006s ]
INFO: [ app_begin ] --START--
INFO: ReadHtmlCache Behavior ::run [ RunTime:0.001982s ]
INFO: [ app_begin ] --END-- [ RunTime:0.002207s ]
INFO: [ view_parse ] --START--
INFO: ParseTemplate Behavior ::run [ RunTime:0.003229s ]
INFO: [ view_parse ] --END-- [ RunTime:0.003451s ]
INFO: [ view_filter ] --START--
NOTIC: [8] Use of undefined constant APP_TMPL_PATH - assumed 'APP_TMPL_PATH' D:\AppServ\www\test\ThinkPHP\Lib\Behavior\ContentReplaceBehavior.class.php 第 40 行.
NOTIC: [8] Use of undefined constant APP_TMPL_PATH - assumed 'APP_TMPL_PATH' D:\AppServ\www\test\ThinkPHP\Lib\Behavior\ContentReplaceBehavior.class.php 第 47 行.
INFO: ContentReplace Behavior ::run [ RunTime:0.001626s ]
INFO: TokenBuild Behavior ::run [ RunTime:0.002811s ]
INFO: WriteHtmlCache Behavior ::run [ RunTime:0.003154s ]
INFO: ShowRuntime Behavior ::run [ RunTime:0.003493s ]
INFO: [ view_filter ] --END-- [ RunTime:0.011747s ]
INFO: [ view_end ] --START--
INFO: ShowPageTrace Behavior ::run [ RunTime:0.003701s ]
INFO: [ view_end ] --END-- [ RunTime:0.003906s ]

[ 2014-03-09T20:23:45+08:00 ] 127.0.0.1 /test/index.php/Index/hello
INFO: [ route_check ] --START--
INFO: CheckRoute Behavior ::run [ RunTime:0.003700s ]
INFO: [ route_check ] --END-- [ RunTime:0.004013s ]
INFO: [ app_begin ] --START--
INFO: ReadHtmlCache Behavior ::run [ RunTime:0.002643s ]
INFO: [ app_begin ] --END-- [ RunTime:0.002901s ]
INFO: [ view_parse ] --START--
INFO: ParseTemplate Behavior ::run [ RunTime:0.003929s ]
INFO: [ view_parse ] --END-- [ RunTime:0.004174s ]
INFO: [ view_filter ] --START--
NOTIC: [8] Use of undefined constant APP_TMPL_PATH - assumed 'APP_TMPL_PATH' D:\AppServ\www\test\ThinkPHP\Lib\Behavior\ContentReplaceBehavior.class.php 第 40 行.
NOTIC: [8] Use of undefined constant APP_TMPL_PATH - assumed 'APP_TMPL_PATH' D:\AppServ\www\test\ThinkPHP\Lib\Behavior\ContentReplaceBehavior.class.php 第 47 行.
INFO: ContentReplace Behavior ::run [ RunTime:0.002084s ]
INFO: TokenBuild Behavior ::run [ RunTime:0.002054s ]
INFO: WriteHtmlCache Behavior ::run [ RunTime:0.001829s ]
INFO: ShowRuntime Behavior ::run [ RunTime:0.002457s ]
INFO: [ view_filter ] --END-- [ RunTime:0.009043s ]
INFO: [ view_end ] --START--
INFO: ShowPageTrace Behavior ::run [ RunTime:0.002812s ]
INFO: [ view_end ] --END-- [ RunTime:0.003009s ]

[ 2014-03-09T20:26:10+08:00 ] 127.0.0.1 /test/index.php/Index/hello
INFO: [ route_check ] --START--
INFO: CheckRoute Behavior ::run [ RunTime:0.004784s ]
INFO: [ route_check ] --END-- [ RunTime:0.005086s ]
INFO: [ app_begin ] --START--
INFO: ReadHtmlCache Behavior ::run [ RunTime:0.003848s ]
INFO: [ app_begin ] --END-- [ RunTime:0.004233s ]
NOTIC: [8] Undefined variable: group D:\AppServ\www\test\ThinkPHP\Lib\Core\App.class.php 第 95 行.
ERR: 无法加载模块:Index/hello

[ 2014-03-09T20:26:21+08:00 ] 127.0.0.1 /test/index.php/Index-hello
INFO: [ route_check ] --START--
INFO: CheckRoute Behavior ::run [ RunTime:0.003761s ]
INFO: [ route_check ] --END-- [ RunTime:0.004064s ]
INFO: [ app_begin ] --START--
INFO: ReadHtmlCache Behavior ::run [ RunTime:0.002569s ]
INFO: [ app_begin ] --END-- [ RunTime:0.002813s ]
INFO: [ view_parse ] --START--
INFO: ParseTemplate Behavior ::run [ RunTime:0.005757s ]
INFO: [ view_parse ] --END-- [ RunTime:0.006122s ]
INFO: [ view_filter ] --START--
NOTIC: [8] Use of undefined constant APP_TMPL_PATH - assumed 'APP_TMPL_PATH' D:\AppServ\www\test\ThinkPHP\Lib\Behavior\ContentReplaceBehavior.class.php 第 40 行.
NOTIC: [8] Use of undefined constant APP_TMPL_PATH - assumed 'APP_TMPL_PATH' D:\AppServ\www\test\ThinkPHP\Lib\Behavior\ContentReplaceBehavior.class.php 第 47 行.
INFO: ContentReplace Behavior ::run [ RunTime:0.003361s ]
INFO: TokenBuild Behavior ::run [ RunTime:0.002829s ]
INFO: WriteHtmlCache Behavior ::run [ RunTime:0.002088s ]
INFO: ShowRuntime Behavior ::run [ RunTime:0.003692s ]
INFO: [ view_filter ] --END-- [ RunTime:0.012857s ]
INFO: [ view_end ] --START--
INFO: ShowPageTrace Behavior ::run [ RunTime:0.004347s ]
INFO: [ view_end ] --END-- [ RunTime:0.004673s ]

[ 2014-03-09T20:26:35+08:00 ] 127.0.0.1 /test/index.php/Index-hello
INFO: [ route_check ] --START--
INFO: CheckRoute Behavior ::run [ RunTime:0.002547s ]
INFO: [ route_check ] --END-- [ RunTime:0.002847s ]
INFO: [ app_begin ] --START--
INFO: ReadHtmlCache Behavior ::run [ RunTime:0.001616s ]
INFO: [ app_begin ] --END-- [ RunTime:0.001815s ]
NOTIC: [8] Undefined variable: group D:\AppServ\www\test\ThinkPHP\Lib\Core\App.class.php 第 95 行.
ERR: 无法加载模块:Index-hello

[ 2014-03-09T20:26:42+08:00 ] 127.0.0.1 /test/index.php/Index%5E_%5Ehello
INFO: [ route_check ] --START--
INFO: CheckRoute Behavior ::run [ RunTime:0.004494s ]
INFO: [ route_check ] --END-- [ RunTime:0.004770s ]
INFO: [ app_begin ] --START--
INFO: ReadHtmlCache Behavior ::run [ RunTime:0.002030s ]
INFO: [ app_begin ] --END-- [ RunTime:0.002282s ]
INFO: [ view_parse ] --START--
INFO: ParseTemplate Behavior ::run [ RunTime:0.005225s ]
INFO: [ view_parse ] --END-- [ RunTime:0.005522s ]
INFO: [ view_filter ] --START--
NOTIC: [8] Use of undefined constant APP_TMPL_PATH - assumed 'APP_TMPL_PATH' D:\AppServ\www\test\ThinkPHP\Lib\Behavior\ContentReplaceBehavior.class.php 第 40 行.
NOTIC: [8] Use of undefined constant APP_TMPL_PATH - assumed 'APP_TMPL_PATH' D:\AppServ\www\test\ThinkPHP\Lib\Behavior\ContentReplaceBehavior.class.php 第 47 行.
INFO: ContentReplace Behavior ::run [ RunTime:0.002336s ]
INFO: TokenBuild Behavior ::run [ RunTime:0.002991s ]
INFO: WriteHtmlCache Behavior ::run [ RunTime:0.002999s ]
INFO: ShowRuntime Behavior ::run [ RunTime:0.003822s ]
INFO: [ view_filter ] --END-- [ RunTime:0.012768s ]
INFO: [ view_end ] --START--
INFO: ShowPageTrace Behavior ::run [ RunTime:0.003941s ]
INFO: [ view_end ] --END-- [ RunTime:0.004185s ]

[ 2014-03-09T20:26:56+08:00 ] 127.0.0.1 /test/index.php/Index%5E_%5Ehello
INFO: [ route_check ] --START--
INFO: CheckRoute Behavior ::run [ RunTime:0.005110s ]
INFO: [ route_check ] --END-- [ RunTime:0.005429s ]
INFO: [ app_begin ] --START--
INFO: ReadHtmlCache Behavior ::run [ RunTime:0.001532s ]
INFO: [ app_begin ] --END-- [ RunTime:0.001735s ]
NOTIC: [8] Undefined variable: group D:\AppServ\www\test\ThinkPHP\Lib\Core\App.class.php 第 95 行.
ERR: 无法加载模块:Index^_^hello

[ 2014-03-09T20:27:19+08:00 ] 127.0.0.1 /test/index.php/Index%5E_%5Ehello
INFO: [ route_check ] --START--
INFO: CheckRoute Behavior ::run [ RunTime:0.002862s ]
INFO: [ route_check ] --END-- [ RunTime:0.003193s ]
INFO: [ app_begin ] --START--
INFO: ReadHtmlCache Behavior ::run [ RunTime:0.002582s ]
INFO: [ app_begin ] --END-- [ RunTime:0.002903s ]
NOTIC: [8] Undefined variable: group D:\AppServ\www\test\ThinkPHP\Lib\Core\App.class.php 第 95 行.
ERR: 无法加载模块:Index^_^hello

[ 2014-03-09T20:27:25+08:00 ] 127.0.0.1 /test/index.php/Index/hello
INFO: [ route_check ] --START--
INFO: CheckRoute Behavior ::run [ RunTime:0.004591s ]
INFO: [ route_check ] --END-- [ RunTime:0.004860s ]
INFO: [ app_begin ] --START--
INFO: ReadHtmlCache Behavior ::run [ RunTime:0.001529s ]
INFO: [ app_begin ] --END-- [ RunTime:0.001777s ]
INFO: [ view_parse ] --START--
INFO: ParseTemplate Behavior ::run [ RunTime:0.004524s ]
INFO: [ view_parse ] --END-- [ RunTime:0.004934s ]
INFO: [ view_filter ] --START--
NOTIC: [8] Use of undefined constant APP_TMPL_PATH - assumed 'APP_TMPL_PATH' D:\AppServ\www\test\ThinkPHP\Lib\Behavior\ContentReplaceBehavior.class.php 第 40 行.
NOTIC: [8] Use of undefined constant APP_TMPL_PATH - assumed 'APP_TMPL_PATH' D:\AppServ\www\test\ThinkPHP\Lib\Behavior\ContentReplaceBehavior.class.php 第 47 行.
INFO: ContentReplace Behavior ::run [ RunTime:0.001952s ]
INFO: TokenBuild Behavior ::run [ RunTime:0.002979s ]
INFO: WriteHtmlCache Behavior ::run [ RunTime:0.002562s ]
INFO: ShowRuntime Behavior ::run [ RunTime:0.003256s ]
INFO: [ view_filter ] --END-- [ RunTime:0.011382s ]
INFO: [ view_end ] --START--
INFO: ShowPageTrace Behavior ::run [ RunTime:0.004097s ]
INFO: [ view_end ] --END-- [ RunTime:0.004351s ]

[ 2014-03-09T20:35:36+08:00 ] 127.0.0.1 /test/index.php/Index/hello
INFO: [ route_check ] --START--
INFO: CheckRoute Behavior ::run [ RunTime:0.004763s ]
INFO: [ route_check ] --END-- [ RunTime:0.005144s ]
INFO: [ app_begin ] --START--
INFO: ReadHtmlCache Behavior ::run [ RunTime:0.002659s ]
INFO: [ app_begin ] --END-- [ RunTime:0.002908s ]

[ 2014-03-09T20:35:38+08:00 ] 127.0.0.1 /test/index.php/Index/hello
INFO: [ route_check ] --START--
INFO: CheckRoute Behavior ::run [ RunTime:0.004717s ]
INFO: [ route_check ] --END-- [ RunTime:0.005071s ]
INFO: [ app_begin ] --START--
INFO: ReadHtmlCache Behavior ::run [ RunTime:0.001712s ]
INFO: [ app_begin ] --END-- [ RunTime:0.001955s ]

[ 2014-03-09T20:36:10+08:00 ] 127.0.0.1 /test/index.php/Index/hello
INFO: [ route_check ] --START--
INFO: CheckRoute Behavior ::run [ RunTime:0.005333s ]
INFO: [ route_check ] --END-- [ RunTime:0.005649s ]
INFO: [ app_begin ] --START--
INFO: ReadHtmlCache Behavior ::run [ RunTime:0.002535s ]
INFO: [ app_begin ] --END-- [ RunTime:0.002807s ]
ERR: 模板不存在[./Maxiaohao/Tpl/Index/hello.html]

[ 2014-03-09T20:36:23+08:00 ] 127.0.0.1 /test/index.php/Index/hello
INFO: [ route_check ] --START--
INFO: CheckRoute Behavior ::run [ RunTime:0.004364s ]
INFO: [ route_check ] --END-- [ RunTime:0.004629s ]
INFO: [ app_begin ] --START--
INFO: ReadHtmlCache Behavior ::run [ RunTime:0.001694s ]
INFO: [ app_begin ] --END-- [ RunTime:0.001915s ]
ERR: 模板不存在[./Maxiaohao/Tpl/Index/hello.html]

[ 2014-03-09T20:36:24+08:00 ] 127.0.0.1 /test/index.php/Index/hello
INFO: [ route_check ] --START--
INFO: CheckRoute Behavior ::run [ RunTime:0.004951s ]
INFO: [ route_check ] --END-- [ RunTime:0.005326s ]
INFO: [ app_begin ] --START--
INFO: ReadHtmlCache Behavior ::run [ RunTime:0.001785s ]
INFO: [ app_begin ] --END-- [ RunTime:0.002083s ]
ERR: 模板不存在[./Maxiaohao/Tpl/Index/hello.html]

[ 2014-03-09T20:36:25+08:00 ] 127.0.0.1 /test/index.php/Index/hello
INFO: [ route_check ] --START--
INFO: CheckRoute Behavior ::run [ RunTime:0.004515s ]
INFO: [ route_check ] --END-- [ RunTime:0.004795s ]
INFO: [ app_begin ] --START--
INFO: ReadHtmlCache Behavior ::run [ RunTime:0.001998s ]
INFO: [ app_begin ] --END-- [ RunTime:0.002345s ]
ERR: 模板不存在[./Maxiaohao/Tpl/Index/hello.html]

[ 2014-03-09T20:36:26+08:00 ] 127.0.0.1 /test/index.php/Index/hello
INFO: [ route_check ] --START--
INFO: CheckRoute Behavior ::run [ RunTime:0.004707s ]
INFO: [ route_check ] --END-- [ RunTime:0.005077s ]
INFO: [ app_begin ] --START--
INFO: ReadHtmlCache Behavior ::run [ RunTime:0.002024s ]
INFO: [ app_begin ] --END-- [ RunTime:0.002335s ]
ERR: 模板不存在[./Maxiaohao/Tpl/Index/hello.html]

[ 2014-03-09T20:36:26+08:00 ] 127.0.0.1 /test/index.php/Index/hello
INFO: [ route_check ] --START--
INFO: CheckRoute Behavior ::run [ RunTime:0.010667s ]
INFO: [ route_check ] --END-- [ RunTime:0.011114s ]
INFO: [ app_begin ] --START--
INFO: ReadHtmlCache Behavior ::run [ RunTime:0.004095s ]
INFO: [ app_begin ] --END-- [ RunTime:0.004410s ]
ERR: 模板不存在[./Maxiaohao/Tpl/Index/hello.html]

[ 2014-03-09T20:36:26+08:00 ] 127.0.0.1 /test/index.php/Index/hello
INFO: [ route_check ] --START--
INFO: CheckRoute Behavior ::run [ RunTime:0.003688s ]
INFO: [ route_check ] --END-- [ RunTime:0.003963s ]
INFO: [ app_begin ] --START--
INFO: ReadHtmlCache Behavior ::run [ RunTime:0.001677s ]
INFO: [ app_begin ] --END-- [ RunTime:0.001904s ]
ERR: 模板不存在[./Maxiaohao/Tpl/Index/hello.html]

[ 2014-03-09T20:36:27+08:00 ] 127.0.0.1 /test/index.php/Index/hello
INFO: [ route_check ] --START--
INFO: CheckRoute Behavior ::run [ RunTime:0.006634s ]
INFO: [ route_check ] --END-- [ RunTime:0.006995s ]
INFO: [ app_begin ] --START--
INFO: ReadHtmlCache Behavior ::run [ RunTime:0.001748s ]
INFO: [ app_begin ] --END-- [ RunTime:0.001992s ]
ERR: 模板不存在[./Maxiaohao/Tpl/Index/hello.html]

[ 2014-03-09T20:36:27+08:00 ] 127.0.0.1 /test/index.php/Index/hello
INFO: [ route_check ] --START--
INFO: CheckRoute Behavior ::run [ RunTime:0.002465s ]
INFO: [ route_check ] --END-- [ RunTime:0.002763s ]
INFO: [ app_begin ] --START--
INFO: ReadHtmlCache Behavior ::run [ RunTime:0.001755s ]
INFO: [ app_begin ] --END-- [ RunTime:0.001970s ]
ERR: 模板不存在[./Maxiaohao/Tpl/Index/hello.html]

[ 2014-03-09T20:36:27+08:00 ] 127.0.0.1 /test/index.php/Index/hello
INFO: [ route_check ] --START--
INFO: CheckRoute Behavior ::run [ RunTime:0.002409s ]
INFO: [ route_check ] --END-- [ RunTime:0.002675s ]
INFO: [ app_begin ] --START--
INFO: ReadHtmlCache Behavior ::run [ RunTime:0.001528s ]
INFO: [ app_begin ] --END-- [ RunTime:0.001759s ]
ERR: 模板不存在[./Maxiaohao/Tpl/Index/hello.html]

[ 2014-03-09T20:36:27+08:00 ] 127.0.0.1 /test/index.php/Index/hello
INFO: [ route_check ] --START--
INFO: CheckRoute Behavior ::run [ RunTime:0.003643s ]
INFO: [ route_check ] --END-- [ RunTime:0.004041s ]
INFO: [ app_begin ] --START--
INFO: ReadHtmlCache Behavior ::run [ RunTime:0.002428s ]
INFO: [ app_begin ] --END-- [ RunTime:0.002791s ]
ERR: 模板不存在[./Maxiaohao/Tpl/Index/hello.html]

[ 2014-03-09T20:36:27+08:00 ] 127.0.0.1 /test/index.php/Index/hello
INFO: [ route_check ] --START--
INFO: CheckRoute Behavior ::run [ RunTime:0.009908s ]
INFO: [ route_check ] --END-- [ RunTime:0.010426s ]
INFO: [ app_begin ] --START--
INFO: ReadHtmlCache Behavior ::run [ RunTime:0.004163s ]
INFO: [ app_begin ] --END-- [ RunTime:0.004534s ]
ERR: 模板不存在[./Maxiaohao/Tpl/Index/hello.html]

[ 2014-03-09T20:36:28+08:00 ] 127.0.0.1 /test/index.php/Index/hello
INFO: [ route_check ] --START--
INFO: CheckRoute Behavior ::run [ RunTime:0.002649s ]
INFO: [ route_check ] --END-- [ RunTime:0.002998s ]
INFO: [ app_begin ] --START--
INFO: ReadHtmlCache Behavior ::run [ RunTime:0.001590s ]
INFO: [ app_begin ] --END-- [ RunTime:0.001803s ]
ERR: 模板不存在[./Maxiaohao/Tpl/Index/hello.html]

[ 2014-03-09T20:36:28+08:00 ] 127.0.0.1 /test/index.php/Index/hello
INFO: [ route_check ] --START--
INFO: CheckRoute Behavior ::run [ RunTime:0.003777s ]
INFO: [ route_check ] --END-- [ RunTime:0.004187s ]
INFO: [ app_begin ] --START--
INFO: ReadHtmlCache Behavior ::run [ RunTime:0.003784s ]
INFO: [ app_begin ] --END-- [ RunTime:0.004157s ]
ERR: 模板不存在[./Maxiaohao/Tpl/Index/hello.html]

[ 2014-03-09T20:36:28+08:00 ] 127.0.0.1 /test/index.php/Index/hello
INFO: [ route_check ] --START--
INFO: CheckRoute Behavior ::run [ RunTime:0.004610s ]
INFO: [ route_check ] --END-- [ RunTime:0.004965s ]
INFO: [ app_begin ] --START--
INFO: ReadHtmlCache Behavior ::run [ RunTime:0.002098s ]
INFO: [ app_begin ] --END-- [ RunTime:0.002380s ]
ERR: 模板不存在[./Maxiaohao/Tpl/Index/hello.html]

[ 2014-03-09T20:36:28+08:00 ] 127.0.0.1 /test/index.php/Index/hello
INFO: [ route_check ] --START--
INFO: CheckRoute Behavior ::run [ RunTime:0.005018s ]
INFO: [ route_check ] --END-- [ RunTime:0.005350s ]
INFO: [ app_begin ] --START--
INFO: ReadHtmlCache Behavior ::run [ RunTime:0.001917s ]
INFO: [ app_begin ] --END-- [ RunTime:0.002195s ]
ERR: 模板不存在[./Maxiaohao/Tpl/Index/hello.html]

[ 2014-03-09T20:36:29+08:00 ] 127.0.0.1 /test/index.php/Index/hello
INFO: [ route_check ] --START--
INFO: CheckRoute Behavior ::run [ RunTime:0.004866s ]
INFO: [ route_check ] --END-- [ RunTime:0.005140s ]
INFO: [ app_begin ] --START--
INFO: ReadHtmlCache Behavior ::run [ RunTime:0.001719s ]
INFO: [ app_begin ] --END-- [ RunTime:0.001942s ]
ERR: 模板不存在[./Maxiaohao/Tpl/Index/hello.html]

[ 2014-03-09T20:36:32+08:00 ] 127.0.0.1 /test/index.php/Index/hello
INFO: [ route_check ] --START--
INFO: CheckRoute Behavior ::run [ RunTime:0.004573s ]
INFO: [ route_check ] --END-- [ RunTime:0.004874s ]
INFO: [ app_begin ] --START--
INFO: ReadHtmlCache Behavior ::run [ RunTime:0.002106s ]
INFO: [ app_begin ] --END-- [ RunTime:0.002391s ]
ERR: 模板不存在[./Maxiaohao/Tpl/Index/hello.html]

[ 2014-03-09T20:36:33+08:00 ] 127.0.0.1 /test/index.php/Index/hello
INFO: [ route_check ] --START--
INFO: CheckRoute Behavior ::run [ RunTime:0.004466s ]
INFO: [ route_check ] --END-- [ RunTime:0.004782s ]
INFO: [ app_begin ] --START--
INFO: ReadHtmlCache Behavior ::run [ RunTime:0.001691s ]
INFO: [ app_begin ] --END-- [ RunTime:0.001933s ]
ERR: 模板不存在[./Maxiaohao/Tpl/Index/hello.html]

[ 2014-03-09T20:36:33+08:00 ] 127.0.0.1 /test/index.php/Index/hello
INFO: [ route_check ] --START--
INFO: CheckRoute Behavior ::run [ RunTime:0.004632s ]
INFO: [ route_check ] --END-- [ RunTime:0.005089s ]
INFO: [ app_begin ] --START--
INFO: ReadHtmlCache Behavior ::run [ RunTime:0.001562s ]
INFO: [ app_begin ] --END-- [ RunTime:0.001773s ]
ERR: 模板不存在[./Maxiaohao/Tpl/Index/hello.html]

[ 2014-03-09T20:37:32+08:00 ] 127.0.0.1 /test/index.php/Index/hello
INFO: [ route_check ] --START--
INFO: CheckRoute Behavior ::run [ RunTime:0.002416s ]
INFO: [ route_check ] --END-- [ RunTime:0.002740s ]
INFO: [ app_begin ] --START--
INFO: ReadHtmlCache Behavior ::run [ RunTime:0.001564s ]
INFO: [ app_begin ] --END-- [ RunTime:0.001770s ]
INFO: [ view_parse ] --START--
INFO: ParseTemplate Behavior ::run [ RunTime:0.027122s ]
INFO: [ view_parse ] --END-- [ RunTime:0.027456s ]
INFO: [ view_filter ] --START--
INFO: ContentReplace Behavior ::run [ RunTime:0.002699s ]
INFO: TokenBuild Behavior ::run [ RunTime:0.003257s ]
INFO: WriteHtmlCache Behavior ::run [ RunTime:0.002458s ]
INFO: ShowRuntime Behavior ::run [ RunTime:0.002411s ]
INFO: [ view_filter ] --END-- [ RunTime:0.011684s ]
INFO: [ view_end ] --START--
INFO: ShowPageTrace Behavior ::run [ RunTime:0.004139s ]
INFO: [ view_end ] --END-- [ RunTime:0.004469s ]

[ 2014-03-09T21:04:48+08:00 ] 127.0.0.1 /test/index.php/Index/hello
INFO: [ route_check ] --START--
INFO: CheckRoute Behavior ::run [ RunTime:0.003729s ]
INFO: [ route_check ] --END-- [ RunTime:0.004037s ]
INFO: [ app_begin ] --START--
INFO: ReadHtmlCache Behavior ::run [ RunTime:0.002893s ]
INFO: [ app_begin ] --END-- [ RunTime:0.003137s ]
INFO: [ view_parse ] --START--
INFO: ParseTemplate Behavior ::run [ RunTime:0.027169s ]
INFO: [ view_parse ] --END-- [ RunTime:0.027471s ]
INFO: [ view_filter ] --START--
INFO: ContentReplace Behavior ::run [ RunTime:0.002624s ]
INFO: TokenBuild Behavior ::run [ RunTime:0.002184s ]
INFO: WriteHtmlCache Behavior ::run [ RunTime:0.001698s ]
INFO: ShowRuntime Behavior ::run [ RunTime:0.002221s ]
INFO: [ view_filter ] --END-- [ RunTime:0.009340s ]
INFO: [ view_end ] --START--
INFO: ShowPageTrace Behavior ::run [ RunTime:0.002749s ]
INFO: [ view_end ] --END-- [ RunTime:0.002948s ]

[ 2014-03-09T21:05:10+08:00 ] 127.0.0.1 /test/index.php/Index/data_action
INFO: [ route_check ] --START--
INFO: CheckRoute Behavior ::run [ RunTime:0.007716s ]
INFO: [ route_check ] --END-- [ RunTime:0.008138s ]
INFO: [ app_begin ] --START--
INFO: ReadHtmlCache Behavior ::run [ RunTime:0.005330s ]
INFO: [ app_begin ] --END-- [ RunTime:0.005764s ]
SQL: SHOW COLUMNS FROM `think_data` [ RunTime:0.004929s ]
SQL: SELECT * FROM `think_data`  [ RunTime:0.000579s ]
INFO: [ view_parse ] --START--
INFO: ParseTemplate Behavior ::run [ RunTime:0.050270s ]
INFO: [ view_parse ] --END-- [ RunTime:0.050560s ]
INFO: [ view_filter ] --START--
INFO: ContentReplace Behavior ::run [ RunTime:0.002941s ]
INFO: TokenBuild Behavior ::run [ RunTime:0.003595s ]
INFO: WriteHtmlCache Behavior ::run [ RunTime:0.004065s ]
INFO: ShowRuntime Behavior ::run [ RunTime:0.003295s ]
INFO: [ view_filter ] --END-- [ RunTime:0.014626s ]
INFO: [ view_end ] --START--
INFO: ShowPageTrace Behavior ::run [ RunTime:0.003485s ]
INFO: [ view_end ] --END-- [ RunTime:0.003685s ]

[ 2014-03-09T21:34:25+08:00 ] 127.0.0.1 /test/index.php/Form/add
INFO: [ route_check ] --START--
INFO: CheckRoute Behavior ::run [ RunTime:0.003570s ]
INFO: [ route_check ] --END-- [ RunTime:0.003849s ]
INFO: [ app_begin ] --START--
INFO: ReadHtmlCache Behavior ::run [ RunTime:0.002531s ]
INFO: [ app_begin ] --END-- [ RunTime:0.002750s ]
ERR: 无法加载模块:Form

[ 2014-03-09T21:36:05+08:00 ] 127.0.0.1 /test/index.php/Form/add
INFO: [ route_check ] --START--
INFO: CheckRoute Behavior ::run [ RunTime:0.004788s ]
INFO: [ route_check ] --END-- [ RunTime:0.005074s ]
INFO: [ app_begin ] --START--
INFO: ReadHtmlCache Behavior ::run [ RunTime:0.003754s ]
INFO: [ app_begin ] --END-- [ RunTime:0.003992s ]
NOTIC: [8] Constant THEME_NAME already defined D:\AppServ\www\test\ThinkPHP\Lib\Core\View.class.php 第 223 行.
NOTIC: [8] Constant THEME_PATH already defined D:\AppServ\www\test\ThinkPHP\Lib\Core\View.class.php 第 174 行.
NOTIC: [8] Constant APP_TMPL_PATH already defined D:\AppServ\www\test\ThinkPHP\Lib\Core\View.class.php 第 175 行.
INFO: [ view_parse ] --START--
INFO: ParseTemplate Behavior ::run [ RunTime:0.034188s ]
INFO: [ view_parse ] --END-- [ RunTime:0.034587s ]
INFO: [ view_filter ] --START--
INFO: ContentReplace Behavior ::run [ RunTime:0.003084s ]
INFO: TokenBuild Behavior ::run [ RunTime:0.003230s ]
INFO: WriteHtmlCache Behavior ::run [ RunTime:0.002541s ]
INFO: ShowRuntime Behavior ::run [ RunTime:0.003914s ]
INFO: [ view_filter ] --END-- [ RunTime:0.013471s ]
INFO: [ view_end ] --START--
INFO: ShowPageTrace Behavior ::run [ RunTime:0.003641s ]
INFO: [ view_end ] --END-- [ RunTime:0.004039s ]

[ 2014-03-09T22:17:54+08:00 ] 127.0.0.1 /test/index.php/Form/insert
INFO: [ route_check ] --START--
INFO: CheckRoute Behavior ::run [ RunTime:0.004999s ]
INFO: [ route_check ] --END-- [ RunTime:0.005372s ]
INFO: [ app_begin ] --START--
INFO: ReadHtmlCache Behavior ::run [ RunTime:0.002547s ]
INFO: [ app_begin ] --END-- [ RunTime:0.002838s ]
SQL: SHOW COLUMNS FROM `think_form` [ RunTime:0.005208s ]
SQL: INSERT INTO `think_form` (`title`,`content`,`create_time`) VALUES ('test','test',1394374674) [ RunTime:0.000868s ]
INFO: [ view_parse ] --START--
INFO: ParseTemplate Behavior ::run [ RunTime:0.049665s ]
INFO: [ view_parse ] --END-- [ RunTime:0.050004s ]
INFO: [ view_filter ] --START--
INFO: ContentReplace Behavior ::run [ RunTime:0.002046s ]
INFO: TokenBuild Behavior ::run [ RunTime:0.003110s ]
INFO: WriteHtmlCache Behavior ::run [ RunTime:0.003009s ]
INFO: ShowRuntime Behavior ::run [ RunTime:0.003258s ]
INFO: [ view_filter ] --END-- [ RunTime:0.012051s ]
INFO: [ view_end ] --START--
INFO: ShowPageTrace Behavior ::run [ RunTime:0.003696s ]
INFO: [ view_end ] --END-- [ RunTime:0.003931s ]

[ 2014-03-09T22:17:55+08:00 ] 127.0.0.1 /test/index.php/Form/add
INFO: [ route_check ] --START--
INFO: CheckRoute Behavior ::run [ RunTime:0.006735s ]
INFO: [ route_check ] --END-- [ RunTime:0.007153s ]
INFO: [ app_begin ] --START--
INFO: ReadHtmlCache Behavior ::run [ RunTime:0.002404s ]
INFO: [ app_begin ] --END-- [ RunTime:0.002692s ]
NOTIC: [8] Constant THEME_NAME already defined D:\AppServ\www\test\ThinkPHP\Lib\Core\View.class.php 第 223 行.
NOTIC: [8] Constant THEME_PATH already defined D:\AppServ\www\test\ThinkPHP\Lib\Core\View.class.php 第 174 行.
NOTIC: [8] Constant APP_TMPL_PATH already defined D:\AppServ\www\test\ThinkPHP\Lib\Core\View.class.php 第 175 行.
INFO: [ view_parse ] --START--
INFO: ParseTemplate Behavior ::run [ RunTime:0.023691s ]
INFO: [ view_parse ] --END-- [ RunTime:0.023970s ]
INFO: [ view_filter ] --START--
INFO: ContentReplace Behavior ::run [ RunTime:0.001467s ]
INFO: TokenBuild Behavior ::run [ RunTime:0.003892s ]
INFO: WriteHtmlCache Behavior ::run [ RunTime:0.004379s ]
INFO: ShowRuntime Behavior ::run [ RunTime:0.003288s ]
INFO: [ view_filter ] --END-- [ RunTime:0.013821s ]
INFO: [ view_end ] --START--
INFO: ShowPageTrace Behavior ::run [ RunTime:0.003961s ]
INFO: [ view_end ] --END-- [ RunTime:0.004169s ]

[ 2014-03-09T22:18:35+08:00 ] 127.0.0.1 /test/index.php/Form/insert
INFO: [ route_check ] --START--
INFO: CheckRoute Behavior ::run [ RunTime:0.003478s ]
INFO: [ route_check ] --END-- [ RunTime:0.003793s ]
INFO: [ app_begin ] --START--
INFO: ReadHtmlCache Behavior ::run [ RunTime:0.002461s ]
INFO: [ app_begin ] --END-- [ RunTime:0.002680s ]
SQL: SHOW COLUMNS FROM `think_form` [ RunTime:0.005666s ]
SQL: INSERT INTO `think_form` (`title`,`content`) VALUES ('test2','test2') [ RunTime:0.000689s ]
INFO: [ view_parse ] --START--
INFO: ParseTemplate Behavior ::run [ RunTime:0.032045s ]
INFO: [ view_parse ] --END-- [ RunTime:0.032393s ]
INFO: [ view_filter ] --START--
INFO: ContentReplace Behavior ::run [ RunTime:0.003244s ]
INFO: TokenBuild Behavior ::run [ RunTime:0.003224s ]
INFO: WriteHtmlCache Behavior ::run [ RunTime:0.002133s ]
INFO: ShowRuntime Behavior ::run [ RunTime:0.002327s ]
INFO: [ view_filter ] --END-- [ RunTime:0.011939s ]
INFO: [ view_end ] --START--
INFO: ShowPageTrace Behavior ::run [ RunTime:0.002717s ]
INFO: [ view_end ] --END-- [ RunTime:0.002914s ]

[ 2014-03-09T22:18:36+08:00 ] 127.0.0.1 /test/index.php/Form/add
INFO: [ route_check ] --START--
INFO: CheckRoute Behavior ::run [ RunTime:0.003181s ]
INFO: [ route_check ] --END-- [ RunTime:0.003597s ]
INFO: [ app_begin ] --START--
INFO: ReadHtmlCache Behavior ::run [ RunTime:0.002218s ]
INFO: [ app_begin ] --END-- [ RunTime:0.002498s ]
NOTIC: [8] Constant THEME_NAME already defined D:\AppServ\www\test\ThinkPHP\Lib\Core\View.class.php 第 223 行.
NOTIC: [8] Constant THEME_PATH already defined D:\AppServ\www\test\ThinkPHP\Lib\Core\View.class.php 第 174 行.
NOTIC: [8] Constant APP_TMPL_PATH already defined D:\AppServ\www\test\ThinkPHP\Lib\Core\View.class.php 第 175 行.
INFO: [ view_parse ] --START--
INFO: ParseTemplate Behavior ::run [ RunTime:0.029498s ]
INFO: [ view_parse ] --END-- [ RunTime:0.029885s ]
INFO: [ view_filter ] --START--
INFO: ContentReplace Behavior ::run [ RunTime:0.001282s ]
INFO: TokenBuild Behavior ::run [ RunTime:0.001563s ]
INFO: WriteHtmlCache Behavior ::run [ RunTime:0.000923s ]
INFO: ShowRuntime Behavior ::run [ RunTime:0.001707s ]
INFO: [ view_filter ] --END-- [ RunTime:0.006342s ]
INFO: [ view_end ] --START--
INFO: ShowPageTrace Behavior ::run [ RunTime:0.002480s ]
INFO: [ view_end ] --END-- [ RunTime:0.002790s ]

[ 2014-03-09T22:32:26+08:00 ] 127.0.0.1 /test/index.php/Form/read/id/1
INFO: [ route_check ] --START--
INFO: CheckRoute Behavior ::run [ RunTime:0.004504s ]
INFO: [ route_check ] --END-- [ RunTime:0.004784s ]
INFO: [ app_begin ] --START--
INFO: ReadHtmlCache Behavior ::run [ RunTime:0.003609s ]
INFO: [ app_begin ] --END-- [ RunTime:0.003899s ]
SQL: SHOW COLUMNS FROM `think_form` [ RunTime:0.003638s ]
SQL: SELECT * FROM `think_form` WHERE ( `id` = 1 ) LIMIT 1   [ RunTime:0.013371s ]
ERR: 模板不存在[./Maxiaohao/Tpl/Form/read.html]

[ 2014-03-09T22:32:49+08:00 ] 127.0.0.1 /test/index.php/Form/read/id/1
INFO: [ route_check ] --START--
INFO: CheckRoute Behavior ::run [ RunTime:0.003415s ]
INFO: [ route_check ] --END-- [ RunTime:0.003675s ]
INFO: [ app_begin ] --START--
INFO: ReadHtmlCache Behavior ::run [ RunTime:0.002574s ]
INFO: [ app_begin ] --END-- [ RunTime:0.002801s ]
SQL: SHOW COLUMNS FROM `think_form` [ RunTime:0.005084s ]
SQL: SELECT * FROM `think_form` WHERE ( `id` = 1 ) LIMIT 1   [ RunTime:0.000692s ]
ERR: 模板不存在[./Maxiaohao/Tpl/Form/read.html]

[ 2014-03-09T22:32:53+08:00 ] 127.0.0.1 /test/index.php/Form/read/id/1
INFO: [ route_check ] --START--
INFO: CheckRoute Behavior ::run [ RunTime:0.003026s ]
INFO: [ route_check ] --END-- [ RunTime:0.003359s ]
INFO: [ app_begin ] --START--
INFO: ReadHtmlCache Behavior ::run [ RunTime:0.001862s ]
INFO: [ app_begin ] --END-- [ RunTime:0.002333s ]
SQL: SHOW COLUMNS FROM `think_form` [ RunTime:0.004960s ]
SQL: SELECT * FROM `think_form` WHERE ( `id` = 1 ) LIMIT 1   [ RunTime:0.001089s ]
ERR: 模板不存在[./Maxiaohao/Tpl/Form/read.html]

[ 2014-03-09T22:33:17+08:00 ] 127.0.0.1 /test/index.php/Form/read/id/1
INFO: [ route_check ] --START--
INFO: CheckRoute Behavior ::run [ RunTime:0.008194s ]
INFO: [ route_check ] --END-- [ RunTime:0.008541s ]
INFO: [ app_begin ] --START--
INFO: ReadHtmlCache Behavior ::run [ RunTime:0.005747s ]
INFO: [ app_begin ] --END-- [ RunTime:0.006109s ]
SQL: SHOW COLUMNS FROM `think_form` [ RunTime:0.005450s ]
SQL: SELECT * FROM `think_form` WHERE ( `id` = 1 ) LIMIT 1   [ RunTime:0.000715s ]
INFO: [ view_parse ] --START--
INFO: ParseTemplate Behavior ::run [ RunTime:0.067286s ]
INFO: [ view_parse ] --END-- [ RunTime:0.067696s ]
INFO: [ view_filter ] --START--
INFO: ContentReplace Behavior ::run [ RunTime:0.003488s ]
INFO: TokenBuild Behavior ::run [ RunTime:0.002999s ]
INFO: WriteHtmlCache Behavior ::run [ RunTime:0.008857s ]
INFO: ShowRuntime Behavior ::run [ RunTime:0.004944s ]
INFO: [ view_filter ] --END-- [ RunTime:0.021084s ]
INFO: [ view_end ] --START--
INFO: ShowPageTrace Behavior ::run [ RunTime:0.004283s ]
INFO: [ view_end ] --END-- [ RunTime:0.004543s ]

[ 2014-03-09T22:40:20+08:00 ] 127.0.0.1 /test/index.php/Form/read/id/1
INFO: [ route_check ] --START--
INFO: CheckRoute Behavior ::run [ RunTime:0.004774s ]
INFO: [ route_check ] --END-- [ RunTime:0.005200s ]
INFO: [ app_begin ] --START--
INFO: ReadHtmlCache Behavior ::run [ RunTime:0.004455s ]
INFO: [ app_begin ] --END-- [ RunTime:0.004788s ]
SQL: SHOW COLUMNS FROM `think_form` [ RunTime:0.003752s ]
SQL: SELECT * FROM `think_form` WHERE ( `id` = 1 ) LIMIT 1   [ RunTime:0.000671s ]
SQL: SELECT `title` FROM `think_form` WHERE ( id=3 ) LIMIT 1   [ RunTime:0.000475s ]
INFO: [ view_parse ] --START--
INFO: ParseTemplate Behavior ::run [ RunTime:0.059476s ]
INFO: [ view_parse ] --END-- [ RunTime:0.059818s ]
INFO: [ view_filter ] --START--
INFO: ContentReplace Behavior ::run [ RunTime:0.002851s ]
INFO: TokenBuild Behavior ::run [ RunTime:0.003288s ]
INFO: WriteHtmlCache Behavior ::run [ RunTime:0.002580s ]
INFO: ShowRuntime Behavior ::run [ RunTime:0.003462s ]
INFO: [ view_filter ] --END-- [ RunTime:0.012812s ]
INFO: [ view_end ] --START--
INFO: ShowPageTrace Behavior ::run [ RunTime:0.004018s ]
INFO: [ view_end ] --END-- [ RunTime:0.004236s ]

[ 2014-03-09T22:40:22+08:00 ] 127.0.0.1 /test/index.php/Form/read/id/1
INFO: [ route_check ] --START--
INFO: CheckRoute Behavior ::run [ RunTime:0.007495s ]
INFO: [ route_check ] --END-- [ RunTime:0.008143s ]
INFO: [ app_begin ] --START--
INFO: ReadHtmlCache Behavior ::run [ RunTime:0.007362s ]
INFO: [ app_begin ] --END-- [ RunTime:0.007692s ]
SQL: SHOW COLUMNS FROM `think_form` [ RunTime:0.005010s ]
SQL: SELECT * FROM `think_form` WHERE ( `id` = 1 ) LIMIT 1   [ RunTime:0.000828s ]
SQL: SELECT `title` FROM `think_form` WHERE ( id=3 ) LIMIT 1   [ RunTime:0.000411s ]
INFO: [ view_parse ] --START--
INFO: ParseTemplate Behavior ::run [ RunTime:0.046009s ]
INFO: [ view_parse ] --END-- [ RunTime:0.046359s ]
INFO: [ view_filter ] --START--
INFO: ContentReplace Behavior ::run [ RunTime:0.004944s ]
INFO: TokenBuild Behavior ::run [ RunTime:0.003741s ]
INFO: WriteHtmlCache Behavior ::run [ RunTime:0.004800s ]
INFO: ShowRuntime Behavior ::run [ RunTime:0.007340s ]
INFO: [ view_filter ] --END-- [ RunTime:0.021800s ]
INFO: [ view_end ] --START--
INFO: ShowPageTrace Behavior ::run [ RunTime:0.005786s ]
INFO: [ view_end ] --END-- [ RunTime:0.008387s ]

[ 2014-03-09T22:40:38+08:00 ] 127.0.0.1 /test/index.php/Form/read/id/1
INFO: [ route_check ] --START--
INFO: CheckRoute Behavior ::run [ RunTime:0.005491s ]
INFO: [ route_check ] --END-- [ RunTime:0.005812s ]
INFO: [ app_begin ] --START--
INFO: ReadHtmlCache Behavior ::run [ RunTime:0.002673s ]
INFO: [ app_begin ] --END-- [ RunTime:0.002980s ]
SQL: SHOW COLUMNS FROM `think_form` [ RunTime:0.005055s ]
SQL: SELECT * FROM `think_form` WHERE ( `id` = 1 ) LIMIT 1   [ RunTime:0.000610s ]
SQL: SELECT `title` FROM `think_form` WHERE ( id=1 ) LIMIT 1   [ RunTime:0.000473s ]
INFO: [ view_parse ] --START--
INFO: ParseTemplate Behavior ::run [ RunTime:0.036797s ]
INFO: [ view_parse ] --END-- [ RunTime:0.037170s ]
INFO: [ view_filter ] --START--
INFO: ContentReplace Behavior ::run [ RunTime:0.002128s ]
INFO: TokenBuild Behavior ::run [ RunTime:0.005289s ]
INFO: WriteHtmlCache Behavior ::run [ RunTime:0.003311s ]
INFO: ShowRuntime Behavior ::run [ RunTime:0.003572s ]
INFO: [ view_filter ] --END-- [ RunTime:0.015079s ]
INFO: [ view_end ] --START--
INFO: ShowPageTrace Behavior ::run [ RunTime:0.004471s ]
INFO: [ view_end ] --END-- [ RunTime:0.004867s ]

[ 2014-03-09T22:40:39+08:00 ] 127.0.0.1 /test/index.php/Form/read/id/1
INFO: [ route_check ] --START--
INFO: CheckRoute Behavior ::run [ RunTime:0.005097s ]
INFO: [ route_check ] --END-- [ RunTime:0.005389s ]
INFO: [ app_begin ] --START--
INFO: ReadHtmlCache Behavior ::run [ RunTime:0.001577s ]
INFO: [ app_begin ] --END-- [ RunTime:0.001788s ]
SQL: SHOW COLUMNS FROM `think_form` [ RunTime:0.004161s ]
SQL: SELECT * FROM `think_form` WHERE ( `id` = 1 ) LIMIT 1   [ RunTime:0.000737s ]
SQL: SELECT `title` FROM `think_form` WHERE ( id=1 ) LIMIT 1   [ RunTime:0.000460s ]
INFO: [ view_parse ] --START--
INFO: ParseTemplate Behavior ::run [ RunTime:0.034717s ]
INFO: [ view_parse ] --END-- [ RunTime:0.035142s ]
INFO: [ view_filter ] --START--
INFO: ContentReplace Behavior ::run [ RunTime:0.002352s ]
INFO: TokenBuild Behavior ::run [ RunTime:0.004136s ]
INFO: WriteHtmlCache Behavior ::run [ RunTime:0.002602s ]
INFO: ShowRuntime Behavior ::run [ RunTime:0.003136s ]
INFO: [ view_filter ] --END-- [ RunTime:0.013007s ]
INFO: [ view_end ] --START--
INFO: ShowPageTrace Behavior ::run [ RunTime:0.004753s ]
INFO: [ view_end ] --END-- [ RunTime:0.005032s ]

[ 2014-03-09T22:41:33+08:00 ] 127.0.0.1 /test/index.php/Form/read/id/1
INFO: [ route_check ] --START--
INFO: CheckRoute Behavior ::run [ RunTime:0.008142s ]
INFO: [ route_check ] --END-- [ RunTime:0.008658s ]
INFO: [ app_begin ] --START--
INFO: ReadHtmlCache Behavior ::run [ RunTime:0.002378s ]
INFO: [ app_begin ] --END-- [ RunTime:0.003455s ]
SQL: SHOW COLUMNS FROM `think_form` [ RunTime:0.004736s ]
SQL: SELECT * FROM `think_form` WHERE ( `id` = 1 ) LIMIT 1   [ RunTime:0.000756s ]
SQL: SELECT `title` FROM `think_form` WHERE ( id=1	 ) LIMIT 1   [ RunTime:0.000455s ]
INFO: [ view_parse ] --START--
INFO: ParseTemplate Behavior ::run [ RunTime:0.033737s ]
INFO: [ view_parse ] --END-- [ RunTime:0.034109s ]
INFO: [ view_filter ] --START--
INFO: ContentReplace Behavior ::run [ RunTime:0.001721s ]
INFO: TokenBuild Behavior ::run [ RunTime:0.003988s ]
INFO: WriteHtmlCache Behavior ::run [ RunTime:0.003798s ]
INFO: ShowRuntime Behavior ::run [ RunTime:0.004186s ]
INFO: [ view_filter ] --END-- [ RunTime:0.014443s ]
INFO: [ view_end ] --START--
INFO: ShowPageTrace Behavior ::run [ RunTime:0.004432s ]
INFO: [ view_end ] --END-- [ RunTime:0.004703s ]

[ 2014-03-09T22:41:33+08:00 ] 127.0.0.1 /test/index.php/Form/read/id/1
INFO: [ route_check ] --START--
INFO: CheckRoute Behavior ::run [ RunTime:0.003866s ]
INFO: [ route_check ] --END-- [ RunTime:0.004091s ]
INFO: [ app_begin ] --START--
INFO: ReadHtmlCache Behavior ::run [ RunTime:0.001227s ]
INFO: [ app_begin ] --END-- [ RunTime:0.001393s ]
SQL: SHOW COLUMNS FROM `think_form` [ RunTime:0.003166s ]
SQL: SELECT * FROM `think_form` WHERE ( `id` = 1 ) LIMIT 1   [ RunTime:0.000679s ]
SQL: SELECT `title` FROM `think_form` WHERE ( id=1	 ) LIMIT 1   [ RunTime:0.000351s ]
INFO: [ view_parse ] --START--
INFO: ParseTemplate Behavior ::run [ RunTime:0.028326s ]
INFO: [ view_parse ] --END-- [ RunTime:0.028663s ]
INFO: [ view_filter ] --START--
INFO: ContentReplace Behavior ::run [ RunTime:0.001634s ]
INFO: TokenBuild Behavior ::run [ RunTime:0.003882s ]
INFO: WriteHtmlCache Behavior ::run [ RunTime:0.002553s ]
INFO: ShowRuntime Behavior ::run [ RunTime:0.003712s ]
INFO: [ view_filter ] --END-- [ RunTime:0.012493s ]
INFO: [ view_end ] --START--
INFO: ShowPageTrace Behavior ::run [ RunTime:0.006028s ]
INFO: [ view_end ] --END-- [ RunTime:0.006305s ]

[ 2014-03-09T22:41:34+08:00 ] 127.0.0.1 /test/index.php/Form/read/id/1
INFO: [ route_check ] --START--
INFO: CheckRoute Behavior ::run [ RunTime:0.008150s ]
INFO: [ route_check ] --END-- [ RunTime:0.008464s ]
INFO: [ app_begin ] --START--
INFO: ReadHtmlCache Behavior ::run [ RunTime:0.001913s ]
INFO: [ app_begin ] --END-- [ RunTime:0.002310s ]
SQL: SHOW COLUMNS FROM `think_form` [ RunTime:0.004674s ]
SQL: SELECT * FROM `think_form` WHERE ( `id` = 1 ) LIMIT 1   [ RunTime:0.001013s ]
SQL: SELECT `title` FROM `think_form` WHERE ( id=1	 ) LIMIT 1   [ RunTime:0.000497s ]
INFO: [ view_parse ] --START--
INFO: ParseTemplate Behavior ::run [ RunTime:0.033851s ]
INFO: [ view_parse ] --END-- [ RunTime:0.034215s ]
INFO: [ view_filter ] --START--
INFO: ContentReplace Behavior ::run [ RunTime:0.002212s ]
INFO: TokenBuild Behavior ::run [ RunTime:0.004940s ]
INFO: WriteHtmlCache Behavior ::run [ RunTime:0.004191s ]
INFO: ShowRuntime Behavior ::run [ RunTime:0.004282s ]
INFO: [ view_filter ] --END-- [ RunTime:0.016538s ]
INFO: [ view_end ] --START--
INFO: ShowPageTrace Behavior ::run [ RunTime:0.004711s ]
INFO: [ view_end ] --END-- [ RunTime:0.004971s ]

[ 2014-03-09T22:41:44+08:00 ] 127.0.0.1 /test/index.php/Form/read/id/1
INFO: [ route_check ] --START--
INFO: CheckRoute Behavior ::run [ RunTime:0.006868s ]
INFO: [ route_check ] --END-- [ RunTime:0.007156s ]
INFO: [ app_begin ] --START--
INFO: ReadHtmlCache Behavior ::run [ RunTime:0.004050s ]
INFO: [ app_begin ] --END-- [ RunTime:0.004350s ]
SQL: SHOW COLUMNS FROM `think_form` [ RunTime:0.004896s ]
SQL: SELECT * FROM `think_form` WHERE ( `id` = 1 ) LIMIT 1   [ RunTime:0.000881s ]
SQL: SELECT `title` FROM `think_form` WHERE ( id=1	 ) LIMIT 1   [ RunTime:0.000596s ]
INFO: [ view_parse ] --START--
INFO: ParseTemplate Behavior ::run [ RunTime:0.037979s ]
INFO: [ view_parse ] --END-- [ RunTime:0.038259s ]
INFO: [ view_filter ] --START--
INFO: ContentReplace Behavior ::run [ RunTime:0.003173s ]
INFO: TokenBuild Behavior ::run [ RunTime:0.003925s ]
INFO: WriteHtmlCache Behavior ::run [ RunTime:0.003417s ]
INFO: ShowRuntime Behavior ::run [ RunTime:0.003349s ]
INFO: [ view_filter ] --END-- [ RunTime:0.014794s ]
INFO: [ view_end ] --START--
INFO: ShowPageTrace Behavior ::run [ RunTime:0.004312s ]
INFO: [ view_end ] --END-- [ RunTime:0.004545s ]

[ 2014-03-09T22:42:05+08:00 ] 127.0.0.1 /test/index.php/Form/read/id/1
INFO: [ route_check ] --START--
INFO: CheckRoute Behavior ::run [ RunTime:0.006660s ]
INFO: [ route_check ] --END-- [ RunTime:0.007088s ]
INFO: [ app_begin ] --START--
INFO: ReadHtmlCache Behavior ::run [ RunTime:0.004592s ]
INFO: [ app_begin ] --END-- [ RunTime:0.004885s ]
SQL: SHOW COLUMNS FROM `think_form` [ RunTime:0.005392s ]
SQL: SELECT * FROM `think_form` WHERE ( `id` = 1 ) LIMIT 1   [ RunTime:0.000676s ]
SQL: SELECT `title` FROM `think_form` WHERE ( id=1	 ) LIMIT 1   [ RunTime:0.000688s ]
INFO: [ view_parse ] --START--
INFO: ParseTemplate Behavior ::run [ RunTime:0.044757s ]
INFO: [ view_parse ] --END-- [ RunTime:0.045149s ]
INFO: [ view_filter ] --START--
INFO: ContentReplace Behavior ::run [ RunTime:0.003250s ]
INFO: TokenBuild Behavior ::run [ RunTime:0.004816s ]
INFO: WriteHtmlCache Behavior ::run [ RunTime:0.003839s ]
INFO: ShowRuntime Behavior ::run [ RunTime:0.004233s ]
INFO: [ view_filter ] --END-- [ RunTime:0.016975s ]
INFO: [ view_end ] --START--
INFO: ShowPageTrace Behavior ::run [ RunTime:0.004903s ]
INFO: [ view_end ] --END-- [ RunTime:0.005177s ]

[ 2014-03-09T22:42:21+08:00 ] 127.0.0.1 /test/index.php/Form/read/id/1
INFO: [ route_check ] --START--
INFO: CheckRoute Behavior ::run [ RunTime:0.007965s ]
INFO: [ route_check ] --END-- [ RunTime:0.008442s ]
INFO: [ app_begin ] --START--
INFO: ReadHtmlCache Behavior ::run [ RunTime:0.003211s ]
INFO: [ app_begin ] --END-- [ RunTime:0.003576s ]
SQL: SHOW COLUMNS FROM `think_form` [ RunTime:0.006019s ]
SQL: SELECT * FROM `think_form` WHERE ( `id` = 1 ) LIMIT 1   [ RunTime:0.000673s ]
SQL: SELECT `title` FROM `think_form` WHERE ( id=1	 ) LIMIT 1   [ RunTime:0.000566s ]
INFO: [ view_parse ] --START--
INFO: ParseTemplate Behavior ::run [ RunTime:0.032178s ]
INFO: [ view_parse ] --END-- [ RunTime:0.032551s ]
INFO: [ view_filter ] --START--
INFO: ContentReplace Behavior ::run [ RunTime:0.002075s ]
INFO: TokenBuild Behavior ::run [ RunTime:0.004514s ]
INFO: WriteHtmlCache Behavior ::run [ RunTime:0.003767s ]
INFO: ShowRuntime Behavior ::run [ RunTime:0.004128s ]
INFO: [ view_filter ] --END-- [ RunTime:0.015427s ]
INFO: [ view_end ] --START--
INFO: ShowPageTrace Behavior ::run [ RunTime:0.008248s ]
INFO: [ view_end ] --END-- [ RunTime:0.008849s ]

[ 2014-03-09T22:42:28+08:00 ] 127.0.0.1 /test/index.php/Form/read/id/1
INFO: [ route_check ] --START--
INFO: CheckRoute Behavior ::run [ RunTime:0.004721s ]
INFO: [ route_check ] --END-- [ RunTime:0.005053s ]
INFO: [ app_begin ] --START--
INFO: ReadHtmlCache Behavior ::run [ RunTime:0.001598s ]
INFO: [ app_begin ] --END-- [ RunTime:0.001805s ]
SQL: SHOW COLUMNS FROM `think_form` [ RunTime:0.004615s ]
SQL: SELECT * FROM `think_form` WHERE ( `id` = 1 ) LIMIT 1   [ RunTime:0.000875s ]
SQL: SELECT `title` FROM `think_form` WHERE ( id=1	 ) LIMIT 1   [ RunTime:0.000538s ]
INFO: [ view_parse ] --START--
INFO: ParseTemplate Behavior ::run [ RunTime:0.027615s ]
INFO: [ view_parse ] --END-- [ RunTime:0.028021s ]
INFO: [ view_filter ] --START--
INFO: ContentReplace Behavior ::run [ RunTime:0.001514s ]
INFO: TokenBuild Behavior ::run [ RunTime:0.002916s ]
INFO: WriteHtmlCache Behavior ::run [ RunTime:0.002650s ]
INFO: ShowRuntime Behavior ::run [ RunTime:0.003299s ]
INFO: [ view_filter ] --END-- [ RunTime:0.010988s ]
INFO: [ view_end ] --START--
INFO: ShowPageTrace Behavior ::run [ RunTime:0.003892s ]
INFO: [ view_end ] --END-- [ RunTime:0.004114s ]

[ 2014-03-09T22:42:46+08:00 ] 127.0.0.1 /test/index.php/Form/read/id/1
INFO: [ route_check ] --START--
INFO: CheckRoute Behavior ::run [ RunTime:0.007804s ]
INFO: [ route_check ] --END-- [ RunTime:0.008160s ]
INFO: [ app_begin ] --START--
INFO: ReadHtmlCache Behavior ::run [ RunTime:0.005750s ]
INFO: [ app_begin ] --END-- [ RunTime:0.006073s ]
SQL: SHOW COLUMNS FROM `think_form` [ RunTime:0.004227s ]
SQL: SELECT * FROM `think_form` WHERE ( `id` = 1 ) LIMIT 1   [ RunTime:0.000780s ]
SQL: SELECT `title` FROM `think_form` WHERE ( id=1	 ) LIMIT 1   [ RunTime:0.000452s ]
INFO: [ view_parse ] --START--
INFO: ParseTemplate Behavior ::run [ RunTime:0.053490s ]
INFO: [ view_parse ] --END-- [ RunTime:0.053920s ]
INFO: [ view_filter ] --START--
INFO: ContentReplace Behavior ::run [ RunTime:0.008575s ]
INFO: TokenBuild Behavior ::run [ RunTime:0.008885s ]
INFO: WriteHtmlCache Behavior ::run [ RunTime:0.005280s ]
INFO: ShowRuntime Behavior ::run [ RunTime:0.007085s ]
INFO: [ view_filter ] --END-- [ RunTime:0.031073s ]
INFO: [ view_end ] --START--
INFO: ShowPageTrace Behavior ::run [ RunTime:0.028980s ]
INFO: [ view_end ] --END-- [ RunTime:0.029429s ]

[ 2014-03-09T22:42:59+08:00 ] 127.0.0.1 /test/index.php/Form/read/id/1
INFO: [ route_check ] --START--
INFO: CheckRoute Behavior ::run [ RunTime:0.006730s ]
INFO: [ route_check ] --END-- [ RunTime:0.007134s ]
INFO: [ app_begin ] --START--
INFO: ReadHtmlCache Behavior ::run [ RunTime:0.004316s ]
INFO: [ app_begin ] --END-- [ RunTime:0.004579s ]
SQL: SHOW COLUMNS FROM `think_form` [ RunTime:0.024076s ]
SQL: SELECT * FROM `think_form` WHERE ( `id` = 1 ) LIMIT 1   [ RunTime:0.000725s ]
SQL: SELECT `title` FROM `think_form` WHERE ( id=1	 ) LIMIT 1   [ RunTime:0.000471s ]
INFO: [ view_parse ] --START--
INFO: ParseTemplate Behavior ::run [ RunTime:0.047241s ]
INFO: [ view_parse ] --END-- [ RunTime:0.047604s ]
INFO: [ view_filter ] --START--
INFO: ContentReplace Behavior ::run [ RunTime:0.005301s ]
INFO: TokenBuild Behavior ::run [ RunTime:0.004652s ]
INFO: WriteHtmlCache Behavior ::run [ RunTime:0.004410s ]
INFO: ShowRuntime Behavior ::run [ RunTime:0.005181s ]
INFO: [ view_filter ] --END-- [ RunTime:0.020539s ]
INFO: [ view_end ] --START--
INFO: ShowPageTrace Behavior ::run [ RunTime:0.005882s ]
INFO: [ view_end ] --END-- [ RunTime:0.006229s ]

[ 2014-03-09T22:42:59+08:00 ] 127.0.0.1 /test/index.php/Form/read/id/1
INFO: [ route_check ] --START--
INFO: CheckRoute Behavior ::run [ RunTime:0.005236s ]
INFO: [ route_check ] --END-- [ RunTime:0.005617s ]
INFO: [ app_begin ] --START--
INFO: ReadHtmlCache Behavior ::run [ RunTime:0.002894s ]
INFO: [ app_begin ] --END-- [ RunTime:0.003133s ]
SQL: SHOW COLUMNS FROM `think_form` [ RunTime:0.003334s ]
SQL: SELECT * FROM `think_form` WHERE ( `id` = 1 ) LIMIT 1   [ RunTime:0.000596s ]
SQL: SELECT `title` FROM `think_form` WHERE ( id=1	 ) LIMIT 1   [ RunTime:0.000424s ]
INFO: [ view_parse ] --START--
INFO: ParseTemplate Behavior ::run [ RunTime:0.031020s ]
INFO: [ view_parse ] --END-- [ RunTime:0.031282s ]
INFO: [ view_filter ] --START--
INFO: ContentReplace Behavior ::run [ RunTime:0.002587s ]
INFO: TokenBuild Behavior ::run [ RunTime:0.002198s ]
INFO: WriteHtmlCache Behavior ::run [ RunTime:0.002172s ]
INFO: ShowRuntime Behavior ::run [ RunTime:0.002859s ]
INFO: [ view_filter ] --END-- [ RunTime:0.010304s ]
INFO: [ view_end ] --START--
INFO: ShowPageTrace Behavior ::run [ RunTime:0.002990s ]
INFO: [ view_end ] --END-- [ RunTime:0.003151s ]

[ 2014-03-09T22:46:52+08:00 ] 127.0.0.1 /test/index.php/Form/read/id/1
INFO: [ route_check ] --START--
INFO: CheckRoute Behavior ::run [ RunTime:0.010757s ]
INFO: [ route_check ] --END-- [ RunTime:0.011175s ]
INFO: [ app_begin ] --START--
INFO: ReadHtmlCache Behavior ::run [ RunTime:0.008154s ]
INFO: [ app_begin ] --END-- [ RunTime:0.008672s ]
SQL: SHOW COLUMNS FROM `think_form` [ RunTime:0.004201s ]
SQL: SELECT * FROM `think_form` WHERE ( `id` = 1 ) LIMIT 1   [ RunTime:0.000513s ]
SQL: SELECT `title` FROM `think_form` WHERE ( id=1	 ) LIMIT 1   [ RunTime:0.000473s ]
INFO: [ view_parse ] --START--
INFO: ParseTemplate Behavior ::run [ RunTime:0.046181s ]
INFO: [ view_parse ] --END-- [ RunTime:0.046538s ]
INFO: [ view_filter ] --START--
INFO: ContentReplace Behavior ::run [ RunTime:0.003275s ]
INFO: TokenBuild Behavior ::run [ RunTime:0.004148s ]
INFO: WriteHtmlCache Behavior ::run [ RunTime:0.004498s ]
INFO: ShowRuntime Behavior ::run [ RunTime:0.004207s ]
INFO: [ view_filter ] --END-- [ RunTime:0.017321s ]
INFO: [ view_end ] --START--
INFO: ShowPageTrace Behavior ::run [ RunTime:0.008383s ]
INFO: [ view_end ] --END-- [ RunTime:0.008702s ]

[ 2014-03-09T22:46:52+08:00 ] 127.0.0.1 /test/index.php/Form/read/id/1
INFO: [ route_check ] --START--
INFO: CheckRoute Behavior ::run [ RunTime:0.004287s ]
INFO: [ route_check ] --END-- [ RunTime:0.004576s ]
INFO: [ app_begin ] --START--
INFO: ReadHtmlCache Behavior ::run [ RunTime:0.002095s ]
INFO: [ app_begin ] --END-- [ RunTime:0.002630s ]
SQL: SHOW COLUMNS FROM `think_form` [ RunTime:0.003242s ]
SQL: SELECT * FROM `think_form` WHERE ( `id` = 1 ) LIMIT 1   [ RunTime:0.000667s ]
SQL: SELECT `title` FROM `think_form` WHERE ( id=1	 ) LIMIT 1   [ RunTime:0.000377s ]
INFO: [ view_parse ] --START--
INFO: ParseTemplate Behavior ::run [ RunTime:0.027417s ]
INFO: [ view_parse ] --END-- [ RunTime:0.027730s ]
INFO: [ view_filter ] --START--
INFO: ContentReplace Behavior ::run [ RunTime:0.001535s ]
INFO: TokenBuild Behavior ::run [ RunTime:0.003206s ]
INFO: WriteHtmlCache Behavior ::run [ RunTime:0.002169s ]
INFO: ShowRuntime Behavior ::run [ RunTime:0.003074s ]
INFO: [ view_filter ] --END-- [ RunTime:0.010709s ]
INFO: [ view_end ] --START--
INFO: ShowPageTrace Behavior ::run [ RunTime:0.003875s ]
INFO: [ view_end ] --END-- [ RunTime:0.004082s ]

[ 2014-03-09T22:47:01+08:00 ] 127.0.0.1 /test/index.php/Form/read/id/1
INFO: [ route_check ] --START--
INFO: CheckRoute Behavior ::run [ RunTime:0.004305s ]
INFO: [ route_check ] --END-- [ RunTime:0.004574s ]
INFO: [ app_begin ] --START--
INFO: ReadHtmlCache Behavior ::run [ RunTime:0.004467s ]
INFO: [ app_begin ] --END-- [ RunTime:0.004809s ]
SQL: SHOW COLUMNS FROM `think_form` [ RunTime:0.004498s ]
SQL: SELECT * FROM `think_form` WHERE ( `id` = 1 ) LIMIT 1   [ RunTime:0.000974s ]
SQL: SELECT `title` FROM `think_form` WHERE ( id=1	 ) LIMIT 1   [ RunTime:0.000698s ]
INFO: [ view_parse ] --START--
INFO: ParseTemplate Behavior ::run [ RunTime:0.038566s ]
INFO: [ view_parse ] --END-- [ RunTime:0.038927s ]
INFO: [ view_filter ] --START--
INFO: ContentReplace Behavior ::run [ RunTime:0.004932s ]
INFO: TokenBuild Behavior ::run [ RunTime:0.004970s ]
INFO: WriteHtmlCache Behavior ::run [ RunTime:0.006474s ]
INFO: ShowRuntime Behavior ::run [ RunTime:0.005538s ]
INFO: [ view_filter ] --END-- [ RunTime:0.023148s ]
INFO: [ view_end ] --START--
INFO: ShowPageTrace Behavior ::run [ RunTime:0.005840s ]
INFO: [ view_end ] --END-- [ RunTime:0.006129s ]

[ 2014-03-09T22:47:09+08:00 ] 127.0.0.1 /test/index.php/Form/read/id/1
INFO: [ route_check ] --START--
INFO: CheckRoute Behavior ::run [ RunTime:0.008730s ]
INFO: [ route_check ] --END-- [ RunTime:0.009211s ]
INFO: [ app_begin ] --START--
INFO: ReadHtmlCache Behavior ::run [ RunTime:0.005291s ]
INFO: [ app_begin ] --END-- [ RunTime:0.005681s ]
SQL: SHOW COLUMNS FROM `think_form` [ RunTime:0.003862s ]
SQL: SELECT * FROM `think_form` WHERE ( `id` = 1 ) LIMIT 1   [ RunTime:0.000979s ]
SQL: SELECT `title` FROM `think_form` WHERE ( id=1	 ) LIMIT 1   [ RunTime:0.000450s ]
INFO: [ view_parse ] --START--
INFO: ParseTemplate Behavior ::run [ RunTime:0.033602s ]
INFO: [ view_parse ] --END-- [ RunTime:0.033989s ]
INFO: [ view_filter ] --START--
INFO: ContentReplace Behavior ::run [ RunTime:0.004423s ]
INFO: TokenBuild Behavior ::run [ RunTime:0.002831s ]
INFO: WriteHtmlCache Behavior ::run [ RunTime:0.003478s ]
INFO: ShowRuntime Behavior ::run [ RunTime:0.003914s ]
INFO: [ view_filter ] --END-- [ RunTime:0.015510s ]
INFO: [ view_end ] --START--
INFO: ShowPageTrace Behavior ::run [ RunTime:0.004974s ]
INFO: [ view_end ] --END-- [ RunTime:0.005273s ]

[ 2014-03-09T22:47:14+08:00 ] 127.0.0.1 /test/index.php/Form/read/id/1
INFO: [ route_check ] --START--
INFO: CheckRoute Behavior ::run [ RunTime:0.007856s ]
INFO: [ route_check ] --END-- [ RunTime:0.008214s ]
INFO: [ app_begin ] --START--
INFO: ReadHtmlCache Behavior ::run [ RunTime:0.005281s ]
INFO: [ app_begin ] --END-- [ RunTime:0.005608s ]
SQL: SHOW COLUMNS FROM `think_form` [ RunTime:0.005225s ]
SQL: SELECT * FROM `think_form` WHERE ( `id` = 1 ) LIMIT 1   [ RunTime:0.001020s ]
SQL: SELECT `title` FROM `think_form` WHERE ( id=1	 ) LIMIT 1   [ RunTime:0.000517s ]
INFO: [ view_parse ] --START--
INFO: ParseTemplate Behavior ::run [ RunTime:0.035386s ]
INFO: [ view_parse ] --END-- [ RunTime:0.035708s ]
INFO: [ view_filter ] --START--
INFO: ContentReplace Behavior ::run [ RunTime:0.003063s ]
INFO: TokenBuild Behavior ::run [ RunTime:0.002467s ]
INFO: WriteHtmlCache Behavior ::run [ RunTime:0.005213s ]
INFO: ShowRuntime Behavior ::run [ RunTime:0.004347s ]
INFO: [ view_filter ] --END-- [ RunTime:0.015901s ]
INFO: [ view_end ] --START--
INFO: ShowPageTrace Behavior ::run [ RunTime:0.006723s ]
INFO: [ view_end ] --END-- [ RunTime:0.007131s ]

[ 2014-03-09T23:02:18+08:00 ] 127.0.0.1 /test/index.php/Form/edit
INFO: [ route_check ] --START--
INFO: CheckRoute Behavior ::run [ RunTime:0.004606s ]
INFO: [ route_check ] --END-- [ RunTime:0.004882s ]
INFO: [ app_begin ] --START--
INFO: ReadHtmlCache Behavior ::run [ RunTime:0.003237s ]
INFO: [ app_begin ] --END-- [ RunTime:0.003559s ]
SQL: SHOW COLUMNS FROM `think_form` [ RunTime:0.004716s ]
SQL: SELECT * FROM `think_form` WHERE ( `id` = 0 ) LIMIT 1   [ RunTime:0.000781s ]
INFO: [ view_parse ] --START--
INFO: ParseTemplate Behavior ::run [ RunTime:0.031568s ]
INFO: [ view_parse ] --END-- [ RunTime:0.031860s ]
INFO: [ view_filter ] --START--
INFO: ContentReplace Behavior ::run [ RunTime:0.001944s ]
INFO: TokenBuild Behavior ::run [ RunTime:0.002837s ]
INFO: WriteHtmlCache Behavior ::run [ RunTime:0.004638s ]
INFO: ShowRuntime Behavior ::run [ RunTime:0.003747s ]
INFO: [ view_filter ] --END-- [ RunTime:0.013864s ]
INFO: [ view_end ] --START--
INFO: ShowPageTrace Behavior ::run [ RunTime:0.003579s ]
INFO: [ view_end ] --END-- [ RunTime:0.003783s ]

[ 2014-03-09T23:02:24+08:00 ] 127.0.0.1 /test/index.php/Form/update
INFO: [ route_check ] --START--
INFO: CheckRoute Behavior ::run [ RunTime:0.004330s ]
INFO: [ route_check ] --END-- [ RunTime:0.004603s ]
INFO: [ app_begin ] --START--
INFO: ReadHtmlCache Behavior ::run [ RunTime:0.003450s ]
INFO: [ app_begin ] --END-- [ RunTime:0.003706s ]
SQL: SHOW COLUMNS FROM `think_form` [ RunTime:0.004892s ]
SQL: UPDATE `think_form` SET `title`='asdasda',`content`='asdasd',`create_time`=1394377344 WHERE ( `id` = 0 ) [ RunTime:0.000498s ]
INFO: [ view_parse ] --START--
INFO: ParseTemplate Behavior ::run [ RunTime:0.063640s ]
INFO: [ view_parse ] --END-- [ RunTime:0.064012s ]
INFO: [ view_filter ] --START--
INFO: ContentReplace Behavior ::run [ RunTime:0.002869s ]
INFO: TokenBuild Behavior ::run [ RunTime:0.003394s ]
INFO: WriteHtmlCache Behavior ::run [ RunTime:0.002540s ]
INFO: ShowRuntime Behavior ::run [ RunTime:0.003500s ]
INFO: [ view_filter ] --END-- [ RunTime:0.012963s ]
INFO: [ view_end ] --START--
INFO: ShowPageTrace Behavior ::run [ RunTime:0.004078s ]
INFO: [ view_end ] --END-- [ RunTime:0.004300s ]

[ 2014-03-09T23:02:36+08:00 ] 127.0.0.1 /test/index.php/Form/update
INFO: [ route_check ] --START--
INFO: CheckRoute Behavior ::run [ RunTime:0.006458s ]
INFO: [ route_check ] --END-- [ RunTime:0.007068s ]
INFO: [ app_begin ] --START--
INFO: ReadHtmlCache Behavior ::run [ RunTime:0.005307s ]
INFO: [ app_begin ] --END-- [ RunTime:0.005650s ]
SQL: SHOW COLUMNS FROM `think_form` [ RunTime:0.004269s ]
SQL: UPDATE `think_form` SET `title`='test',`content`='asdasd',`create_time`=1394377356 WHERE ( `id` = 0 ) [ RunTime:0.000421s ]
INFO: [ view_parse ] --START--
INFO: ParseTemplate Behavior ::run [ RunTime:0.039286s ]
INFO: [ view_parse ] --END-- [ RunTime:0.039593s ]
INFO: [ view_filter ] --START--
INFO: ContentReplace Behavior ::run [ RunTime:0.003180s ]
INFO: TokenBuild Behavior ::run [ RunTime:0.003177s ]
INFO: WriteHtmlCache Behavior ::run [ RunTime:0.002490s ]
INFO: ShowRuntime Behavior ::run [ RunTime:0.003295s ]
INFO: [ view_filter ] --END-- [ RunTime:0.012911s ]
INFO: [ view_end ] --START--
INFO: ShowPageTrace Behavior ::run [ RunTime:0.003859s ]
INFO: [ view_end ] --END-- [ RunTime:0.004081s ]

[ 2014-03-09T23:02:58+08:00 ] 127.0.0.1 /test/index.php/Form/edit/id/1
INFO: [ route_check ] --START--
INFO: CheckRoute Behavior ::run [ RunTime:0.005826s ]
INFO: [ route_check ] --END-- [ RunTime:0.006410s ]
INFO: [ app_begin ] --START--
INFO: ReadHtmlCache Behavior ::run [ RunTime:0.004119s ]
INFO: [ app_begin ] --END-- [ RunTime:0.004503s ]
SQL: SHOW COLUMNS FROM `think_form` [ RunTime:0.005132s ]
SQL: SELECT * FROM `think_form` WHERE ( `id` = 1 ) LIMIT 1   [ RunTime:0.000953s ]
INFO: [ view_parse ] --START--
INFO: ParseTemplate Behavior ::run [ RunTime:0.028018s ]
INFO: [ view_parse ] --END-- [ RunTime:0.028461s ]
INFO: [ view_filter ] --START--
INFO: ContentReplace Behavior ::run [ RunTime:0.002747s ]
INFO: TokenBuild Behavior ::run [ RunTime:0.004667s ]
INFO: WriteHtmlCache Behavior ::run [ RunTime:0.004076s ]
INFO: ShowRuntime Behavior ::run [ RunTime:0.005112s ]
INFO: [ view_filter ] --END-- [ RunTime:0.017566s ]
INFO: [ view_end ] --START--
INFO: ShowPageTrace Behavior ::run [ RunTime:0.003621s ]
INFO: [ view_end ] --END-- [ RunTime:0.003822s ]

[ 2014-03-09T23:03:04+08:00 ] 127.0.0.1 /test/index.php/Form/update
INFO: [ route_check ] --START--
INFO: CheckRoute Behavior ::run [ RunTime:0.006398s ]
INFO: [ route_check ] --END-- [ RunTime:0.006735s ]
INFO: [ app_begin ] --START--
INFO: ReadHtmlCache Behavior ::run [ RunTime:0.004179s ]
INFO: [ app_begin ] --END-- [ RunTime:0.004456s ]
SQL: SHOW COLUMNS FROM `think_form` [ RunTime:0.003655s ]
SQL: UPDATE `think_form` SET `title`='test',`content`='sdfsd' WHERE ( `id` = 1 ) [ RunTime:0.001188s ]
INFO: [ view_parse ] --START--
INFO: ParseTemplate Behavior ::run [ RunTime:0.037807s ]
INFO: [ view_parse ] --END-- [ RunTime:0.038099s ]
INFO: [ view_filter ] --START--
INFO: ContentReplace Behavior ::run [ RunTime:0.005125s ]
INFO: TokenBuild Behavior ::run [ RunTime:0.004537s ]
INFO: WriteHtmlCache Behavior ::run [ RunTime:0.002882s ]
INFO: ShowRuntime Behavior ::run [ RunTime:0.003496s ]
INFO: [ view_filter ] --END-- [ RunTime:0.016981s ]
INFO: [ view_end ] --START--
INFO: ShowPageTrace Behavior ::run [ RunTime:0.007165s ]
INFO: [ view_end ] --END-- [ RunTime:0.007517s ]

[ 2014-03-09T23:03:05+08:00 ] 127.0.0.1 /test/index.php/Form/edit/id/1
INFO: [ route_check ] --START--
INFO: CheckRoute Behavior ::run [ RunTime:0.005429s ]
INFO: [ route_check ] --END-- [ RunTime:0.005829s ]
INFO: [ app_begin ] --START--
INFO: ReadHtmlCache Behavior ::run [ RunTime:0.004307s ]
INFO: [ app_begin ] --END-- [ RunTime:0.004603s ]
SQL: SHOW COLUMNS FROM `think_form` [ RunTime:0.003722s ]
SQL: SELECT * FROM `think_form` WHERE ( `id` = 1 ) LIMIT 1   [ RunTime:0.000521s ]
INFO: [ view_parse ] --START--
INFO: ParseTemplate Behavior ::run [ RunTime:0.044556s ]
INFO: [ view_parse ] --END-- [ RunTime:0.044840s ]
INFO: [ view_filter ] --START--
INFO: ContentReplace Behavior ::run [ RunTime:0.002820s ]
INFO: TokenBuild Behavior ::run [ RunTime:0.002744s ]
INFO: WriteHtmlCache Behavior ::run [ RunTime:0.003130s ]
INFO: ShowRuntime Behavior ::run [ RunTime:0.004461s ]
INFO: [ view_filter ] --END-- [ RunTime:0.013955s ]
INFO: [ view_end ] --START--
INFO: ShowPageTrace Behavior ::run [ RunTime:0.003708s ]
INFO: [ view_end ] --END-- [ RunTime:0.003919s ]

