[ 2014-03-30T00:00:41+08:00 ] 127.0.0.1 /test/index.php/Show/my_fav
INFO: [ app_begin ] --START--
INFO: ReadHtmlCache Behavior ::run [ RunTime:0.001553s ]
INFO: [ app_begin ] --END-- [ RunTime:0.001745s ]
SQL: SHOW COLUMNS FROM `maxiaohao_tempuser` [ RunTime:0.005265s ]
SQL: SHOW COLUMNS FROM `maxiaohao_user` [ RunTime:0.004107s ]
SQL: SELECT * FROM `maxiaohao_tempuser` WHERE ( openid='1s31a4' ) LIMIT 1   [ RunTime:0.001002s ]
SQL: SELECT * FROM `maxiaohao_user` WHERE ( openid='1s31a4' ) LIMIT 1   [ RunTime:0.000969s ]

[ 2014-03-30T00:00:59+08:00 ] 127.0.0.1 /test/index.php/Show/my_fav
INFO: [ app_begin ] --START--
INFO: ReadHtmlCache Behavior ::run [ RunTime:0.002715s ]
INFO: [ app_begin ] --END-- [ RunTime:0.002937s ]
SQL: SHOW COLUMNS FROM `maxiaohao_tempuser` [ RunTime:0.004857s ]
SQL: SHOW COLUMNS FROM `maxiaohao_user` [ RunTime:0.005068s ]
SQL: SELECT * FROM `maxiaohao_tempuser` WHERE ( openid='1s31a4' ) LIMIT 1   [ RunTime:0.000795s ]
SQL: SELECT * FROM `maxiaohao_user` WHERE ( openid='1s31a4' ) LIMIT 1   [ RunTime:0.000541s ]

[ 2014-03-30T00:35:04+08:00 ] 127.0.0.1 /test/index.php/Show/my_fav
INFO: [ app_begin ] --START--
INFO: ReadHtmlCache Behavior ::run [ RunTime:0.002638s ]
INFO: [ app_begin ] --END-- [ RunTime:0.002847s ]
SQL: SHOW COLUMNS FROM `maxiaohao_tempuser` [ RunTime:0.005210s ]
SQL: SHOW COLUMNS FROM `maxiaohao_user` [ RunTime:0.004172s ]
SQL: SELECT * FROM `maxiaohao_tempuser` WHERE ( openid='1s31a4' ) LIMIT 1   [ RunTime:0.000796s ]
SQL: SELECT * FROM `maxiaohao_user` WHERE ( openid='1s31a4' ) LIMIT 1   [ RunTime:0.000591s ]

[ 2014-03-30T00:40:34+08:00 ] 127.0.0.1 /test/index.php/Show/my_fav
INFO: [ app_begin ] --START--
INFO: ReadHtmlCache Behavior ::run [ RunTime:0.003878s ]
INFO: [ app_begin ] --END-- [ RunTime:0.004253s ]
SQL: SHOW COLUMNS FROM `maxiaohao_tempuser` [ RunTime:0.004877s ]
SQL: SHOW COLUMNS FROM `maxiaohao_user` [ RunTime:0.004504s ]
SQL: SELECT * FROM `maxiaohao_tempuser` WHERE ( openid='1s31a4' ) LIMIT 1   [ RunTime:0.000730s ]
SQL: SELECT * FROM `maxiaohao_user` WHERE ( openid='1s31a4' ) LIMIT 1   [ RunTime:0.000514s ]

[ 2014-03-30T00:40:36+08:00 ] 127.0.0.1 /test/index.php/Show/my_fav
INFO: [ app_begin ] --START--
INFO: ReadHtmlCache Behavior ::run [ RunTime:0.001740s ]
INFO: [ app_begin ] --END-- [ RunTime:0.002007s ]
SQL: SHOW COLUMNS FROM `maxiaohao_tempuser` [ RunTime:0.004140s ]
SQL: SHOW COLUMNS FROM `maxiaohao_user` [ RunTime:0.005716s ]
SQL: SELECT * FROM `maxiaohao_tempuser` WHERE ( openid='1s31a4' ) LIMIT 1   [ RunTime:0.001070s ]
SQL: SELECT * FROM `maxiaohao_user` WHERE ( openid='1s31a4' ) LIMIT 1   [ RunTime:0.000642s ]

[ 2014-03-30T00:40:44+08:00 ] 127.0.0.1 /test/index.php/Show/my_fav
INFO: [ app_begin ] --START--
INFO: ReadHtmlCache Behavior ::run [ RunTime:0.001567s ]
INFO: [ app_begin ] --END-- [ RunTime:0.001758s ]
SQL: SHOW COLUMNS FROM `maxiaohao_tempuser` [ RunTime:0.004349s ]
SQL: SHOW COLUMNS FROM `maxiaohao_user` [ RunTime:0.006236s ]
SQL: SELECT * FROM `maxiaohao_tempuser` WHERE ( openid='1s31a4' ) LIMIT 1   [ RunTime:0.000999s ]
SQL: SELECT * FROM `maxiaohao_user` WHERE ( openid='1s31a4' ) LIMIT 1   [ RunTime:0.000575s ]

