[ 2014-03-21T00:56:48+08:00 ] 127.0.0.1 /test/index.php/Show/my_fav
ERR: 非法操作:my_fav

[ 2014-03-21T00:57:16+08:00 ] 127.0.0.1 /test/index.php/Show/my_fav
ERR: 非法操作:my_fav

[ 2014-03-21T11:47:44+08:00 ] 127.0.0.1 /test/index.php/Show
ERR: 非法操作:index

[ 2014-03-21T12:49:38+08:00 ] 127.0.0.1 /test/index.php/Show/newWechat
INFO: [ app_begin ] --START--
INFO: ReadHtmlCache Behavior ::run [ RunTime:0.002608s ]
INFO: [ app_begin ] --END-- [ RunTime:0.002840s ]
SQL: SHOW COLUMNS FROM `maxiaohao_user` [ RunTime:0.004572s ]
SQL: INSERT INTO `maxiaohao_user` (`wechat`,`openid`) VALUES ('add','13131') [ RunTime:0.001624s ]
NOTIC: [2] Missing argument 1 for Action::ajaxReturn(), called in D:\AppServ\www\test\Maxiaohao\Lib\Action\ShowAction.class.php on line 45 and defined D:\AppServ\www\test\ThinkPHP\Lib\Core\Action.class.php 第 306 行.
NOTIC: [8] Undefined variable: data D:\AppServ\www\test\ThinkPHP\Lib\Core\Action.class.php 第 322 行.

[ 2014-03-21T12:49:39+08:00 ] 127.0.0.1 /test/index.php/Show/newWechat
INFO: [ app_begin ] --START--
INFO: ReadHtmlCache Behavior ::run [ RunTime:0.002212s ]
INFO: [ app_begin ] --END-- [ RunTime:0.002500s ]
SQL: SHOW COLUMNS FROM `maxiaohao_user` [ RunTime:0.006011s ]
SQL: INSERT INTO `maxiaohao_user` (`wechat`,`openid`) VALUES ('add','13131') [ RunTime:0.001632s ]
NOTIC: [2] Missing argument 1 for Action::ajaxReturn(), called in D:\AppServ\www\test\Maxiaohao\Lib\Action\ShowAction.class.php on line 45 and defined D:\AppServ\www\test\ThinkPHP\Lib\Core\Action.class.php 第 306 行.
NOTIC: [8] Undefined variable: data D:\AppServ\www\test\ThinkPHP\Lib\Core\Action.class.php 第 322 行.

[ 2014-03-21T12:49:40+08:00 ] 127.0.0.1 /test/index.php/Show/newWechat
INFO: [ app_begin ] --START--
INFO: ReadHtmlCache Behavior ::run [ RunTime:0.002148s ]
INFO: [ app_begin ] --END-- [ RunTime:0.002419s ]
SQL: SHOW COLUMNS FROM `maxiaohao_user` [ RunTime:0.005092s ]
SQL: INSERT INTO `maxiaohao_user` (`wechat`,`openid`) VALUES ('add','13131') [ RunTime:0.001134s ]
NOTIC: [2] Missing argument 1 for Action::ajaxReturn(), called in D:\AppServ\www\test\Maxiaohao\Lib\Action\ShowAction.class.php on line 45 and defined D:\AppServ\www\test\ThinkPHP\Lib\Core\Action.class.php 第 306 行.
NOTIC: [8] Undefined variable: data D:\AppServ\www\test\ThinkPHP\Lib\Core\Action.class.php 第 322 行.

[ 2014-03-21T12:49:57+08:00 ] 127.0.0.1 /test/index.php/Show/newWechat
INFO: [ app_begin ] --START--
INFO: ReadHtmlCache Behavior ::run [ RunTime:0.001815s ]
INFO: [ app_begin ] --END-- [ RunTime:0.002090s ]
SQL: SHOW COLUMNS FROM `maxiaohao_user` [ RunTime:0.005122s ]
SQL: INSERT INTO `maxiaohao_user` (`wechat`,`openid`) VALUES ('add','13131') [ RunTime:0.001578s ]
NOTIC: [2] Missing argument 1 for Action::ajaxReturn(), called in D:\AppServ\www\test\Maxiaohao\Lib\Action\ShowAction.class.php on line 45 and defined D:\AppServ\www\test\ThinkPHP\Lib\Core\Action.class.php 第 306 行.
NOTIC: [8] Undefined variable: data D:\AppServ\www\test\ThinkPHP\Lib\Core\Action.class.php 第 322 行.

[ 2014-03-21T12:49:58+08:00 ] 127.0.0.1 /test/index.php/Show/newWechat
INFO: [ app_begin ] --START--
INFO: ReadHtmlCache Behavior ::run [ RunTime:0.001584s ]
INFO: [ app_begin ] --END-- [ RunTime:0.001793s ]
SQL: SHOW COLUMNS FROM `maxiaohao_user` [ RunTime:0.004888s ]
SQL: INSERT INTO `maxiaohao_user` (`wechat`,`openid`) VALUES ('add','13131') [ RunTime:0.001231s ]
NOTIC: [2] Missing argument 1 for Action::ajaxReturn(), called in D:\AppServ\www\test\Maxiaohao\Lib\Action\ShowAction.class.php on line 45 and defined D:\AppServ\www\test\ThinkPHP\Lib\Core\Action.class.php 第 306 行.
NOTIC: [8] Undefined variable: data D:\AppServ\www\test\ThinkPHP\Lib\Core\Action.class.php 第 322 行.

[ 2014-03-21T12:49:58+08:00 ] 127.0.0.1 /test/index.php/Show/newWechat
INFO: [ app_begin ] --START--
INFO: ReadHtmlCache Behavior ::run [ RunTime:0.002116s ]
INFO: [ app_begin ] --END-- [ RunTime:0.002403s ]
SQL: SHOW COLUMNS FROM `maxiaohao_user` [ RunTime:0.004981s ]
SQL: INSERT INTO `maxiaohao_user` (`wechat`,`openid`) VALUES ('add','13131') [ RunTime:0.001294s ]
NOTIC: [2] Missing argument 1 for Action::ajaxReturn(), called in D:\AppServ\www\test\Maxiaohao\Lib\Action\ShowAction.class.php on line 45 and defined D:\AppServ\www\test\ThinkPHP\Lib\Core\Action.class.php 第 306 行.
NOTIC: [8] Undefined variable: data D:\AppServ\www\test\ThinkPHP\Lib\Core\Action.class.php 第 322 行.

[ 2014-03-21T12:58:45+08:00 ] 127.0.0.1 /test/index.php/Show/newWechat
INFO: [ app_begin ] --START--
INFO: ReadHtmlCache Behavior ::run [ RunTime:0.002906s ]
INFO: [ app_begin ] --END-- [ RunTime:0.003138s ]
SQL: SHOW COLUMNS FROM `maxiaohao_user` [ RunTime:0.006155s ]
SQL: INSERT INTO `maxiaohao_user` (`wechat`,`openid`) VALUES ('as','13131') [ RunTime:0.001288s ]
NOTIC: [2] Missing argument 1 for Action::ajaxReturn(), called in D:\AppServ\www\test\Maxiaohao\Lib\Action\ShowAction.class.php on line 45 and defined D:\AppServ\www\test\ThinkPHP\Lib\Core\Action.class.php 第 306 行.
NOTIC: [8] Undefined variable: data D:\AppServ\www\test\ThinkPHP\Lib\Core\Action.class.php 第 322 行.

[ 2014-03-21T12:58:46+08:00 ] 127.0.0.1 /test/index.php/Show/newWechat
INFO: [ app_begin ] --START--
INFO: ReadHtmlCache Behavior ::run [ RunTime:0.002280s ]
INFO: [ app_begin ] --END-- [ RunTime:0.002579s ]
SQL: SHOW COLUMNS FROM `maxiaohao_user` [ RunTime:0.005778s ]
SQL: INSERT INTO `maxiaohao_user` (`wechat`,`openid`) VALUES ('as','13131') [ RunTime:0.001493s ]
NOTIC: [2] Missing argument 1 for Action::ajaxReturn(), called in D:\AppServ\www\test\Maxiaohao\Lib\Action\ShowAction.class.php on line 45 and defined D:\AppServ\www\test\ThinkPHP\Lib\Core\Action.class.php 第 306 行.
NOTIC: [8] Undefined variable: data D:\AppServ\www\test\ThinkPHP\Lib\Core\Action.class.php 第 322 行.

[ 2014-03-21T12:59:00+08:00 ] 127.0.0.1 /test/index.php/Show/newWechat
INFO: [ app_begin ] --START--
INFO: ReadHtmlCache Behavior ::run [ RunTime:0.003131s ]
INFO: [ app_begin ] --END-- [ RunTime:0.003401s ]
SQL: SHOW COLUMNS FROM `maxiaohao_user` [ RunTime:0.006008s ]
SQL: INSERT INTO `maxiaohao_user` (`wechat`,`openid`) VALUES ('asasasasa','13131') [ RunTime:0.001477s ]
NOTIC: [2] Missing argument 1 for Action::ajaxReturn(), called in D:\AppServ\www\test\Maxiaohao\Lib\Action\ShowAction.class.php on line 45 and defined D:\AppServ\www\test\ThinkPHP\Lib\Core\Action.class.php 第 306 行.
NOTIC: [8] Undefined variable: data D:\AppServ\www\test\ThinkPHP\Lib\Core\Action.class.php 第 322 行.

[ 2014-03-21T12:59:00+08:00 ] 127.0.0.1 /test/index.php/Show/newWechat
INFO: [ app_begin ] --START--
INFO: ReadHtmlCache Behavior ::run [ RunTime:0.002007s ]
INFO: [ app_begin ] --END-- [ RunTime:0.002275s ]
SQL: SHOW COLUMNS FROM `maxiaohao_user` [ RunTime:0.006561s ]
SQL: INSERT INTO `maxiaohao_user` (`wechat`,`openid`) VALUES ('asasasasa','13131') [ RunTime:0.001783s ]
NOTIC: [2] Missing argument 1 for Action::ajaxReturn(), called in D:\AppServ\www\test\Maxiaohao\Lib\Action\ShowAction.class.php on line 45 and defined D:\AppServ\www\test\ThinkPHP\Lib\Core\Action.class.php 第 306 行.
NOTIC: [8] Undefined variable: data D:\AppServ\www\test\ThinkPHP\Lib\Core\Action.class.php 第 322 行.

[ 2014-03-21T12:59:01+08:00 ] 127.0.0.1 /test/index.php/Show/newWechat
INFO: [ app_begin ] --START--
INFO: ReadHtmlCache Behavior ::run [ RunTime:0.002797s ]
INFO: [ app_begin ] --END-- [ RunTime:0.003086s ]
SQL: SHOW COLUMNS FROM `maxiaohao_user` [ RunTime:0.005983s ]
SQL: INSERT INTO `maxiaohao_user` (`wechat`,`openid`) VALUES ('asasasasa','13131') [ RunTime:0.001231s ]
NOTIC: [2] Missing argument 1 for Action::ajaxReturn(), called in D:\AppServ\www\test\Maxiaohao\Lib\Action\ShowAction.class.php on line 45 and defined D:\AppServ\www\test\ThinkPHP\Lib\Core\Action.class.php 第 306 行.
NOTIC: [8] Undefined variable: data D:\AppServ\www\test\ThinkPHP\Lib\Core\Action.class.php 第 322 行.

[ 2014-03-21T13:05:12+08:00 ] 127.0.0.1 /test/index.php/Show/newWechat
INFO: [ app_begin ] --START--
INFO: ReadHtmlCache Behavior ::run [ RunTime:0.003049s ]
INFO: [ app_begin ] --END-- [ RunTime:0.003338s ]
SQL: SHOW COLUMNS FROM `maxiaohao_user` [ RunTime:0.008260s ]
SQL: INSERT INTO `maxiaohao_user` (`wechat`,`openid`) VALUES ('asasasasa','13131') [ RunTime:0.001154s ]
NOTIC: [2] Missing argument 1 for Action::ajaxReturn(), called in D:\AppServ\www\test\Maxiaohao\Lib\Action\ShowAction.class.php on line 45 and defined D:\AppServ\www\test\ThinkPHP\Lib\Core\Action.class.php 第 306 行.
NOTIC: [8] Undefined variable: data D:\AppServ\www\test\ThinkPHP\Lib\Core\Action.class.php 第 322 行.

[ 2014-03-21T13:05:12+08:00 ] 127.0.0.1 /test/index.php/Show/newWechat
INFO: [ app_begin ] --START--
INFO: ReadHtmlCache Behavior ::run [ RunTime:0.002171s ]
INFO: [ app_begin ] --END-- [ RunTime:0.002398s ]
SQL: SHOW COLUMNS FROM `maxiaohao_user` [ RunTime:0.004546s ]
SQL: INSERT INTO `maxiaohao_user` (`wechat`,`openid`) VALUES ('asasasasa','13131') [ RunTime:0.002028s ]
NOTIC: [2] Missing argument 1 for Action::ajaxReturn(), called in D:\AppServ\www\test\Maxiaohao\Lib\Action\ShowAction.class.php on line 45 and defined D:\AppServ\www\test\ThinkPHP\Lib\Core\Action.class.php 第 306 行.
NOTIC: [8] Undefined variable: data D:\AppServ\www\test\ThinkPHP\Lib\Core\Action.class.php 第 322 行.

[ 2014-03-21T13:05:12+08:00 ] 127.0.0.1 /test/index.php/Show/newWechat
INFO: [ app_begin ] --START--
INFO: ReadHtmlCache Behavior ::run [ RunTime:0.001914s ]
INFO: [ app_begin ] --END-- [ RunTime:0.002203s ]
SQL: SHOW COLUMNS FROM `maxiaohao_user` [ RunTime:0.006304s ]
SQL: INSERT INTO `maxiaohao_user` (`wechat`,`openid`) VALUES ('asasasasa','13131') [ RunTime:0.001422s ]
NOTIC: [2] Missing argument 1 for Action::ajaxReturn(), called in D:\AppServ\www\test\Maxiaohao\Lib\Action\ShowAction.class.php on line 45 and defined D:\AppServ\www\test\ThinkPHP\Lib\Core\Action.class.php 第 306 行.
NOTIC: [8] Undefined variable: data D:\AppServ\www\test\ThinkPHP\Lib\Core\Action.class.php 第 322 行.

[ 2014-03-21T13:05:12+08:00 ] 127.0.0.1 /test/index.php/Show/newWechat
INFO: [ app_begin ] --START--
INFO: ReadHtmlCache Behavior ::run [ RunTime:0.002448s ]
INFO: [ app_begin ] --END-- [ RunTime:0.002783s ]
SQL: SHOW COLUMNS FROM `maxiaohao_user` [ RunTime:0.005064s ]
SQL: INSERT INTO `maxiaohao_user` (`wechat`,`openid`) VALUES ('asasasasa','13131') [ RunTime:0.001289s ]
NOTIC: [2] Missing argument 1 for Action::ajaxReturn(), called in D:\AppServ\www\test\Maxiaohao\Lib\Action\ShowAction.class.php on line 45 and defined D:\AppServ\www\test\ThinkPHP\Lib\Core\Action.class.php 第 306 行.
NOTIC: [8] Undefined variable: data D:\AppServ\www\test\ThinkPHP\Lib\Core\Action.class.php 第 322 行.

[ 2014-03-21T13:05:12+08:00 ] 127.0.0.1 /test/index.php/Show/newWechat
INFO: [ app_begin ] --START--
INFO: ReadHtmlCache Behavior ::run [ RunTime:0.002111s ]
INFO: [ app_begin ] --END-- [ RunTime:0.002802s ]
SQL: SHOW COLUMNS FROM `maxiaohao_user` [ RunTime:0.004296s ]
SQL: INSERT INTO `maxiaohao_user` (`wechat`,`openid`) VALUES ('asasasasa','13131') [ RunTime:0.001133s ]
NOTIC: [2] Missing argument 1 for Action::ajaxReturn(), called in D:\AppServ\www\test\Maxiaohao\Lib\Action\ShowAction.class.php on line 45 and defined D:\AppServ\www\test\ThinkPHP\Lib\Core\Action.class.php 第 306 行.
NOTIC: [8] Undefined variable: data D:\AppServ\www\test\ThinkPHP\Lib\Core\Action.class.php 第 322 行.

[ 2014-03-21T13:05:12+08:00 ] 127.0.0.1 /test/index.php/Show/newWechat
INFO: [ app_begin ] --START--
INFO: ReadHtmlCache Behavior ::run [ RunTime:0.001880s ]
INFO: [ app_begin ] --END-- [ RunTime:0.002174s ]
SQL: SHOW COLUMNS FROM `maxiaohao_user` [ RunTime:0.004818s ]
SQL: INSERT INTO `maxiaohao_user` (`wechat`,`openid`) VALUES ('asasasasa','13131') [ RunTime:0.001257s ]
NOTIC: [2] Missing argument 1 for Action::ajaxReturn(), called in D:\AppServ\www\test\Maxiaohao\Lib\Action\ShowAction.class.php on line 45 and defined D:\AppServ\www\test\ThinkPHP\Lib\Core\Action.class.php 第 306 行.
NOTIC: [8] Undefined variable: data D:\AppServ\www\test\ThinkPHP\Lib\Core\Action.class.php 第 322 行.

[ 2014-03-21T13:05:13+08:00 ] 127.0.0.1 /test/index.php/Show/newWechat
INFO: [ app_begin ] --START--
INFO: ReadHtmlCache Behavior ::run [ RunTime:0.001846s ]
INFO: [ app_begin ] --END-- [ RunTime:0.002067s ]
SQL: SHOW COLUMNS FROM `maxiaohao_user` [ RunTime:0.004615s ]
SQL: INSERT INTO `maxiaohao_user` (`wechat`,`openid`) VALUES ('asasasasa','13131') [ RunTime:0.001246s ]
NOTIC: [2] Missing argument 1 for Action::ajaxReturn(), called in D:\AppServ\www\test\Maxiaohao\Lib\Action\ShowAction.class.php on line 45 and defined D:\AppServ\www\test\ThinkPHP\Lib\Core\Action.class.php 第 306 行.
NOTIC: [8] Undefined variable: data D:\AppServ\www\test\ThinkPHP\Lib\Core\Action.class.php 第 322 行.

[ 2014-03-21T13:05:13+08:00 ] 127.0.0.1 /test/index.php/Show/newWechat
INFO: [ app_begin ] --START--
INFO: ReadHtmlCache Behavior ::run [ RunTime:0.001746s ]
INFO: [ app_begin ] --END-- [ RunTime:0.001964s ]
SQL: SHOW COLUMNS FROM `maxiaohao_user` [ RunTime:0.003934s ]
SQL: INSERT INTO `maxiaohao_user` (`wechat`,`openid`) VALUES ('asasasasa','13131') [ RunTime:0.000979s ]
NOTIC: [2] Missing argument 1 for Action::ajaxReturn(), called in D:\AppServ\www\test\Maxiaohao\Lib\Action\ShowAction.class.php on line 45 and defined D:\AppServ\www\test\ThinkPHP\Lib\Core\Action.class.php 第 306 行.
NOTIC: [8] Undefined variable: data D:\AppServ\www\test\ThinkPHP\Lib\Core\Action.class.php 第 322 行.

[ 2014-03-21T13:05:13+08:00 ] 127.0.0.1 /test/index.php/Show/newWechat
INFO: [ app_begin ] --START--
INFO: ReadHtmlCache Behavior ::run [ RunTime:0.002149s ]
INFO: [ app_begin ] --END-- [ RunTime:0.002432s ]
SQL: SHOW COLUMNS FROM `maxiaohao_user` [ RunTime:0.004766s ]
SQL: INSERT INTO `maxiaohao_user` (`wechat`,`openid`) VALUES ('asasasasa','13131') [ RunTime:0.003777s ]
NOTIC: [2] Missing argument 1 for Action::ajaxReturn(), called in D:\AppServ\www\test\Maxiaohao\Lib\Action\ShowAction.class.php on line 45 and defined D:\AppServ\www\test\ThinkPHP\Lib\Core\Action.class.php 第 306 行.
NOTIC: [8] Undefined variable: data D:\AppServ\www\test\ThinkPHP\Lib\Core\Action.class.php 第 322 行.

[ 2014-03-21T13:05:13+08:00 ] 127.0.0.1 /test/index.php/Show/newWechat
INFO: [ app_begin ] --START--
INFO: ReadHtmlCache Behavior ::run [ RunTime:0.001275s ]
INFO: [ app_begin ] --END-- [ RunTime:0.001439s ]
SQL: SHOW COLUMNS FROM `maxiaohao_user` [ RunTime:0.004000s ]
SQL: INSERT INTO `maxiaohao_user` (`wechat`,`openid`) VALUES ('asasasasa','13131') [ RunTime:0.000949s ]
NOTIC: [2] Missing argument 1 for Action::ajaxReturn(), called in D:\AppServ\www\test\Maxiaohao\Lib\Action\ShowAction.class.php on line 45 and defined D:\AppServ\www\test\ThinkPHP\Lib\Core\Action.class.php 第 306 行.
NOTIC: [8] Undefined variable: data D:\AppServ\www\test\ThinkPHP\Lib\Core\Action.class.php 第 322 行.

[ 2014-03-21T13:05:13+08:00 ] 127.0.0.1 /test/index.php/Show/newWechat
INFO: [ app_begin ] --START--
INFO: ReadHtmlCache Behavior ::run [ RunTime:0.001546s ]
INFO: [ app_begin ] --END-- [ RunTime:0.001763s ]
SQL: SHOW COLUMNS FROM `maxiaohao_user` [ RunTime:0.004605s ]
SQL: INSERT INTO `maxiaohao_user` (`wechat`,`openid`) VALUES ('asasasasa','13131') [ RunTime:0.001247s ]
NOTIC: [2] Missing argument 1 for Action::ajaxReturn(), called in D:\AppServ\www\test\Maxiaohao\Lib\Action\ShowAction.class.php on line 45 and defined D:\AppServ\www\test\ThinkPHP\Lib\Core\Action.class.php 第 306 行.
NOTIC: [8] Undefined variable: data D:\AppServ\www\test\ThinkPHP\Lib\Core\Action.class.php 第 322 行.

[ 2014-03-21T13:10:05+08:00 ] 127.0.0.1 /test/index.php/Show/newWechat
INFO: [ app_begin ] --START--
INFO: ReadHtmlCache Behavior ::run [ RunTime:0.006821s ]
INFO: [ app_begin ] --END-- [ RunTime:0.007141s ]
SQL: SHOW COLUMNS FROM `maxiaohao_user` [ RunTime:0.031848s ]
SQL: INSERT INTO `maxiaohao_user` (`wechat`,`openid`) VALUES ('asasasasa','13131') [ RunTime:0.002507s ]
NOTIC: [2] Missing argument 1 for Action::ajaxReturn(), called in D:\AppServ\www\test\Maxiaohao\Lib\Action\ShowAction.class.php on line 45 and defined D:\AppServ\www\test\ThinkPHP\Lib\Core\Action.class.php 第 306 行.
NOTIC: [8] Undefined variable: data D:\AppServ\www\test\ThinkPHP\Lib\Core\Action.class.php 第 322 行.

[ 2014-03-21T13:22:14+08:00 ] 127.0.0.1 /test/index.php/Show/newWechat
INFO: [ app_begin ] --START--
INFO: ReadHtmlCache Behavior ::run [ RunTime:0.004780s ]
INFO: [ app_begin ] --END-- [ RunTime:0.005158s ]
SQL: SHOW COLUMNS FROM `maxiaohao_user` [ RunTime:0.064928s ]
SQL: INSERT INTO `maxiaohao_user` (`wechat`,`openid`) VALUES ('fgfg','13131') [ RunTime:0.001971s ]
NOTIC: [2] Missing argument 1 for Action::ajaxReturn(), called in D:\AppServ\www\test\Maxiaohao\Lib\Action\ShowAction.class.php on line 45 and defined D:\AppServ\www\test\ThinkPHP\Lib\Core\Action.class.php 第 306 行.
NOTIC: [8] Undefined variable: data D:\AppServ\www\test\ThinkPHP\Lib\Core\Action.class.php 第 322 行.

[ 2014-03-21T13:22:15+08:00 ] 127.0.0.1 /test/index.php/Show/newWechat
INFO: [ app_begin ] --START--
INFO: ReadHtmlCache Behavior ::run [ RunTime:0.001546s ]
INFO: [ app_begin ] --END-- [ RunTime:0.001780s ]
SQL: SHOW COLUMNS FROM `maxiaohao_user` [ RunTime:0.006512s ]
SQL: INSERT INTO `maxiaohao_user` (`wechat`,`openid`) VALUES ('fgfg','13131') [ RunTime:0.001436s ]
NOTIC: [2] Missing argument 1 for Action::ajaxReturn(), called in D:\AppServ\www\test\Maxiaohao\Lib\Action\ShowAction.class.php on line 45 and defined D:\AppServ\www\test\ThinkPHP\Lib\Core\Action.class.php 第 306 行.
NOTIC: [8] Undefined variable: data D:\AppServ\www\test\ThinkPHP\Lib\Core\Action.class.php 第 322 行.

[ 2014-03-21T13:22:15+08:00 ] 127.0.0.1 /test/index.php/Show/newWechat
INFO: [ app_begin ] --START--
INFO: ReadHtmlCache Behavior ::run [ RunTime:0.002358s ]
INFO: [ app_begin ] --END-- [ RunTime:0.002679s ]
SQL: SHOW COLUMNS FROM `maxiaohao_user` [ RunTime:0.005623s ]
SQL: INSERT INTO `maxiaohao_user` (`wechat`,`openid`) VALUES ('fgfg','13131') [ RunTime:0.001488s ]
NOTIC: [2] Missing argument 1 for Action::ajaxReturn(), called in D:\AppServ\www\test\Maxiaohao\Lib\Action\ShowAction.class.php on line 45 and defined D:\AppServ\www\test\ThinkPHP\Lib\Core\Action.class.php 第 306 行.
NOTIC: [8] Undefined variable: data D:\AppServ\www\test\ThinkPHP\Lib\Core\Action.class.php 第 322 行.

[ 2014-03-21T13:22:16+08:00 ] 127.0.0.1 /test/index.php/Show/newWechat
INFO: [ app_begin ] --START--
INFO: ReadHtmlCache Behavior ::run [ RunTime:0.002489s ]
INFO: [ app_begin ] --END-- [ RunTime:0.002821s ]
SQL: SHOW COLUMNS FROM `maxiaohao_user` [ RunTime:0.005854s ]
SQL: INSERT INTO `maxiaohao_user` (`wechat`,`openid`) VALUES ('fgfg','13131') [ RunTime:0.001347s ]
NOTIC: [2] Missing argument 1 for Action::ajaxReturn(), called in D:\AppServ\www\test\Maxiaohao\Lib\Action\ShowAction.class.php on line 45 and defined D:\AppServ\www\test\ThinkPHP\Lib\Core\Action.class.php 第 306 行.
NOTIC: [8] Undefined variable: data D:\AppServ\www\test\ThinkPHP\Lib\Core\Action.class.php 第 322 行.

[ 2014-03-21T13:22:16+08:00 ] 127.0.0.1 /test/index.php/Show/newWechat
INFO: [ app_begin ] --START--
INFO: ReadHtmlCache Behavior ::run [ RunTime:0.002368s ]
INFO: [ app_begin ] --END-- [ RunTime:0.002697s ]
SQL: SHOW COLUMNS FROM `maxiaohao_user` [ RunTime:0.006304s ]
SQL: INSERT INTO `maxiaohao_user` (`wechat`,`openid`) VALUES ('fgfg','13131') [ RunTime:0.001627s ]
NOTIC: [2] Missing argument 1 for Action::ajaxReturn(), called in D:\AppServ\www\test\Maxiaohao\Lib\Action\ShowAction.class.php on line 45 and defined D:\AppServ\www\test\ThinkPHP\Lib\Core\Action.class.php 第 306 行.
NOTIC: [8] Undefined variable: data D:\AppServ\www\test\ThinkPHP\Lib\Core\Action.class.php 第 322 行.

[ 2014-03-21T13:22:16+08:00 ] 127.0.0.1 /test/index.php/Show/newWechat
INFO: [ app_begin ] --START--
INFO: ReadHtmlCache Behavior ::run [ RunTime:0.001860s ]
INFO: [ app_begin ] --END-- [ RunTime:0.002109s ]
SQL: SHOW COLUMNS FROM `maxiaohao_user` [ RunTime:0.003921s ]
SQL: INSERT INTO `maxiaohao_user` (`wechat`,`openid`) VALUES ('fgfg','13131') [ RunTime:0.000965s ]
NOTIC: [2] Missing argument 1 for Action::ajaxReturn(), called in D:\AppServ\www\test\Maxiaohao\Lib\Action\ShowAction.class.php on line 45 and defined D:\AppServ\www\test\ThinkPHP\Lib\Core\Action.class.php 第 306 行.
NOTIC: [8] Undefined variable: data D:\AppServ\www\test\ThinkPHP\Lib\Core\Action.class.php 第 322 行.

[ 2014-03-21T13:22:16+08:00 ] 127.0.0.1 /test/index.php/Show/newWechat
INFO: [ app_begin ] --START--
INFO: ReadHtmlCache Behavior ::run [ RunTime:0.001837s ]
INFO: [ app_begin ] --END-- [ RunTime:0.002089s ]
SQL: SHOW COLUMNS FROM `maxiaohao_user` [ RunTime:0.004272s ]
SQL: INSERT INTO `maxiaohao_user` (`wechat`,`openid`) VALUES ('fgfg','13131') [ RunTime:0.001332s ]
NOTIC: [2] Missing argument 1 for Action::ajaxReturn(), called in D:\AppServ\www\test\Maxiaohao\Lib\Action\ShowAction.class.php on line 45 and defined D:\AppServ\www\test\ThinkPHP\Lib\Core\Action.class.php 第 306 行.
NOTIC: [8] Undefined variable: data D:\AppServ\www\test\ThinkPHP\Lib\Core\Action.class.php 第 322 行.

[ 2014-03-21T13:23:08+08:00 ] 127.0.0.1 /test/index.php/Show/newWechat
INFO: [ app_begin ] --START--
INFO: ReadHtmlCache Behavior ::run [ RunTime:0.002805s ]
INFO: [ app_begin ] --END-- [ RunTime:0.003148s ]
SQL: SHOW COLUMNS FROM `maxiaohao_user` [ RunTime:0.006413s ]
SQL: INSERT INTO `maxiaohao_user` (`wechat`,`openid`) VALUES ('fgfg','13131') [ RunTime:0.001473s ]
NOTIC: [2] Missing argument 1 for Action::ajaxReturn(), called in D:\AppServ\www\test\Maxiaohao\Lib\Action\ShowAction.class.php on line 45 and defined D:\AppServ\www\test\ThinkPHP\Lib\Core\Action.class.php 第 306 行.
NOTIC: [8] Undefined variable: data D:\AppServ\www\test\ThinkPHP\Lib\Core\Action.class.php 第 322 行.

[ 2014-03-21T13:23:09+08:00 ] 127.0.0.1 /test/index.php/Show/newWechat
INFO: [ app_begin ] --START--
INFO: ReadHtmlCache Behavior ::run [ RunTime:0.003225s ]
INFO: [ app_begin ] --END-- [ RunTime:0.003560s ]
SQL: SHOW COLUMNS FROM `maxiaohao_user` [ RunTime:0.006981s ]
SQL: INSERT INTO `maxiaohao_user` (`wechat`,`openid`) VALUES ('fgfg','13131') [ RunTime:0.002415s ]
NOTIC: [2] Missing argument 1 for Action::ajaxReturn(), called in D:\AppServ\www\test\Maxiaohao\Lib\Action\ShowAction.class.php on line 45 and defined D:\AppServ\www\test\ThinkPHP\Lib\Core\Action.class.php 第 306 行.
NOTIC: [8] Undefined variable: data D:\AppServ\www\test\ThinkPHP\Lib\Core\Action.class.php 第 322 行.

[ 2014-03-21T13:23:09+08:00 ] 127.0.0.1 /test/index.php/Show/newWechat
INFO: [ app_begin ] --START--
INFO: ReadHtmlCache Behavior ::run [ RunTime:0.002279s ]
INFO: [ app_begin ] --END-- [ RunTime:0.002603s ]
SQL: SHOW COLUMNS FROM `maxiaohao_user` [ RunTime:0.005335s ]
SQL: INSERT INTO `maxiaohao_user` (`wechat`,`openid`) VALUES ('fgfg','13131') [ RunTime:0.001126s ]
NOTIC: [2] Missing argument 1 for Action::ajaxReturn(), called in D:\AppServ\www\test\Maxiaohao\Lib\Action\ShowAction.class.php on line 45 and defined D:\AppServ\www\test\ThinkPHP\Lib\Core\Action.class.php 第 306 行.
NOTIC: [8] Undefined variable: data D:\AppServ\www\test\ThinkPHP\Lib\Core\Action.class.php 第 322 行.

[ 2014-03-21T13:23:09+08:00 ] 127.0.0.1 /test/index.php/Show/newWechat
INFO: [ app_begin ] --START--
INFO: ReadHtmlCache Behavior ::run [ RunTime:0.003055s ]
INFO: [ app_begin ] --END-- [ RunTime:0.003354s ]
SQL: SHOW COLUMNS FROM `maxiaohao_user` [ RunTime:0.004750s ]
SQL: INSERT INTO `maxiaohao_user` (`wechat`,`openid`) VALUES ('fgfg','13131') [ RunTime:0.001118s ]
NOTIC: [2] Missing argument 1 for Action::ajaxReturn(), called in D:\AppServ\www\test\Maxiaohao\Lib\Action\ShowAction.class.php on line 45 and defined D:\AppServ\www\test\ThinkPHP\Lib\Core\Action.class.php 第 306 行.
NOTIC: [8] Undefined variable: data D:\AppServ\www\test\ThinkPHP\Lib\Core\Action.class.php 第 322 行.

[ 2014-03-21T13:25:55+08:00 ] 127.0.0.1 /test/index.php/Show/newWechat
INFO: [ app_begin ] --START--
INFO: ReadHtmlCache Behavior ::run [ RunTime:0.004377s ]
INFO: [ app_begin ] --END-- [ RunTime:0.004689s ]
SQL: SHOW COLUMNS FROM `maxiaohao_user` [ RunTime:0.005297s ]
SQL: INSERT INTO `maxiaohao_user` (`wechat`,`openid`) VALUES ('zx','13131') [ RunTime:0.001308s ]
NOTIC: [2] Missing argument 1 for Action::ajaxReturn(), called in D:\AppServ\www\test\Maxiaohao\Lib\Action\ShowAction.class.php on line 45 and defined D:\AppServ\www\test\ThinkPHP\Lib\Core\Action.class.php 第 306 行.
NOTIC: [8] Undefined variable: data D:\AppServ\www\test\ThinkPHP\Lib\Core\Action.class.php 第 322 行.

[ 2014-03-21T13:25:56+08:00 ] 127.0.0.1 /test/index.php/Show/newWechat
INFO: [ app_begin ] --START--
INFO: ReadHtmlCache Behavior ::run [ RunTime:0.004584s ]
INFO: [ app_begin ] --END-- [ RunTime:0.004848s ]
SQL: SHOW COLUMNS FROM `maxiaohao_user` [ RunTime:0.006780s ]
SQL: INSERT INTO `maxiaohao_user` (`wechat`,`openid`) VALUES ('zx','13131') [ RunTime:0.001702s ]
NOTIC: [2] Missing argument 1 for Action::ajaxReturn(), called in D:\AppServ\www\test\Maxiaohao\Lib\Action\ShowAction.class.php on line 45 and defined D:\AppServ\www\test\ThinkPHP\Lib\Core\Action.class.php 第 306 行.
NOTIC: [8] Undefined variable: data D:\AppServ\www\test\ThinkPHP\Lib\Core\Action.class.php 第 322 行.

[ 2014-03-21T13:25:57+08:00 ] 127.0.0.1 /test/index.php/Show/newWechat
INFO: [ app_begin ] --START--
INFO: ReadHtmlCache Behavior ::run [ RunTime:0.003023s ]
INFO: [ app_begin ] --END-- [ RunTime:0.003223s ]
SQL: SHOW COLUMNS FROM `maxiaohao_user` [ RunTime:0.003748s ]
SQL: INSERT INTO `maxiaohao_user` (`wechat`,`openid`) VALUES ('zx','13131') [ RunTime:0.001297s ]
NOTIC: [2] Missing argument 1 for Action::ajaxReturn(), called in D:\AppServ\www\test\Maxiaohao\Lib\Action\ShowAction.class.php on line 45 and defined D:\AppServ\www\test\ThinkPHP\Lib\Core\Action.class.php 第 306 行.
NOTIC: [8] Undefined variable: data D:\AppServ\www\test\ThinkPHP\Lib\Core\Action.class.php 第 322 行.

[ 2014-03-21T13:25:57+08:00 ] 127.0.0.1 /test/index.php/Show/newWechat
INFO: [ app_begin ] --START--
INFO: ReadHtmlCache Behavior ::run [ RunTime:0.005929s ]
INFO: [ app_begin ] --END-- [ RunTime:0.006301s ]
SQL: SHOW COLUMNS FROM `maxiaohao_user` [ RunTime:0.004512s ]
SQL: INSERT INTO `maxiaohao_user` (`wechat`,`openid`) VALUES ('zx','13131') [ RunTime:0.001123s ]
NOTIC: [2] Missing argument 1 for Action::ajaxReturn(), called in D:\AppServ\www\test\Maxiaohao\Lib\Action\ShowAction.class.php on line 45 and defined D:\AppServ\www\test\ThinkPHP\Lib\Core\Action.class.php 第 306 行.
NOTIC: [8] Undefined variable: data D:\AppServ\www\test\ThinkPHP\Lib\Core\Action.class.php 第 322 行.

[ 2014-03-21T13:25:57+08:00 ] 127.0.0.1 /test/index.php/Show/newWechat
INFO: [ app_begin ] --START--
INFO: ReadHtmlCache Behavior ::run [ RunTime:0.004326s ]
INFO: [ app_begin ] --END-- [ RunTime:0.004589s ]
SQL: SHOW COLUMNS FROM `maxiaohao_user` [ RunTime:0.004337s ]
SQL: INSERT INTO `maxiaohao_user` (`wechat`,`openid`) VALUES ('zx','13131') [ RunTime:0.001182s ]
NOTIC: [2] Missing argument 1 for Action::ajaxReturn(), called in D:\AppServ\www\test\Maxiaohao\Lib\Action\ShowAction.class.php on line 45 and defined D:\AppServ\www\test\ThinkPHP\Lib\Core\Action.class.php 第 306 行.
NOTIC: [8] Undefined variable: data D:\AppServ\www\test\ThinkPHP\Lib\Core\Action.class.php 第 322 行.

[ 2014-03-21T13:25:57+08:00 ] 127.0.0.1 /test/index.php/Show/newWechat
INFO: [ app_begin ] --START--
INFO: ReadHtmlCache Behavior ::run [ RunTime:0.005283s ]
INFO: [ app_begin ] --END-- [ RunTime:0.005572s ]
SQL: SHOW COLUMNS FROM `maxiaohao_user` [ RunTime:0.003863s ]
SQL: INSERT INTO `maxiaohao_user` (`wechat`,`openid`) VALUES ('zx','13131') [ RunTime:0.000953s ]
NOTIC: [2] Missing argument 1 for Action::ajaxReturn(), called in D:\AppServ\www\test\Maxiaohao\Lib\Action\ShowAction.class.php on line 45 and defined D:\AppServ\www\test\ThinkPHP\Lib\Core\Action.class.php 第 306 行.
NOTIC: [8] Undefined variable: data D:\AppServ\www\test\ThinkPHP\Lib\Core\Action.class.php 第 322 行.

[ 2014-03-21T13:25:57+08:00 ] 127.0.0.1 /test/index.php/Show/newWechat
INFO: [ app_begin ] --START--
INFO: ReadHtmlCache Behavior ::run [ RunTime:0.002970s ]
INFO: [ app_begin ] --END-- [ RunTime:0.003168s ]
SQL: SHOW COLUMNS FROM `maxiaohao_user` [ RunTime:0.004889s ]
SQL: INSERT INTO `maxiaohao_user` (`wechat`,`openid`) VALUES ('zx','13131') [ RunTime:0.001138s ]
NOTIC: [2] Missing argument 1 for Action::ajaxReturn(), called in D:\AppServ\www\test\Maxiaohao\Lib\Action\ShowAction.class.php on line 45 and defined D:\AppServ\www\test\ThinkPHP\Lib\Core\Action.class.php 第 306 行.
NOTIC: [8] Undefined variable: data D:\AppServ\www\test\ThinkPHP\Lib\Core\Action.class.php 第 322 行.

[ 2014-03-21T13:25:57+08:00 ] 127.0.0.1 /test/index.php/Show/newWechat
INFO: [ app_begin ] --START--
INFO: ReadHtmlCache Behavior ::run [ RunTime:0.002879s ]
INFO: [ app_begin ] --END-- [ RunTime:0.003073s ]
SQL: SHOW COLUMNS FROM `maxiaohao_user` [ RunTime:0.004554s ]
SQL: INSERT INTO `maxiaohao_user` (`wechat`,`openid`) VALUES ('zx','13131') [ RunTime:0.011213s ]
NOTIC: [2] Missing argument 1 for Action::ajaxReturn(), called in D:\AppServ\www\test\Maxiaohao\Lib\Action\ShowAction.class.php on line 45 and defined D:\AppServ\www\test\ThinkPHP\Lib\Core\Action.class.php 第 306 行.
NOTIC: [8] Undefined variable: data D:\AppServ\www\test\ThinkPHP\Lib\Core\Action.class.php 第 322 行.

[ 2014-03-21T13:26:18+08:00 ] 127.0.0.1 /test/index.php/Show/newWechat
INFO: [ app_begin ] --START--
INFO: ReadHtmlCache Behavior ::run [ RunTime:0.003863s ]
INFO: [ app_begin ] --END-- [ RunTime:0.004147s ]
SQL: SHOW COLUMNS FROM `maxiaohao_user` [ RunTime:0.005285s ]
SQL: INSERT INTO `maxiaohao_user` (`wechat`,`openid`) VALUES ('as','13131') [ RunTime:0.001367s ]
NOTIC: [2] Missing argument 1 for Action::ajaxReturn(), called in D:\AppServ\www\test\Maxiaohao\Lib\Action\ShowAction.class.php on line 45 and defined D:\AppServ\www\test\ThinkPHP\Lib\Core\Action.class.php 第 306 行.
NOTIC: [8] Undefined variable: data D:\AppServ\www\test\ThinkPHP\Lib\Core\Action.class.php 第 322 行.

[ 2014-03-21T13:26:20+08:00 ] 127.0.0.1 /test/index.php/Show/newWechat
INFO: [ app_begin ] --START--
INFO: ReadHtmlCache Behavior ::run [ RunTime:0.005936s ]
INFO: [ app_begin ] --END-- [ RunTime:0.006303s ]
SQL: SHOW COLUMNS FROM `maxiaohao_user` [ RunTime:0.006363s ]
SQL: INSERT INTO `maxiaohao_user` (`wechat`,`openid`) VALUES ('as','13131') [ RunTime:0.001750s ]
NOTIC: [2] Missing argument 1 for Action::ajaxReturn(), called in D:\AppServ\www\test\Maxiaohao\Lib\Action\ShowAction.class.php on line 45 and defined D:\AppServ\www\test\ThinkPHP\Lib\Core\Action.class.php 第 306 行.
NOTIC: [8] Undefined variable: data D:\AppServ\www\test\ThinkPHP\Lib\Core\Action.class.php 第 322 行.

[ 2014-03-21T13:31:27+08:00 ] 127.0.0.1 /test/index.php/Show/newWechat
INFO: [ app_begin ] --START--
INFO: ReadHtmlCache Behavior ::run [ RunTime:0.004370s ]
INFO: [ app_begin ] --END-- [ RunTime:0.004663s ]
SQL: SHOW COLUMNS FROM `maxiaohao_user` [ RunTime:0.006288s ]
SQL: INSERT INTO `maxiaohao_user` (`wechat`,`openid`) VALUES ('sds','13131') [ RunTime:0.001696s ]
NOTIC: [2] Missing argument 1 for Action::ajaxReturn(), called in D:\AppServ\www\test\Maxiaohao\Lib\Action\ShowAction.class.php on line 45 and defined D:\AppServ\www\test\ThinkPHP\Lib\Core\Action.class.php 第 306 行.
NOTIC: [8] Undefined variable: data D:\AppServ\www\test\ThinkPHP\Lib\Core\Action.class.php 第 322 行.

[ 2014-03-21T13:34:18+08:00 ] 127.0.0.1 /test/index.php/Show/newWechat
INFO: [ app_begin ] --START--
INFO: ReadHtmlCache Behavior ::run [ RunTime:0.002368s ]
INFO: [ app_begin ] --END-- [ RunTime:0.002688s ]
SQL: SHOW COLUMNS FROM `maxiaohao_user` [ RunTime:0.006024s ]
SQL: INSERT INTO `maxiaohao_user` (`wechat`,`openid`) VALUES ('ddf','13131') [ RunTime:0.001592s ]

[ 2014-03-21T13:34:55+08:00 ] 127.0.0.1 /test/index.php/Show/newWechat
INFO: [ app_begin ] --START--
INFO: ReadHtmlCache Behavior ::run [ RunTime:0.004208s ]
INFO: [ app_begin ] --END-- [ RunTime:0.004553s ]
SQL: SHOW COLUMNS FROM `maxiaohao_user` [ RunTime:0.062468s ]
SQL: INSERT INTO `maxiaohao_user` (`wechat`,`openid`) VALUES ('ddf','13131') [ RunTime:0.001700s ]

[ 2014-03-21T13:49:34+08:00 ] 127.0.0.1 /test/index.php/Show/newWechat
INFO: [ app_begin ] --START--
INFO: ReadHtmlCache Behavior ::run [ RunTime:0.004136s ]
INFO: [ app_begin ] --END-- [ RunTime:0.004473s ]
SQL: SHOW COLUMNS FROM `maxiaohao_user` [ RunTime:0.004895s ]
SQL: INSERT INTO `maxiaohao_user` (`wechat`,`openid`) VALUES ('sds','13131') [ RunTime:0.001764s ]

[ 2014-03-21T13:49:34+08:00 ] 127.0.0.1 /test/index.php/Show/newWechat
INFO: [ app_begin ] --START--
INFO: ReadHtmlCache Behavior ::run [ RunTime:0.004282s ]
INFO: [ app_begin ] --END-- [ RunTime:0.004612s ]
SQL: SHOW COLUMNS FROM `maxiaohao_user` [ RunTime:0.006194s ]
SQL: INSERT INTO `maxiaohao_user` (`wechat`,`openid`) VALUES ('sds','13131') [ RunTime:0.002000s ]

[ 2014-03-21T13:49:50+08:00 ] 127.0.0.1 /test/index.php/Show/newWechat
INFO: [ app_begin ] --START--
INFO: ReadHtmlCache Behavior ::run [ RunTime:0.002071s ]
INFO: [ app_begin ] --END-- [ RunTime:0.002293s ]
SQL: SHOW COLUMNS FROM `maxiaohao_user` [ RunTime:0.004909s ]
SQL: INSERT INTO `maxiaohao_user` (`wechat`,`openid`) VALUES ('sds','13131') [ RunTime:0.001503s ]

[ 2014-03-21T13:49:50+08:00 ] 127.0.0.1 /test/index.php/Show/newWechat
INFO: [ app_begin ] --START--
INFO: ReadHtmlCache Behavior ::run [ RunTime:0.001560s ]
INFO: [ app_begin ] --END-- [ RunTime:0.001754s ]
SQL: SHOW COLUMNS FROM `maxiaohao_user` [ RunTime:0.005189s ]
SQL: INSERT INTO `maxiaohao_user` (`wechat`,`openid`) VALUES ('sds','13131') [ RunTime:0.001518s ]

[ 2014-03-21T13:52:04+08:00 ] 127.0.0.1 /test/index.php/Show/newWechat
INFO: [ app_begin ] --START--
INFO: ReadHtmlCache Behavior ::run [ RunTime:0.003014s ]
INFO: [ app_begin ] --END-- [ RunTime:0.003245s ]
SQL: SHOW COLUMNS FROM `maxiaohao_user` [ RunTime:0.004727s ]
NOTIC: [4096] Object of class Model could not be converted to string D:\AppServ\www\test\Maxiaohao\Lib\Action\ShowAction.class.php 第 41 行.
SQL: INSERT INTO `maxiaohao_user` (`wechat`,`openid`) VALUES ('sas','13131') [ RunTime:0.001721s ]

[ 2014-03-21T13:52:04+08:00 ] 127.0.0.1 /test/index.php/Show/newWechat
INFO: [ app_begin ] --START--
INFO: ReadHtmlCache Behavior ::run [ RunTime:0.002025s ]
INFO: [ app_begin ] --END-- [ RunTime:0.002465s ]
SQL: SHOW COLUMNS FROM `maxiaohao_user` [ RunTime:0.005532s ]
NOTIC: [4096] Object of class Model could not be converted to string D:\AppServ\www\test\Maxiaohao\Lib\Action\ShowAction.class.php 第 41 行.
SQL: INSERT INTO `maxiaohao_user` (`wechat`,`openid`) VALUES ('sas','13131') [ RunTime:0.001519s ]

[ 2014-03-21T13:52:22+08:00 ] 127.0.0.1 /test/index.php/Show/newWechat
INFO: [ app_begin ] --START--
INFO: ReadHtmlCache Behavior ::run [ RunTime:0.002693s ]
INFO: [ app_begin ] --END-- [ RunTime:0.002927s ]
SQL: SHOW COLUMNS FROM `maxiaohao_user` [ RunTime:0.005825s ]
NOTIC: [4096] Object of class Model could not be converted to string D:\AppServ\www\test\Maxiaohao\Lib\Action\ShowAction.class.php 第 41 行.
SQL: INSERT INTO `maxiaohao_user` (`wechat`,`openid`) VALUES ('sas','13131') [ RunTime:0.001464s ]

[ 2014-03-21T13:52:22+08:00 ] 127.0.0.1 /test/index.php/Show/newWechat
INFO: [ app_begin ] --START--
INFO: ReadHtmlCache Behavior ::run [ RunTime:0.001658s ]
INFO: [ app_begin ] --END-- [ RunTime:0.001865s ]
SQL: SHOW COLUMNS FROM `maxiaohao_user` [ RunTime:0.006613s ]
NOTIC: [4096] Object of class Model could not be converted to string D:\AppServ\www\test\Maxiaohao\Lib\Action\ShowAction.class.php 第 41 行.
SQL: INSERT INTO `maxiaohao_user` (`wechat`,`openid`) VALUES ('sas','13131') [ RunTime:0.001018s ]

[ 2014-03-21T13:56:35+08:00 ] 127.0.0.1 /test/index.php/Show/newWechat
INFO: [ app_begin ] --START--
INFO: ReadHtmlCache Behavior ::run [ RunTime:0.002255s ]
INFO: [ app_begin ] --END-- [ RunTime:0.002791s ]
SQL: SHOW COLUMNS FROM `maxiaohao_user` [ RunTime:0.004815s ]
SQL: INSERT INTO `maxiaohao_user` (`wechat`,`openid`) VALUES ('assas','13131') [ RunTime:0.001258s ]

[ 2014-03-21T13:56:35+08:00 ] 127.0.0.1 /test/index.php/Show/newWechat
INFO: [ app_begin ] --START--
INFO: ReadHtmlCache Behavior ::run [ RunTime:0.005561s ]
INFO: [ app_begin ] --END-- [ RunTime:0.005886s ]
SQL: SHOW COLUMNS FROM `maxiaohao_user` [ RunTime:0.007138s ]
SQL: INSERT INTO `maxiaohao_user` (`wechat`,`openid`) VALUES ('assas','13131') [ RunTime:0.001307s ]

[ 2014-03-21T13:57:55+08:00 ] 127.0.0.1 /test/index.php/Show/newWechat
INFO: [ app_begin ] --START--
INFO: ReadHtmlCache Behavior ::run [ RunTime:0.002380s ]
INFO: [ app_begin ] --END-- [ RunTime:0.002698s ]
SQL: SHOW COLUMNS FROM `maxiaohao_user` [ RunTime:0.004732s ]
SQL: INSERT INTO `maxiaohao_user` (`wechat`,`openid`) VALUES ('fgg','13131') [ RunTime:0.001295s ]

[ 2014-03-21T13:57:55+08:00 ] 127.0.0.1 /test/index.php/Show/newWechat
INFO: [ app_begin ] --START--
INFO: ReadHtmlCache Behavior ::run [ RunTime:0.002292s ]
INFO: [ app_begin ] --END-- [ RunTime:0.002603s ]
SQL: SHOW COLUMNS FROM `maxiaohao_user` [ RunTime:0.004730s ]
SQL: INSERT INTO `maxiaohao_user` (`wechat`,`openid`) VALUES ('fgg','13131') [ RunTime:0.001566s ]

[ 2014-03-21T14:00:51+08:00 ] 127.0.0.1 /test/index.php/Show/newWechat
INFO: [ app_begin ] --START--
INFO: ReadHtmlCache Behavior ::run [ RunTime:0.002736s ]
INFO: [ app_begin ] --END-- [ RunTime:0.002958s ]
SQL: SHOW COLUMNS FROM `maxiaohao_user` [ RunTime:0.004878s ]
SQL: INSERT INTO `maxiaohao_user` (`wechat`,`openid`) VALUES ('dfd','13131') [ RunTime:0.001506s ]

[ 2014-03-21T14:00:51+08:00 ] 127.0.0.1 /test/index.php/Show/newWechat
INFO: [ app_begin ] --START--
INFO: ReadHtmlCache Behavior ::run [ RunTime:0.002349s ]
INFO: [ app_begin ] --END-- [ RunTime:0.002691s ]
SQL: SHOW COLUMNS FROM `maxiaohao_user` [ RunTime:0.006418s ]
SQL: INSERT INTO `maxiaohao_user` (`wechat`,`openid`) VALUES ('dfd','13131') [ RunTime:0.001801s ]

[ 2014-03-21T14:31:28+08:00 ] 127.0.0.1 /test/index.php/Show/newWechat
INFO: [ app_begin ] --START--
INFO: ReadHtmlCache Behavior ::run [ RunTime:0.003437s ]
INFO: [ app_begin ] --END-- [ RunTime:0.003704s ]
SQL: SHOW COLUMNS FROM `maxiaohao_user` [ RunTime:0.006303s ]
SQL: INSERT INTO `maxiaohao_user` (`wechat`,`openid`) VALUES ('dfd','13131') [ RunTime:0.001451s ]

[ 2014-03-21T14:31:28+08:00 ] 127.0.0.1 /test/index.php/Show/newWechat
INFO: [ app_begin ] --START--
INFO: ReadHtmlCache Behavior ::run [ RunTime:0.004297s ]
INFO: [ app_begin ] --END-- [ RunTime:0.004594s ]
SQL: SHOW COLUMNS FROM `maxiaohao_user` [ RunTime:0.004586s ]
SQL: INSERT INTO `maxiaohao_user` (`wechat`,`openid`) VALUES ('dfd','13131') [ RunTime:0.001393s ]

[ 2014-03-21T14:31:36+08:00 ] 127.0.0.1 /test/index.php/Show/newWechat
INFO: [ app_begin ] --START--
INFO: ReadHtmlCache Behavior ::run [ RunTime:0.001547s ]
INFO: [ app_begin ] --END-- [ RunTime:0.001785s ]
SQL: SHOW COLUMNS FROM `maxiaohao_user` [ RunTime:0.004452s ]
SQL: INSERT INTO `maxiaohao_user` (`wechat`,`openid`) VALUES ('ds','13131') [ RunTime:0.001137s ]

[ 2014-03-21T14:31:36+08:00 ] 127.0.0.1 /test/index.php/Show/newWechat
INFO: [ app_begin ] --START--
INFO: ReadHtmlCache Behavior ::run [ RunTime:0.003268s ]
INFO: [ app_begin ] --END-- [ RunTime:0.003520s ]
SQL: SHOW COLUMNS FROM `maxiaohao_user` [ RunTime:0.004509s ]
SQL: INSERT INTO `maxiaohao_user` (`wechat`,`openid`) VALUES ('ds','13131') [ RunTime:0.001121s ]

[ 2014-03-21T14:34:04+08:00 ] 127.0.0.1 /test/index.php/Show/newWechat
INFO: [ app_begin ] --START--
INFO: ReadHtmlCache Behavior ::run [ RunTime:0.003856s ]
INFO: [ app_begin ] --END-- [ RunTime:0.004136s ]
SQL: SHOW COLUMNS FROM `maxiaohao_user` [ RunTime:0.005243s ]
SQL: INSERT INTO `maxiaohao_user` (`wechat`,`openid`) VALUES ('ad12','13131') [ RunTime:0.001214s ]

[ 2014-03-21T14:34:04+08:00 ] 127.0.0.1 /test/index.php/Show/newWechat
INFO: [ app_begin ] --START--
INFO: ReadHtmlCache Behavior ::run [ RunTime:0.003715s ]
INFO: [ app_begin ] --END-- [ RunTime:0.003940s ]
SQL: SHOW COLUMNS FROM `maxiaohao_user` [ RunTime:0.004699s ]
SQL: INSERT INTO `maxiaohao_user` (`wechat`,`openid`) VALUES ('ad12','13131') [ RunTime:0.001673s ]

[ 2014-03-21T14:34:46+08:00 ] 127.0.0.1 /test/index.php/Show/newWechat
INFO: [ app_begin ] --START--
INFO: ReadHtmlCache Behavior ::run [ RunTime:0.003734s ]
INFO: [ app_begin ] --END-- [ RunTime:0.004009s ]
SQL: SHOW COLUMNS FROM `maxiaohao_user` [ RunTime:0.004984s ]
SQL: INSERT INTO `maxiaohao_user` (`wechat`,`openid`) VALUES ('ds','13131') [ RunTime:0.001357s ]

[ 2014-03-21T14:35:18+08:00 ] 127.0.0.1 /test/index.php/Show/newWechat
INFO: [ app_begin ] --START--
INFO: ReadHtmlCache Behavior ::run [ RunTime:0.001726s ]
INFO: [ app_begin ] --END-- [ RunTime:0.001991s ]
SQL: SHOW COLUMNS FROM `maxiaohao_user` [ RunTime:0.004985s ]
SQL: INSERT INTO `maxiaohao_user` (`wechat`,`openid`) VALUES ('1212','13131') [ RunTime:0.001359s ]

[ 2014-03-21T14:42:04+08:00 ] 127.0.0.1 /test/index.php/Show/newWechat
INFO: [ app_begin ] --START--
INFO: ReadHtmlCache Behavior ::run [ RunTime:0.004890s ]
INFO: [ app_begin ] --END-- [ RunTime:0.005273s ]
SQL: SHOW COLUMNS FROM `maxiaohao_tempuser` [ RunTime:0.005131s ]
SQL: INSERT INTO `maxiaohao_tempuser` (`wechat`,`openid`) VALUES ('wechart','13131') [ RunTime:0.001729s ]

[ 2014-03-21T18:04:45+08:00 ] 127.0.0.1 /test/index.php/Show/my_fav
INFO: [ app_begin ] --START--
INFO: ReadHtmlCache Behavior ::run [ RunTime:0.002962s ]
INFO: [ app_begin ] --END-- [ RunTime:0.003199s ]
SQL: SHOW COLUMNS FROM `maxiaohao_tempuser` [ RunTime:0.075735s ]
SQL: SHOW COLUMNS FROM `maxiaohao_user` [ RunTime:0.005550s ]
NOTIC: 建议使用I方法替代_param
SQL: SELECT * FROM `maxiaohao_tempuser` WHERE ( `uid` = 13132 ) LIMIT 1   [ RunTime:0.014329s ]
NOTIC: 建议使用I方法替代_param
SQL: SELECT * FROM `maxiaohao_user` WHERE ( `uid` = 13132 ) LIMIT 1   [ RunTime:0.000584s ]

[ 2014-03-21T18:04:56+08:00 ] 127.0.0.1 /test/index.php/Show/my_fav
INFO: [ app_begin ] --START--
INFO: ReadHtmlCache Behavior ::run [ RunTime:0.001626s ]
INFO: [ app_begin ] --END-- [ RunTime:0.001870s ]
SQL: SHOW COLUMNS FROM `maxiaohao_tempuser` [ RunTime:0.004446s ]
SQL: SHOW COLUMNS FROM `maxiaohao_user` [ RunTime:0.005024s ]
NOTIC: 建议使用I方法替代_param
SQL: SELECT * FROM `maxiaohao_tempuser` WHERE ( `uid` = 13131 ) LIMIT 1   [ RunTime:0.000816s ]
NOTIC: 建议使用I方法替代_param
SQL: SELECT * FROM `maxiaohao_user` WHERE ( `uid` = 13131 ) LIMIT 1   [ RunTime:0.000395s ]

[ 2014-03-21T18:05:06+08:00 ] 127.0.0.1 /test/index.php/Show/my_fav
INFO: [ app_begin ] --START--
INFO: ReadHtmlCache Behavior ::run [ RunTime:0.002814s ]
INFO: [ app_begin ] --END-- [ RunTime:0.003034s ]
SQL: SHOW COLUMNS FROM `maxiaohao_tempuser` [ RunTime:0.004374s ]
SQL: SHOW COLUMNS FROM `maxiaohao_user` [ RunTime:0.006635s ]
NOTIC: 建议使用I方法替代_param
SQL: SELECT * FROM `maxiaohao_tempuser` WHERE ( `uid` = 13131 ) LIMIT 1   [ RunTime:0.000592s ]
NOTIC: 建议使用I方法替代_param
SQL: SELECT * FROM `maxiaohao_user` WHERE ( `uid` = 13131 ) LIMIT 1   [ RunTime:0.000432s ]

[ 2014-03-21T18:05:34+08:00 ] 127.0.0.1 /test/index.php/Show/newWechat
INFO: [ app_begin ] --START--
INFO: ReadHtmlCache Behavior ::run [ RunTime:0.001688s ]
INFO: [ app_begin ] --END-- [ RunTime:0.001922s ]
SQL: SHOW COLUMNS FROM `maxiaohao_tempuser` [ RunTime:0.004320s ]
SQL: INSERT INTO `maxiaohao_tempuser` (`wechat`,`openid`) VALUES ('12123','13131') [ RunTime:0.001662s ]

[ 2014-03-21T18:11:27+08:00 ] 127.0.0.1 /test/index.php/Show/my_fav
INFO: [ app_begin ] --START--
INFO: ReadHtmlCache Behavior ::run [ RunTime:0.002603s ]
INFO: [ app_begin ] --END-- [ RunTime:0.002815s ]
SQL: SHOW COLUMNS FROM `maxiaohao_tempuser` [ RunTime:0.005447s ]
SQL: SHOW COLUMNS FROM `maxiaohao_user` [ RunTime:0.005910s ]
NOTIC: 建议使用I方法替代_param
SQL: SELECT * FROM `maxiaohao_tempuser` WHERE ( `uid` = 13131 ) LIMIT 1   [ RunTime:0.000508s ]
NOTIC: 建议使用I方法替代_param
SQL: SELECT * FROM `maxiaohao_user` WHERE ( `uid` = 13131 ) LIMIT 1   [ RunTime:0.000445s ]

[ 2014-03-21T18:11:28+08:00 ] 127.0.0.1 /test/index.php/Show/my_fav
INFO: [ app_begin ] --START--
INFO: ReadHtmlCache Behavior ::run [ RunTime:0.001826s ]
INFO: [ app_begin ] --END-- [ RunTime:0.002030s ]
SQL: SHOW COLUMNS FROM `maxiaohao_tempuser` [ RunTime:0.004552s ]
SQL: SHOW COLUMNS FROM `maxiaohao_user` [ RunTime:0.004971s ]
NOTIC: 建议使用I方法替代_param
SQL: SELECT * FROM `maxiaohao_tempuser` WHERE ( `uid` = 13131 ) LIMIT 1   [ RunTime:0.000483s ]
NOTIC: 建议使用I方法替代_param
SQL: SELECT * FROM `maxiaohao_user` WHERE ( `uid` = 13131 ) LIMIT 1   [ RunTime:0.000422s ]

[ 2014-03-21T18:11:30+08:00 ] 127.0.0.1 /test/index.php/Show/my_fav
INFO: [ app_begin ] --START--
INFO: ReadHtmlCache Behavior ::run [ RunTime:0.001545s ]
INFO: [ app_begin ] --END-- [ RunTime:0.001744s ]
SQL: SHOW COLUMNS FROM `maxiaohao_tempuser` [ RunTime:0.004947s ]
SQL: SHOW COLUMNS FROM `maxiaohao_user` [ RunTime:0.005179s ]
NOTIC: 建议使用I方法替代_param
SQL: SELECT * FROM `maxiaohao_tempuser` WHERE ( `uid` = 13131 ) LIMIT 1   [ RunTime:0.000473s ]
NOTIC: 建议使用I方法替代_param
SQL: SELECT * FROM `maxiaohao_user` WHERE ( `uid` = 13131 ) LIMIT 1   [ RunTime:0.000424s ]

[ 2014-03-21T18:11:35+08:00 ] 127.0.0.1 /test/index.php/Show/my_fav
INFO: [ app_begin ] --START--
INFO: ReadHtmlCache Behavior ::run [ RunTime:0.001705s ]
INFO: [ app_begin ] --END-- [ RunTime:0.001990s ]
SQL: SHOW COLUMNS FROM `maxiaohao_tempuser` [ RunTime:0.004104s ]
SQL: SHOW COLUMNS FROM `maxiaohao_user` [ RunTime:0.005178s ]
NOTIC: 建议使用I方法替代_param
SQL: SELECT * FROM `maxiaohao_tempuser` WHERE ( `uid` = 13131 ) LIMIT 1   [ RunTime:0.000636s ]
NOTIC: 建议使用I方法替代_param
SQL: SELECT * FROM `maxiaohao_user` WHERE ( `uid` = 13131 ) LIMIT 1   [ RunTime:0.000413s ]

[ 2014-03-21T18:15:20+08:00 ] 127.0.0.1 /test/index.php/Show/my_fav
INFO: [ app_begin ] --START--
INFO: ReadHtmlCache Behavior ::run [ RunTime:0.003743s ]
INFO: [ app_begin ] --END-- [ RunTime:0.003977s ]
SQL: SHOW COLUMNS FROM `maxiaohao_tempuser` [ RunTime:0.004290s ]
SQL: SHOW COLUMNS FROM `maxiaohao_user` [ RunTime:0.005342s ]
NOTIC: 建议使用I方法替代_param
SQL: SELECT * FROM `maxiaohao_tempuser` WHERE ( `uid` = 13131 ) LIMIT 1   [ RunTime:0.000447s ]
NOTIC: 建议使用I方法替代_param
SQL: SELECT * FROM `maxiaohao_user` WHERE ( `uid` = 13131 ) LIMIT 1   [ RunTime:0.000449s ]

[ 2014-03-21T18:15:31+08:00 ] 127.0.0.1 /test/index.php/Show/my_fav
INFO: [ app_begin ] --START--
INFO: ReadHtmlCache Behavior ::run [ RunTime:0.003647s ]
INFO: [ app_begin ] --END-- [ RunTime:0.003872s ]
SQL: SHOW COLUMNS FROM `maxiaohao_tempuser` [ RunTime:0.004974s ]
SQL: SHOW COLUMNS FROM `maxiaohao_user` [ RunTime:0.005675s ]
NOTIC: 建议使用I方法替代_param
SQL: SELECT * FROM `maxiaohao_tempuser` WHERE ( `uid` = 13132 ) LIMIT 1   [ RunTime:0.000529s ]
NOTIC: 建议使用I方法替代_param
SQL: SELECT * FROM `maxiaohao_user` WHERE ( `uid` = 13132 ) LIMIT 1   [ RunTime:0.000453s ]

[ 2014-03-21T18:18:39+08:00 ] 127.0.0.1 /test/index.php/Show/my_fav
INFO: [ app_begin ] --START--
INFO: ReadHtmlCache Behavior ::run [ RunTime:0.002643s ]
INFO: [ app_begin ] --END-- [ RunTime:0.002858s ]
SQL: SHOW COLUMNS FROM `maxiaohao_tempuser` [ RunTime:0.004574s ]
SQL: SHOW COLUMNS FROM `maxiaohao_user` [ RunTime:0.006747s ]
NOTIC: 建议使用I方法替代_param
SQL: SELECT * FROM `maxiaohao_tempuser` WHERE ( `uid` = 13132 ) LIMIT 1   [ RunTime:0.000673s ]
NOTIC: 建议使用I方法替代_param
SQL: SELECT * FROM `maxiaohao_user` WHERE ( `uid` = 13132 ) LIMIT 1   [ RunTime:0.000423s ]

[ 2014-03-21T18:30:11+08:00 ] 127.0.0.1 /test/index.php/Show/my_fav
INFO: [ app_begin ] --START--
INFO: ReadHtmlCache Behavior ::run [ RunTime:0.002608s ]
INFO: [ app_begin ] --END-- [ RunTime:0.002851s ]
SQL: SHOW COLUMNS FROM `maxiaohao_tempuser` [ RunTime:0.004487s ]
SQL: SHOW COLUMNS FROM `maxiaohao_user` [ RunTime:0.004964s ]
SQL: SELECT * FROM `maxiaohao_tempuser` WHERE ( openid='' ) LIMIT 1   [ RunTime:0.000809s ]
SQL: SELECT * FROM `maxiaohao_user` WHERE ( openid='' ) LIMIT 1   [ RunTime:0.000541s ]

[ 2014-03-21T18:39:10+08:00 ] 127.0.0.1 /test/index.php/Show/my_fav
INFO: [ app_begin ] --START--
INFO: ReadHtmlCache Behavior ::run [ RunTime:0.003961s ]
INFO: [ app_begin ] --END-- [ RunTime:0.004186s ]
SQL: SHOW COLUMNS FROM `maxiaohao_tempuser` [ RunTime:0.026380s ]
SQL: SHOW COLUMNS FROM `maxiaohao_user` [ RunTime:0.005999s ]
SQL: SELECT * FROM `maxiaohao_tempuser` WHERE ( openid='' ) LIMIT 1   [ RunTime:0.000850s ]
SQL: SELECT * FROM `maxiaohao_user` WHERE ( openid='' ) LIMIT 1   [ RunTime:0.000532s ]

[ 2014-03-21T18:39:20+08:00 ] 127.0.0.1 /test/index.php/Show/my_fav
INFO: [ app_begin ] --START--
INFO: ReadHtmlCache Behavior ::run [ RunTime:0.003394s ]
INFO: [ app_begin ] --END-- [ RunTime:0.003666s ]
SQL: SHOW COLUMNS FROM `maxiaohao_tempuser` [ RunTime:0.004207s ]
SQL: SHOW COLUMNS FROM `maxiaohao_user` [ RunTime:0.005128s ]
SQL: SELECT * FROM `maxiaohao_tempuser` WHERE ( openid='' ) LIMIT 1   [ RunTime:0.000764s ]
SQL: SELECT * FROM `maxiaohao_user` WHERE ( openid='' ) LIMIT 1   [ RunTime:0.000512s ]

[ 2014-03-21T18:47:09+08:00 ] 127.0.0.1 /test/index.php/Show/my_fav
INFO: [ app_begin ] --START--
INFO: ReadHtmlCache Behavior ::run [ RunTime:0.001700s ]
INFO: [ app_begin ] --END-- [ RunTime:0.001968s ]
SQL: SHOW COLUMNS FROM `maxiaohao_tempuser` [ RunTime:0.051228s ]
SQL: SHOW COLUMNS FROM `maxiaohao_user` [ RunTime:0.004871s ]
SQL: SELECT * FROM `maxiaohao_tempuser` WHERE ( openid='' ) LIMIT 1   [ RunTime:0.000745s ]
SQL: SELECT * FROM `maxiaohao_user` WHERE ( openid='' ) LIMIT 1   [ RunTime:0.000451s ]
NOTIC: [2] Cannot modify header information - headers already sent by (output started at D:\AppServ\www\test\Maxiaohao\Lib\Action\ShowAction.class.php:35) D:\AppServ\www\test\ThinkPHP\Lib\Core\Action.class.php 第 321 行.

[ 2014-03-21T18:47:12+08:00 ] 127.0.0.1 /test/index.php/Show/my_fav
INFO: [ app_begin ] --START--
INFO: ReadHtmlCache Behavior ::run [ RunTime:0.001716s ]
INFO: [ app_begin ] --END-- [ RunTime:0.001964s ]
SQL: SHOW COLUMNS FROM `maxiaohao_tempuser` [ RunTime:0.004242s ]
SQL: SHOW COLUMNS FROM `maxiaohao_user` [ RunTime:0.004976s ]
SQL: SELECT * FROM `maxiaohao_tempuser` WHERE ( openid='' ) LIMIT 1   [ RunTime:0.000695s ]
SQL: SELECT * FROM `maxiaohao_user` WHERE ( openid='' ) LIMIT 1   [ RunTime:0.000506s ]
NOTIC: [2] Cannot modify header information - headers already sent by (output started at D:\AppServ\www\test\Maxiaohao\Lib\Action\ShowAction.class.php:35) D:\AppServ\www\test\ThinkPHP\Lib\Core\Action.class.php 第 321 行.

[ 2014-03-21T18:47:13+08:00 ] 127.0.0.1 /test/index.php/Show/my_fav
INFO: [ app_begin ] --START--
INFO: ReadHtmlCache Behavior ::run [ RunTime:0.001901s ]
INFO: [ app_begin ] --END-- [ RunTime:0.002147s ]
SQL: SHOW COLUMNS FROM `maxiaohao_tempuser` [ RunTime:0.004353s ]
SQL: SHOW COLUMNS FROM `maxiaohao_user` [ RunTime:0.005163s ]
SQL: SELECT * FROM `maxiaohao_tempuser` WHERE ( openid='' ) LIMIT 1   [ RunTime:0.001036s ]
SQL: SELECT * FROM `maxiaohao_user` WHERE ( openid='' ) LIMIT 1   [ RunTime:0.000642s ]
NOTIC: [2] Cannot modify header information - headers already sent by (output started at D:\AppServ\www\test\Maxiaohao\Lib\Action\ShowAction.class.php:35) D:\AppServ\www\test\ThinkPHP\Lib\Core\Action.class.php 第 321 行.

[ 2014-03-21T18:47:27+08:00 ] 127.0.0.1 /test/index.php/Show/my_fav
INFO: [ app_begin ] --START--
INFO: ReadHtmlCache Behavior ::run [ RunTime:0.003719s ]
INFO: [ app_begin ] --END-- [ RunTime:0.003936s ]
SQL: SHOW COLUMNS FROM `maxiaohao_tempuser` [ RunTime:0.004527s ]
SQL: SHOW COLUMNS FROM `maxiaohao_user` [ RunTime:0.005237s ]
SQL: SELECT * FROM `maxiaohao_tempuser` WHERE ( openid='' ) LIMIT 1   [ RunTime:0.000767s ]
SQL: SELECT * FROM `maxiaohao_user` WHERE ( openid='' ) LIMIT 1   [ RunTime:0.000479s ]
NOTIC: [2] Cannot modify header information - headers already sent by (output started at D:\AppServ\www\test\Maxiaohao\Lib\Action\ShowAction.class.php:35) D:\AppServ\www\test\ThinkPHP\Lib\Core\Action.class.php 第 321 行.

[ 2014-03-21T18:47:27+08:00 ] 127.0.0.1 /test/index.php/Show/my_fav
INFO: [ app_begin ] --START--
INFO: ReadHtmlCache Behavior ::run [ RunTime:0.006270s ]
INFO: [ app_begin ] --END-- [ RunTime:0.006683s ]
SQL: SHOW COLUMNS FROM `maxiaohao_tempuser` [ RunTime:0.005545s ]
SQL: SHOW COLUMNS FROM `maxiaohao_user` [ RunTime:0.005732s ]
SQL: SELECT * FROM `maxiaohao_tempuser` WHERE ( openid='' ) LIMIT 1   [ RunTime:0.000726s ]
SQL: SELECT * FROM `maxiaohao_user` WHERE ( openid='' ) LIMIT 1   [ RunTime:0.000510s ]
NOTIC: [2] Cannot modify header information - headers already sent by (output started at D:\AppServ\www\test\Maxiaohao\Lib\Action\ShowAction.class.php:35) D:\AppServ\www\test\ThinkPHP\Lib\Core\Action.class.php 第 321 行.

[ 2014-03-21T18:47:27+08:00 ] 127.0.0.1 /test/index.php/Show/my_fav
INFO: [ app_begin ] --START--
INFO: ReadHtmlCache Behavior ::run [ RunTime:0.004465s ]
INFO: [ app_begin ] --END-- [ RunTime:0.004801s ]
SQL: SHOW COLUMNS FROM `maxiaohao_tempuser` [ RunTime:0.004419s ]
SQL: SHOW COLUMNS FROM `maxiaohao_user` [ RunTime:0.005873s ]
SQL: SELECT * FROM `maxiaohao_tempuser` WHERE ( openid='' ) LIMIT 1   [ RunTime:0.001006s ]
SQL: SELECT * FROM `maxiaohao_user` WHERE ( openid='' ) LIMIT 1   [ RunTime:0.000495s ]
NOTIC: [2] Cannot modify header information - headers already sent by (output started at D:\AppServ\www\test\Maxiaohao\Lib\Action\ShowAction.class.php:35) D:\AppServ\www\test\ThinkPHP\Lib\Core\Action.class.php 第 321 行.

[ 2014-03-21T18:47:27+08:00 ] 127.0.0.1 /test/index.php/Show/my_fav
INFO: [ app_begin ] --START--
INFO: ReadHtmlCache Behavior ::run [ RunTime:0.003756s ]
INFO: [ app_begin ] --END-- [ RunTime:0.003980s ]
SQL: SHOW COLUMNS FROM `maxiaohao_tempuser` [ RunTime:0.005051s ]
SQL: SHOW COLUMNS FROM `maxiaohao_user` [ RunTime:0.005113s ]
SQL: SELECT * FROM `maxiaohao_tempuser` WHERE ( openid='' ) LIMIT 1   [ RunTime:0.000751s ]
SQL: SELECT * FROM `maxiaohao_user` WHERE ( openid='' ) LIMIT 1   [ RunTime:0.000501s ]
NOTIC: [2] Cannot modify header information - headers already sent by (output started at D:\AppServ\www\test\Maxiaohao\Lib\Action\ShowAction.class.php:35) D:\AppServ\www\test\ThinkPHP\Lib\Core\Action.class.php 第 321 行.

[ 2014-03-21T18:47:28+08:00 ] 127.0.0.1 /test/index.php/Show/my_fav
INFO: [ app_begin ] --START--
INFO: ReadHtmlCache Behavior ::run [ RunTime:0.003571s ]
INFO: [ app_begin ] --END-- [ RunTime:0.003799s ]
SQL: SHOW COLUMNS FROM `maxiaohao_tempuser` [ RunTime:0.004596s ]
SQL: SHOW COLUMNS FROM `maxiaohao_user` [ RunTime:0.005043s ]
SQL: SELECT * FROM `maxiaohao_tempuser` WHERE ( openid='' ) LIMIT 1   [ RunTime:0.000770s ]
SQL: SELECT * FROM `maxiaohao_user` WHERE ( openid='' ) LIMIT 1   [ RunTime:0.000485s ]
NOTIC: [2] Cannot modify header information - headers already sent by (output started at D:\AppServ\www\test\Maxiaohao\Lib\Action\ShowAction.class.php:35) D:\AppServ\www\test\ThinkPHP\Lib\Core\Action.class.php 第 321 行.

[ 2014-03-21T18:47:28+08:00 ] 127.0.0.1 /test/index.php/Show/my_fav
INFO: [ app_begin ] --START--
INFO: ReadHtmlCache Behavior ::run [ RunTime:0.004815s ]
INFO: [ app_begin ] --END-- [ RunTime:0.005107s ]
SQL: SHOW COLUMNS FROM `maxiaohao_tempuser` [ RunTime:0.005590s ]
SQL: SHOW COLUMNS FROM `maxiaohao_user` [ RunTime:0.005765s ]
SQL: SELECT * FROM `maxiaohao_tempuser` WHERE ( openid='' ) LIMIT 1   [ RunTime:0.000915s ]
SQL: SELECT * FROM `maxiaohao_user` WHERE ( openid='' ) LIMIT 1   [ RunTime:0.000490s ]
NOTIC: [2] Cannot modify header information - headers already sent by (output started at D:\AppServ\www\test\Maxiaohao\Lib\Action\ShowAction.class.php:35) D:\AppServ\www\test\ThinkPHP\Lib\Core\Action.class.php 第 321 行.

[ 2014-03-21T18:47:35+08:00 ] 127.0.0.1 /test/index.php/Show/my_fav
INFO: [ app_begin ] --START--
INFO: ReadHtmlCache Behavior ::run [ RunTime:0.001567s ]
INFO: [ app_begin ] --END-- [ RunTime:0.001768s ]
SQL: SHOW COLUMNS FROM `maxiaohao_tempuser` [ RunTime:0.004197s ]
SQL: SHOW COLUMNS FROM `maxiaohao_user` [ RunTime:0.005494s ]
SQL: SELECT * FROM `maxiaohao_tempuser` WHERE ( openid='' ) LIMIT 1   [ RunTime:0.000802s ]
SQL: SELECT * FROM `maxiaohao_user` WHERE ( openid='' ) LIMIT 1   [ RunTime:0.000512s ]
NOTIC: [2] Cannot modify header information - headers already sent by (output started at D:\AppServ\www\test\Maxiaohao\Lib\Action\ShowAction.class.php:35) D:\AppServ\www\test\ThinkPHP\Lib\Core\Action.class.php 第 321 行.

[ 2014-03-21T18:47:36+08:00 ] 127.0.0.1 /test/index.php/Show/my_fav
INFO: [ app_begin ] --START--
INFO: ReadHtmlCache Behavior ::run [ RunTime:0.001568s ]
INFO: [ app_begin ] --END-- [ RunTime:0.001764s ]
SQL: SHOW COLUMNS FROM `maxiaohao_tempuser` [ RunTime:0.004279s ]
SQL: SHOW COLUMNS FROM `maxiaohao_user` [ RunTime:0.004916s ]
SQL: SELECT * FROM `maxiaohao_tempuser` WHERE ( openid='' ) LIMIT 1   [ RunTime:0.000711s ]
SQL: SELECT * FROM `maxiaohao_user` WHERE ( openid='' ) LIMIT 1   [ RunTime:0.000487s ]
NOTIC: [2] Cannot modify header information - headers already sent by (output started at D:\AppServ\www\test\Maxiaohao\Lib\Action\ShowAction.class.php:35) D:\AppServ\www\test\ThinkPHP\Lib\Core\Action.class.php 第 321 行.

[ 2014-03-21T18:47:36+08:00 ] 127.0.0.1 /test/index.php/Show/my_fav
INFO: [ app_begin ] --START--
INFO: ReadHtmlCache Behavior ::run [ RunTime:0.002397s ]
INFO: [ app_begin ] --END-- [ RunTime:0.002684s ]
SQL: SHOW COLUMNS FROM `maxiaohao_tempuser` [ RunTime:0.005451s ]
SQL: SHOW COLUMNS FROM `maxiaohao_user` [ RunTime:0.007156s ]
SQL: SELECT * FROM `maxiaohao_tempuser` WHERE ( openid='' ) LIMIT 1   [ RunTime:0.000882s ]
SQL: SELECT * FROM `maxiaohao_user` WHERE ( openid='' ) LIMIT 1   [ RunTime:0.000495s ]
NOTIC: [2] Cannot modify header information - headers already sent by (output started at D:\AppServ\www\test\Maxiaohao\Lib\Action\ShowAction.class.php:35) D:\AppServ\www\test\ThinkPHP\Lib\Core\Action.class.php 第 321 行.

[ 2014-03-21T18:47:37+08:00 ] 127.0.0.1 /test/index.php/Show/my_fav
INFO: [ app_begin ] --START--
INFO: ReadHtmlCache Behavior ::run [ RunTime:0.001669s ]
INFO: [ app_begin ] --END-- [ RunTime:0.001897s ]
SQL: SHOW COLUMNS FROM `maxiaohao_tempuser` [ RunTime:0.005296s ]
SQL: SHOW COLUMNS FROM `maxiaohao_user` [ RunTime:0.004969s ]
SQL: SELECT * FROM `maxiaohao_tempuser` WHERE ( openid='' ) LIMIT 1   [ RunTime:0.000748s ]
SQL: SELECT * FROM `maxiaohao_user` WHERE ( openid='' ) LIMIT 1   [ RunTime:0.000508s ]
NOTIC: [2] Cannot modify header information - headers already sent by (output started at D:\AppServ\www\test\Maxiaohao\Lib\Action\ShowAction.class.php:35) D:\AppServ\www\test\ThinkPHP\Lib\Core\Action.class.php 第 321 行.

[ 2014-03-21T18:47:37+08:00 ] 127.0.0.1 /test/index.php/Show/my_fav
INFO: [ app_begin ] --START--
INFO: ReadHtmlCache Behavior ::run [ RunTime:0.001540s ]
INFO: [ app_begin ] --END-- [ RunTime:0.001739s ]
SQL: SHOW COLUMNS FROM `maxiaohao_tempuser` [ RunTime:0.004355s ]
SQL: SHOW COLUMNS FROM `maxiaohao_user` [ RunTime:0.004839s ]
SQL: SELECT * FROM `maxiaohao_tempuser` WHERE ( openid='' ) LIMIT 1   [ RunTime:0.000665s ]
SQL: SELECT * FROM `maxiaohao_user` WHERE ( openid='' ) LIMIT 1   [ RunTime:0.000488s ]
NOTIC: [2] Cannot modify header information - headers already sent by (output started at D:\AppServ\www\test\Maxiaohao\Lib\Action\ShowAction.class.php:35) D:\AppServ\www\test\ThinkPHP\Lib\Core\Action.class.php 第 321 行.

[ 2014-03-21T18:47:37+08:00 ] 127.0.0.1 /test/index.php/Show/my_fav
INFO: [ app_begin ] --START--
INFO: ReadHtmlCache Behavior ::run [ RunTime:0.001530s ]
INFO: [ app_begin ] --END-- [ RunTime:0.001744s ]
SQL: SHOW COLUMNS FROM `maxiaohao_tempuser` [ RunTime:0.004340s ]
SQL: SHOW COLUMNS FROM `maxiaohao_user` [ RunTime:0.005141s ]
SQL: SELECT * FROM `maxiaohao_tempuser` WHERE ( openid='' ) LIMIT 1   [ RunTime:0.000736s ]
SQL: SELECT * FROM `maxiaohao_user` WHERE ( openid='' ) LIMIT 1   [ RunTime:0.000529s ]
NOTIC: [2] Cannot modify header information - headers already sent by (output started at D:\AppServ\www\test\Maxiaohao\Lib\Action\ShowAction.class.php:35) D:\AppServ\www\test\ThinkPHP\Lib\Core\Action.class.php 第 321 行.

[ 2014-03-21T18:47:37+08:00 ] 127.0.0.1 /test/index.php/Show/my_fav
INFO: [ app_begin ] --START--
INFO: ReadHtmlCache Behavior ::run [ RunTime:0.001559s ]
INFO: [ app_begin ] --END-- [ RunTime:0.001764s ]
SQL: SHOW COLUMNS FROM `maxiaohao_tempuser` [ RunTime:0.004243s ]
SQL: SHOW COLUMNS FROM `maxiaohao_user` [ RunTime:0.005184s ]
SQL: SELECT * FROM `maxiaohao_tempuser` WHERE ( openid='' ) LIMIT 1   [ RunTime:0.000775s ]
SQL: SELECT * FROM `maxiaohao_user` WHERE ( openid='' ) LIMIT 1   [ RunTime:0.000486s ]
NOTIC: [2] Cannot modify header information - headers already sent by (output started at D:\AppServ\www\test\Maxiaohao\Lib\Action\ShowAction.class.php:35) D:\AppServ\www\test\ThinkPHP\Lib\Core\Action.class.php 第 321 行.

[ 2014-03-21T18:47:37+08:00 ] 127.0.0.1 /test/index.php/Show/my_fav
INFO: [ app_begin ] --START--
INFO: ReadHtmlCache Behavior ::run [ RunTime:0.001532s ]
INFO: [ app_begin ] --END-- [ RunTime:0.001735s ]
SQL: SHOW COLUMNS FROM `maxiaohao_tempuser` [ RunTime:0.004438s ]
SQL: SHOW COLUMNS FROM `maxiaohao_user` [ RunTime:0.005498s ]
SQL: SELECT * FROM `maxiaohao_tempuser` WHERE ( openid='' ) LIMIT 1   [ RunTime:0.001037s ]
SQL: SELECT * FROM `maxiaohao_user` WHERE ( openid='' ) LIMIT 1   [ RunTime:0.000589s ]
NOTIC: [2] Cannot modify header information - headers already sent by (output started at D:\AppServ\www\test\Maxiaohao\Lib\Action\ShowAction.class.php:35) D:\AppServ\www\test\ThinkPHP\Lib\Core\Action.class.php 第 321 行.

[ 2014-03-21T18:47:42+08:00 ] 127.0.0.1 /test/index.php/Show/my_fav
INFO: [ app_begin ] --START--
INFO: ReadHtmlCache Behavior ::run [ RunTime:0.001673s ]
INFO: [ app_begin ] --END-- [ RunTime:0.001938s ]
SQL: SHOW COLUMNS FROM `maxiaohao_tempuser` [ RunTime:0.004077s ]
SQL: SHOW COLUMNS FROM `maxiaohao_user` [ RunTime:0.005158s ]
SQL: SELECT * FROM `maxiaohao_tempuser` WHERE ( openid='' ) LIMIT 1   [ RunTime:0.000809s ]
SQL: SELECT * FROM `maxiaohao_user` WHERE ( openid='' ) LIMIT 1   [ RunTime:0.000541s ]
NOTIC: [2] Cannot modify header information - headers already sent by (output started at D:\AppServ\www\test\Maxiaohao\Lib\Action\ShowAction.class.php:35) D:\AppServ\www\test\ThinkPHP\Lib\Core\Action.class.php 第 321 行.

[ 2014-03-21T18:47:42+08:00 ] 127.0.0.1 /test/index.php/Show/my_fav
INFO: [ app_begin ] --START--
INFO: ReadHtmlCache Behavior ::run [ RunTime:0.001615s ]
INFO: [ app_begin ] --END-- [ RunTime:0.001816s ]
SQL: SHOW COLUMNS FROM `maxiaohao_tempuser` [ RunTime:0.004238s ]
SQL: SHOW COLUMNS FROM `maxiaohao_user` [ RunTime:0.004980s ]
SQL: SELECT * FROM `maxiaohao_tempuser` WHERE ( openid='' ) LIMIT 1   [ RunTime:0.000769s ]
SQL: SELECT * FROM `maxiaohao_user` WHERE ( openid='' ) LIMIT 1   [ RunTime:0.000492s ]
NOTIC: [2] Cannot modify header information - headers already sent by (output started at D:\AppServ\www\test\Maxiaohao\Lib\Action\ShowAction.class.php:35) D:\AppServ\www\test\ThinkPHP\Lib\Core\Action.class.php 第 321 行.

[ 2014-03-21T18:47:42+08:00 ] 127.0.0.1 /test/index.php/Show/my_fav
INFO: [ app_begin ] --START--
INFO: ReadHtmlCache Behavior ::run [ RunTime:0.001653s ]
INFO: [ app_begin ] --END-- [ RunTime:0.001884s ]
SQL: SHOW COLUMNS FROM `maxiaohao_tempuser` [ RunTime:0.004150s ]
SQL: SHOW COLUMNS FROM `maxiaohao_user` [ RunTime:0.004979s ]
SQL: SELECT * FROM `maxiaohao_tempuser` WHERE ( openid='' ) LIMIT 1   [ RunTime:0.000939s ]
SQL: SELECT * FROM `maxiaohao_user` WHERE ( openid='' ) LIMIT 1   [ RunTime:0.000487s ]
NOTIC: [2] Cannot modify header information - headers already sent by (output started at D:\AppServ\www\test\Maxiaohao\Lib\Action\ShowAction.class.php:35) D:\AppServ\www\test\ThinkPHP\Lib\Core\Action.class.php 第 321 行.

[ 2014-03-21T18:47:43+08:00 ] 127.0.0.1 /test/index.php/Show/my_fav
INFO: [ app_begin ] --START--
INFO: ReadHtmlCache Behavior ::run [ RunTime:0.001607s ]
INFO: [ app_begin ] --END-- [ RunTime:0.001820s ]
SQL: SHOW COLUMNS FROM `maxiaohao_tempuser` [ RunTime:0.004629s ]
SQL: SHOW COLUMNS FROM `maxiaohao_user` [ RunTime:0.005443s ]
SQL: SELECT * FROM `maxiaohao_tempuser` WHERE ( openid='' ) LIMIT 1   [ RunTime:0.000904s ]
SQL: SELECT * FROM `maxiaohao_user` WHERE ( openid='' ) LIMIT 1   [ RunTime:0.000572s ]
NOTIC: [2] Cannot modify header information - headers already sent by (output started at D:\AppServ\www\test\Maxiaohao\Lib\Action\ShowAction.class.php:35) D:\AppServ\www\test\ThinkPHP\Lib\Core\Action.class.php 第 321 行.

[ 2014-03-21T18:49:05+08:00 ] 127.0.0.1 /test/index.php/Show/my_fav
INFO: [ app_begin ] --START--
INFO: ReadHtmlCache Behavior ::run [ RunTime:0.003543s ]
INFO: [ app_begin ] --END-- [ RunTime:0.003760s ]
SQL: SHOW COLUMNS FROM `maxiaohao_tempuser` [ RunTime:0.004112s ]
SQL: SHOW COLUMNS FROM `maxiaohao_user` [ RunTime:0.005053s ]
SQL: SELECT * FROM `maxiaohao_tempuser` WHERE ( openid='' ) LIMIT 1   [ RunTime:0.000864s ]
SQL: SELECT * FROM `maxiaohao_user` WHERE ( openid='' ) LIMIT 1   [ RunTime:0.000503s ]
NOTIC: [2] Cannot modify header information - headers already sent by (output started at D:\AppServ\www\test\Maxiaohao\Lib\Action\ShowAction.class.php:35) D:\AppServ\www\test\ThinkPHP\Lib\Core\Action.class.php 第 321 行.

[ 2014-03-21T18:49:06+08:00 ] 127.0.0.1 /test/index.php/Show/my_fav
INFO: [ app_begin ] --START--
INFO: ReadHtmlCache Behavior ::run [ RunTime:0.003652s ]
INFO: [ app_begin ] --END-- [ RunTime:0.003885s ]
SQL: SHOW COLUMNS FROM `maxiaohao_tempuser` [ RunTime:0.004651s ]
SQL: SHOW COLUMNS FROM `maxiaohao_user` [ RunTime:0.005056s ]
SQL: SELECT * FROM `maxiaohao_tempuser` WHERE ( openid='' ) LIMIT 1   [ RunTime:0.000926s ]
SQL: SELECT * FROM `maxiaohao_user` WHERE ( openid='' ) LIMIT 1   [ RunTime:0.000476s ]
NOTIC: [2] Cannot modify header information - headers already sent by (output started at D:\AppServ\www\test\Maxiaohao\Lib\Action\ShowAction.class.php:35) D:\AppServ\www\test\ThinkPHP\Lib\Core\Action.class.php 第 321 行.

[ 2014-03-21T18:49:06+08:00 ] 127.0.0.1 /test/index.php/Show/my_fav
INFO: [ app_begin ] --START--
INFO: ReadHtmlCache Behavior ::run [ RunTime:0.003926s ]
INFO: [ app_begin ] --END-- [ RunTime:0.004165s ]
SQL: SHOW COLUMNS FROM `maxiaohao_tempuser` [ RunTime:0.004233s ]
SQL: SHOW COLUMNS FROM `maxiaohao_user` [ RunTime:0.005009s ]
SQL: SELECT * FROM `maxiaohao_tempuser` WHERE ( openid='' ) LIMIT 1   [ RunTime:0.000716s ]
SQL: SELECT * FROM `maxiaohao_user` WHERE ( openid='' ) LIMIT 1   [ RunTime:0.000561s ]
NOTIC: [2] Cannot modify header information - headers already sent by (output started at D:\AppServ\www\test\Maxiaohao\Lib\Action\ShowAction.class.php:35) D:\AppServ\www\test\ThinkPHP\Lib\Core\Action.class.php 第 321 行.

[ 2014-03-21T18:49:07+08:00 ] 127.0.0.1 /test/index.php/Show/my_fav
INFO: [ app_begin ] --START--
INFO: ReadHtmlCache Behavior ::run [ RunTime:0.007358s ]
INFO: [ app_begin ] --END-- [ RunTime:0.007735s ]
SQL: SHOW COLUMNS FROM `maxiaohao_tempuser` [ RunTime:0.004226s ]
SQL: SHOW COLUMNS FROM `maxiaohao_user` [ RunTime:0.005738s ]
SQL: SELECT * FROM `maxiaohao_tempuser` WHERE ( openid='' ) LIMIT 1   [ RunTime:0.000904s ]
SQL: SELECT * FROM `maxiaohao_user` WHERE ( openid='' ) LIMIT 1   [ RunTime:0.000466s ]
NOTIC: [2] Cannot modify header information - headers already sent by (output started at D:\AppServ\www\test\Maxiaohao\Lib\Action\ShowAction.class.php:35) D:\AppServ\www\test\ThinkPHP\Lib\Core\Action.class.php 第 321 行.

[ 2014-03-21T18:49:07+08:00 ] 127.0.0.1 /test/index.php/Show/my_fav
INFO: [ app_begin ] --START--
INFO: ReadHtmlCache Behavior ::run [ RunTime:0.005489s ]
INFO: [ app_begin ] --END-- [ RunTime:0.005805s ]
SQL: SHOW COLUMNS FROM `maxiaohao_tempuser` [ RunTime:0.004283s ]
SQL: SHOW COLUMNS FROM `maxiaohao_user` [ RunTime:0.004965s ]
SQL: SELECT * FROM `maxiaohao_tempuser` WHERE ( openid='' ) LIMIT 1   [ RunTime:0.000791s ]
SQL: SELECT * FROM `maxiaohao_user` WHERE ( openid='' ) LIMIT 1   [ RunTime:0.000528s ]
NOTIC: [2] Cannot modify header information - headers already sent by (output started at D:\AppServ\www\test\Maxiaohao\Lib\Action\ShowAction.class.php:35) D:\AppServ\www\test\ThinkPHP\Lib\Core\Action.class.php 第 321 行.

[ 2014-03-21T18:49:07+08:00 ] 127.0.0.1 /test/index.php/Show/my_fav
INFO: [ app_begin ] --START--
INFO: ReadHtmlCache Behavior ::run [ RunTime:0.005038s ]
INFO: [ app_begin ] --END-- [ RunTime:0.005334s ]
SQL: SHOW COLUMNS FROM `maxiaohao_tempuser` [ RunTime:0.004283s ]
SQL: SHOW COLUMNS FROM `maxiaohao_user` [ RunTime:0.005246s ]
SQL: SELECT * FROM `maxiaohao_tempuser` WHERE ( openid='' ) LIMIT 1   [ RunTime:0.000850s ]
SQL: SELECT * FROM `maxiaohao_user` WHERE ( openid='' ) LIMIT 1   [ RunTime:0.000622s ]
NOTIC: [2] Cannot modify header information - headers already sent by (output started at D:\AppServ\www\test\Maxiaohao\Lib\Action\ShowAction.class.php:35) D:\AppServ\www\test\ThinkPHP\Lib\Core\Action.class.php 第 321 行.

[ 2014-03-21T18:49:07+08:00 ] 127.0.0.1 /test/index.php/Show/my_fav
INFO: [ app_begin ] --START--
INFO: ReadHtmlCache Behavior ::run [ RunTime:0.006671s ]
INFO: [ app_begin ] --END-- [ RunTime:0.007037s ]
SQL: SHOW COLUMNS FROM `maxiaohao_tempuser` [ RunTime:0.004389s ]
SQL: SHOW COLUMNS FROM `maxiaohao_user` [ RunTime:0.004892s ]
SQL: SELECT * FROM `maxiaohao_tempuser` WHERE ( openid='' ) LIMIT 1   [ RunTime:0.000755s ]
SQL: SELECT * FROM `maxiaohao_user` WHERE ( openid='' ) LIMIT 1   [ RunTime:0.000488s ]
NOTIC: [2] Cannot modify header information - headers already sent by (output started at D:\AppServ\www\test\Maxiaohao\Lib\Action\ShowAction.class.php:35) D:\AppServ\www\test\ThinkPHP\Lib\Core\Action.class.php 第 321 行.

[ 2014-03-21T18:49:07+08:00 ] 127.0.0.1 /test/index.php/Show/my_fav
INFO: [ app_begin ] --START--
INFO: ReadHtmlCache Behavior ::run [ RunTime:0.003605s ]
INFO: [ app_begin ] --END-- [ RunTime:0.004460s ]
SQL: SHOW COLUMNS FROM `maxiaohao_tempuser` [ RunTime:0.004692s ]
SQL: SHOW COLUMNS FROM `maxiaohao_user` [ RunTime:0.006536s ]
SQL: SELECT * FROM `maxiaohao_tempuser` WHERE ( openid='' ) LIMIT 1   [ RunTime:0.000809s ]
SQL: SELECT * FROM `maxiaohao_user` WHERE ( openid='' ) LIMIT 1   [ RunTime:0.000508s ]
NOTIC: [2] Cannot modify header information - headers already sent by (output started at D:\AppServ\www\test\Maxiaohao\Lib\Action\ShowAction.class.php:35) D:\AppServ\www\test\ThinkPHP\Lib\Core\Action.class.php 第 321 行.

[ 2014-03-21T18:49:07+08:00 ] 127.0.0.1 /test/index.php/Show/my_fav
INFO: [ app_begin ] --START--
INFO: ReadHtmlCache Behavior ::run [ RunTime:0.003621s ]
INFO: [ app_begin ] --END-- [ RunTime:0.003845s ]
SQL: SHOW COLUMNS FROM `maxiaohao_tempuser` [ RunTime:0.005614s ]
SQL: SHOW COLUMNS FROM `maxiaohao_user` [ RunTime:0.005522s ]
SQL: SELECT * FROM `maxiaohao_tempuser` WHERE ( openid='' ) LIMIT 1   [ RunTime:0.000762s ]
SQL: SELECT * FROM `maxiaohao_user` WHERE ( openid='' ) LIMIT 1   [ RunTime:0.000597s ]
NOTIC: [2] Cannot modify header information - headers already sent by (output started at D:\AppServ\www\test\Maxiaohao\Lib\Action\ShowAction.class.php:35) D:\AppServ\www\test\ThinkPHP\Lib\Core\Action.class.php 第 321 行.

[ 2014-03-21T18:49:12+08:00 ] 127.0.0.1 /test/index.php/Show/my_fav
INFO: [ app_begin ] --START--
INFO: ReadHtmlCache Behavior ::run [ RunTime:0.003548s ]
INFO: [ app_begin ] --END-- [ RunTime:0.003769s ]
SQL: SHOW COLUMNS FROM `maxiaohao_tempuser` [ RunTime:0.004681s ]
SQL: SHOW COLUMNS FROM `maxiaohao_user` [ RunTime:0.005558s ]
SQL: SELECT * FROM `maxiaohao_tempuser` WHERE ( openid='' ) LIMIT 1   [ RunTime:0.001053s ]
SQL: SELECT * FROM `maxiaohao_user` WHERE ( openid='' ) LIMIT 1   [ RunTime:0.000474s ]
NOTIC: [2] Cannot modify header information - headers already sent by (output started at D:\AppServ\www\test\Maxiaohao\Lib\Action\ShowAction.class.php:35) D:\AppServ\www\test\ThinkPHP\Lib\Core\Action.class.php 第 321 行.

[ 2014-03-21T18:49:12+08:00 ] 127.0.0.1 /test/index.php/Show/my_fav
INFO: [ app_begin ] --START--
INFO: ReadHtmlCache Behavior ::run [ RunTime:0.003494s ]
INFO: [ app_begin ] --END-- [ RunTime:0.003724s ]
SQL: SHOW COLUMNS FROM `maxiaohao_tempuser` [ RunTime:0.004404s ]
SQL: SHOW COLUMNS FROM `maxiaohao_user` [ RunTime:0.004902s ]
SQL: SELECT * FROM `maxiaohao_tempuser` WHERE ( openid='' ) LIMIT 1   [ RunTime:0.000802s ]
SQL: SELECT * FROM `maxiaohao_user` WHERE ( openid='' ) LIMIT 1   [ RunTime:0.000482s ]
NOTIC: [2] Cannot modify header information - headers already sent by (output started at D:\AppServ\www\test\Maxiaohao\Lib\Action\ShowAction.class.php:35) D:\AppServ\www\test\ThinkPHP\Lib\Core\Action.class.php 第 321 行.

[ 2014-03-21T18:49:15+08:00 ] 127.0.0.1 /test/index.php/Show/my_fav
INFO: [ app_begin ] --START--
INFO: ReadHtmlCache Behavior ::run [ RunTime:0.003529s ]
INFO: [ app_begin ] --END-- [ RunTime:0.003842s ]
SQL: SHOW COLUMNS FROM `maxiaohao_tempuser` [ RunTime:0.004214s ]
SQL: SHOW COLUMNS FROM `maxiaohao_user` [ RunTime:0.005208s ]
SQL: SELECT * FROM `maxiaohao_tempuser` WHERE ( openid='' ) LIMIT 1   [ RunTime:0.000743s ]
SQL: SELECT * FROM `maxiaohao_user` WHERE ( openid='' ) LIMIT 1   [ RunTime:0.000493s ]
NOTIC: [2] Cannot modify header information - headers already sent by (output started at D:\AppServ\www\test\Maxiaohao\Lib\Action\ShowAction.class.php:35) D:\AppServ\www\test\ThinkPHP\Lib\Core\Action.class.php 第 321 行.

[ 2014-03-21T18:49:16+08:00 ] 127.0.0.1 /test/index.php/Show/my_fav
INFO: [ app_begin ] --START--
INFO: ReadHtmlCache Behavior ::run [ RunTime:0.003518s ]
INFO: [ app_begin ] --END-- [ RunTime:0.003734s ]
SQL: SHOW COLUMNS FROM `maxiaohao_tempuser` [ RunTime:0.004537s ]
SQL: SHOW COLUMNS FROM `maxiaohao_user` [ RunTime:0.004764s ]
SQL: SELECT * FROM `maxiaohao_tempuser` WHERE ( openid='' ) LIMIT 1   [ RunTime:0.000822s ]
SQL: SELECT * FROM `maxiaohao_user` WHERE ( openid='' ) LIMIT 1   [ RunTime:0.000492s ]
NOTIC: [2] Cannot modify header information - headers already sent by (output started at D:\AppServ\www\test\Maxiaohao\Lib\Action\ShowAction.class.php:35) D:\AppServ\www\test\ThinkPHP\Lib\Core\Action.class.php 第 321 行.

[ 2014-03-21T18:49:17+08:00 ] 127.0.0.1 /test/index.php/Show/my_fav
INFO: [ app_begin ] --START--
INFO: ReadHtmlCache Behavior ::run [ RunTime:0.005203s ]
INFO: [ app_begin ] --END-- [ RunTime:0.005554s ]
SQL: SHOW COLUMNS FROM `maxiaohao_tempuser` [ RunTime:0.004205s ]
SQL: SHOW COLUMNS FROM `maxiaohao_user` [ RunTime:0.005898s ]
SQL: SELECT * FROM `maxiaohao_tempuser` WHERE ( openid='' ) LIMIT 1   [ RunTime:0.001020s ]
SQL: SELECT * FROM `maxiaohao_user` WHERE ( openid='' ) LIMIT 1   [ RunTime:0.000495s ]
NOTIC: [2] Cannot modify header information - headers already sent by (output started at D:\AppServ\www\test\Maxiaohao\Lib\Action\ShowAction.class.php:35) D:\AppServ\www\test\ThinkPHP\Lib\Core\Action.class.php 第 321 行.

[ 2014-03-21T18:49:17+08:00 ] 127.0.0.1 /test/index.php/Show/my_fav
INFO: [ app_begin ] --START--
INFO: ReadHtmlCache Behavior ::run [ RunTime:0.003588s ]
INFO: [ app_begin ] --END-- [ RunTime:0.003808s ]
SQL: SHOW COLUMNS FROM `maxiaohao_tempuser` [ RunTime:0.004472s ]
SQL: SHOW COLUMNS FROM `maxiaohao_user` [ RunTime:0.005684s ]
SQL: SELECT * FROM `maxiaohao_tempuser` WHERE ( openid='' ) LIMIT 1   [ RunTime:0.000937s ]
SQL: SELECT * FROM `maxiaohao_user` WHERE ( openid='' ) LIMIT 1   [ RunTime:0.000497s ]
NOTIC: [2] Cannot modify header information - headers already sent by (output started at D:\AppServ\www\test\Maxiaohao\Lib\Action\ShowAction.class.php:35) D:\AppServ\www\test\ThinkPHP\Lib\Core\Action.class.php 第 321 行.

[ 2014-03-21T18:49:17+08:00 ] 127.0.0.1 /test/index.php/Show/my_fav
INFO: [ app_begin ] --START--
INFO: ReadHtmlCache Behavior ::run [ RunTime:0.004670s ]
INFO: [ app_begin ] --END-- [ RunTime:0.004977s ]
SQL: SHOW COLUMNS FROM `maxiaohao_tempuser` [ RunTime:0.004232s ]
SQL: SHOW COLUMNS FROM `maxiaohao_user` [ RunTime:0.005290s ]
SQL: SELECT * FROM `maxiaohao_tempuser` WHERE ( openid='' ) LIMIT 1   [ RunTime:0.000843s ]
SQL: SELECT * FROM `maxiaohao_user` WHERE ( openid='' ) LIMIT 1   [ RunTime:0.000488s ]
NOTIC: [2] Cannot modify header information - headers already sent by (output started at D:\AppServ\www\test\Maxiaohao\Lib\Action\ShowAction.class.php:35) D:\AppServ\www\test\ThinkPHP\Lib\Core\Action.class.php 第 321 行.

[ 2014-03-21T18:49:17+08:00 ] 127.0.0.1 /test/index.php/Show/my_fav
INFO: [ app_begin ] --START--
INFO: ReadHtmlCache Behavior ::run [ RunTime:0.003782s ]
INFO: [ app_begin ] --END-- [ RunTime:0.004030s ]
SQL: SHOW COLUMNS FROM `maxiaohao_tempuser` [ RunTime:0.004144s ]
SQL: SHOW COLUMNS FROM `maxiaohao_user` [ RunTime:0.004811s ]
SQL: SELECT * FROM `maxiaohao_tempuser` WHERE ( openid='' ) LIMIT 1   [ RunTime:0.000944s ]
SQL: SELECT * FROM `maxiaohao_user` WHERE ( openid='' ) LIMIT 1   [ RunTime:0.000552s ]
NOTIC: [2] Cannot modify header information - headers already sent by (output started at D:\AppServ\www\test\Maxiaohao\Lib\Action\ShowAction.class.php:35) D:\AppServ\www\test\ThinkPHP\Lib\Core\Action.class.php 第 321 行.

[ 2014-03-21T18:49:17+08:00 ] 127.0.0.1 /test/index.php/Show/my_fav
INFO: [ app_begin ] --START--
INFO: ReadHtmlCache Behavior ::run [ RunTime:0.005749s ]
INFO: [ app_begin ] --END-- [ RunTime:0.005993s ]
SQL: SHOW COLUMNS FROM `maxiaohao_tempuser` [ RunTime:0.004191s ]
SQL: SHOW COLUMNS FROM `maxiaohao_user` [ RunTime:0.005273s ]
SQL: SELECT * FROM `maxiaohao_tempuser` WHERE ( openid='' ) LIMIT 1   [ RunTime:0.000709s ]
SQL: SELECT * FROM `maxiaohao_user` WHERE ( openid='' ) LIMIT 1   [ RunTime:0.000485s ]
NOTIC: [2] Cannot modify header information - headers already sent by (output started at D:\AppServ\www\test\Maxiaohao\Lib\Action\ShowAction.class.php:35) D:\AppServ\www\test\ThinkPHP\Lib\Core\Action.class.php 第 321 行.

[ 2014-03-21T18:49:17+08:00 ] 127.0.0.1 /test/index.php/Show/my_fav
INFO: [ app_begin ] --START--
INFO: ReadHtmlCache Behavior ::run [ RunTime:0.003568s ]
INFO: [ app_begin ] --END-- [ RunTime:0.003786s ]
SQL: SHOW COLUMNS FROM `maxiaohao_tempuser` [ RunTime:0.004276s ]
SQL: SHOW COLUMNS FROM `maxiaohao_user` [ RunTime:0.004971s ]
SQL: SELECT * FROM `maxiaohao_tempuser` WHERE ( openid='' ) LIMIT 1   [ RunTime:0.000866s ]
SQL: SELECT * FROM `maxiaohao_user` WHERE ( openid='' ) LIMIT 1   [ RunTime:0.000505s ]
NOTIC: [2] Cannot modify header information - headers already sent by (output started at D:\AppServ\www\test\Maxiaohao\Lib\Action\ShowAction.class.php:35) D:\AppServ\www\test\ThinkPHP\Lib\Core\Action.class.php 第 321 行.

[ 2014-03-21T18:51:27+08:00 ] 127.0.0.1 /test/index.php/Show/my_fav
INFO: [ app_begin ] --START--
INFO: ReadHtmlCache Behavior ::run [ RunTime:0.001061s ]
INFO: [ app_begin ] --END-- [ RunTime:0.001214s ]
SQL: SHOW COLUMNS FROM `maxiaohao_tempuser` [ RunTime:0.003616s ]
SQL: SHOW COLUMNS FROM `maxiaohao_user` [ RunTime:0.004097s ]
SQL: SELECT * FROM `maxiaohao_tempuser` WHERE ( openid='' ) LIMIT 1   [ RunTime:0.000743s ]
SQL: SELECT * FROM `maxiaohao_user` WHERE ( openid='' ) LIMIT 1   [ RunTime:0.000353s ]

[ 2014-03-21T18:51:28+08:00 ] 127.0.0.1 /test/index.php/Show/my_fav
INFO: [ app_begin ] --START--
INFO: ReadHtmlCache Behavior ::run [ RunTime:0.001522s ]
INFO: [ app_begin ] --END-- [ RunTime:0.001716s ]
SQL: SHOW COLUMNS FROM `maxiaohao_tempuser` [ RunTime:0.005242s ]
SQL: SHOW COLUMNS FROM `maxiaohao_user` [ RunTime:0.005175s ]
SQL: SELECT * FROM `maxiaohao_tempuser` WHERE ( openid='' ) LIMIT 1   [ RunTime:0.000822s ]
SQL: SELECT * FROM `maxiaohao_user` WHERE ( openid='' ) LIMIT 1   [ RunTime:0.000505s ]

[ 2014-03-21T18:51:28+08:00 ] 127.0.0.1 /test/index.php/Show/my_fav
INFO: [ app_begin ] --START--
INFO: ReadHtmlCache Behavior ::run [ RunTime:0.001581s ]
INFO: [ app_begin ] --END-- [ RunTime:0.001785s ]
SQL: SHOW COLUMNS FROM `maxiaohao_tempuser` [ RunTime:0.004605s ]
SQL: SHOW COLUMNS FROM `maxiaohao_user` [ RunTime:0.005128s ]
SQL: SELECT * FROM `maxiaohao_tempuser` WHERE ( openid='' ) LIMIT 1   [ RunTime:0.000785s ]
SQL: SELECT * FROM `maxiaohao_user` WHERE ( openid='' ) LIMIT 1   [ RunTime:0.000487s ]

[ 2014-03-21T18:51:29+08:00 ] 127.0.0.1 /test/index.php/Show/my_fav
INFO: [ app_begin ] --START--
INFO: ReadHtmlCache Behavior ::run [ RunTime:0.001580s ]
INFO: [ app_begin ] --END-- [ RunTime:0.001791s ]
SQL: SHOW COLUMNS FROM `maxiaohao_tempuser` [ RunTime:0.004614s ]
SQL: SHOW COLUMNS FROM `maxiaohao_user` [ RunTime:0.005577s ]
SQL: SELECT * FROM `maxiaohao_tempuser` WHERE ( openid='' ) LIMIT 1   [ RunTime:0.000845s ]
SQL: SELECT * FROM `maxiaohao_user` WHERE ( openid='' ) LIMIT 1   [ RunTime:0.000510s ]

[ 2014-03-21T18:51:29+08:00 ] 127.0.0.1 /test/index.php/Show/my_fav
INFO: [ app_begin ] --START--
INFO: ReadHtmlCache Behavior ::run [ RunTime:0.001550s ]
INFO: [ app_begin ] --END-- [ RunTime:0.001751s ]
SQL: SHOW COLUMNS FROM `maxiaohao_tempuser` [ RunTime:0.004477s ]
SQL: SHOW COLUMNS FROM `maxiaohao_user` [ RunTime:0.006921s ]
SQL: SELECT * FROM `maxiaohao_tempuser` WHERE ( openid='' ) LIMIT 1   [ RunTime:0.000800s ]
SQL: SELECT * FROM `maxiaohao_user` WHERE ( openid='' ) LIMIT 1   [ RunTime:0.000508s ]

[ 2014-03-21T18:51:42+08:00 ] 127.0.0.1 /test/index.php/Show/my_fav
INFO: [ app_begin ] --START--
INFO: ReadHtmlCache Behavior ::run [ RunTime:0.003097s ]
INFO: [ app_begin ] --END-- [ RunTime:0.003357s ]
SQL: SHOW COLUMNS FROM `maxiaohao_tempuser` [ RunTime:0.003293s ]
SQL: SHOW COLUMNS FROM `maxiaohao_user` [ RunTime:0.004075s ]
SQL: SELECT * FROM `maxiaohao_tempuser` WHERE ( openid='' ) LIMIT 1   [ RunTime:0.000596s ]
SQL: SELECT * FROM `maxiaohao_user` WHERE ( openid='' ) LIMIT 1   [ RunTime:0.000410s ]

[ 2014-03-21T18:51:43+08:00 ] 127.0.0.1 /test/index.php/Show/my_fav
INFO: [ app_begin ] --START--
INFO: ReadHtmlCache Behavior ::run [ RunTime:0.001541s ]
INFO: [ app_begin ] --END-- [ RunTime:0.001771s ]
SQL: SHOW COLUMNS FROM `maxiaohao_tempuser` [ RunTime:0.005849s ]
SQL: SHOW COLUMNS FROM `maxiaohao_user` [ RunTime:0.005424s ]
SQL: SELECT * FROM `maxiaohao_tempuser` WHERE ( openid='' ) LIMIT 1   [ RunTime:0.001058s ]
SQL: SELECT * FROM `maxiaohao_user` WHERE ( openid='' ) LIMIT 1   [ RunTime:0.000543s ]

[ 2014-03-21T18:51:43+08:00 ] 127.0.0.1 /test/index.php/Show/my_fav
INFO: [ app_begin ] --START--
INFO: ReadHtmlCache Behavior ::run [ RunTime:0.002168s ]
INFO: [ app_begin ] --END-- [ RunTime:0.002430s ]
SQL: SHOW COLUMNS FROM `maxiaohao_tempuser` [ RunTime:0.004278s ]
SQL: SHOW COLUMNS FROM `maxiaohao_user` [ RunTime:0.005171s ]
SQL: SELECT * FROM `maxiaohao_tempuser` WHERE ( openid='' ) LIMIT 1   [ RunTime:0.001175s ]
SQL: SELECT * FROM `maxiaohao_user` WHERE ( openid='' ) LIMIT 1   [ RunTime:0.000540s ]

[ 2014-03-21T18:51:43+08:00 ] 127.0.0.1 /test/index.php/Show/my_fav
INFO: [ app_begin ] --START--
INFO: ReadHtmlCache Behavior ::run [ RunTime:0.001595s ]
INFO: [ app_begin ] --END-- [ RunTime:0.001813s ]
SQL: SHOW COLUMNS FROM `maxiaohao_tempuser` [ RunTime:0.004356s ]
SQL: SHOW COLUMNS FROM `maxiaohao_user` [ RunTime:0.005853s ]
SQL: SELECT * FROM `maxiaohao_tempuser` WHERE ( openid='' ) LIMIT 1   [ RunTime:0.001121s ]
SQL: SELECT * FROM `maxiaohao_user` WHERE ( openid='' ) LIMIT 1   [ RunTime:0.000609s ]

[ 2014-03-21T18:51:43+08:00 ] 127.0.0.1 /test/index.php/Show/my_fav
INFO: [ app_begin ] --START--
INFO: ReadHtmlCache Behavior ::run [ RunTime:0.001712s ]
INFO: [ app_begin ] --END-- [ RunTime:0.001949s ]
SQL: SHOW COLUMNS FROM `maxiaohao_tempuser` [ RunTime:0.004215s ]
SQL: SHOW COLUMNS FROM `maxiaohao_user` [ RunTime:0.004883s ]
SQL: SELECT * FROM `maxiaohao_tempuser` WHERE ( openid='' ) LIMIT 1   [ RunTime:0.000700s ]
SQL: SELECT * FROM `maxiaohao_user` WHERE ( openid='' ) LIMIT 1   [ RunTime:0.000495s ]

[ 2014-03-21T18:52:03+08:00 ] 127.0.0.1 /test/index.php/Show/my_fav
INFO: [ app_begin ] --START--
INFO: ReadHtmlCache Behavior ::run [ RunTime:0.002590s ]
INFO: [ app_begin ] --END-- [ RunTime:0.002807s ]
SQL: SHOW COLUMNS FROM `maxiaohao_tempuser` [ RunTime:0.004236s ]
SQL: SHOW COLUMNS FROM `maxiaohao_user` [ RunTime:0.004797s ]

[ 2014-03-21T18:52:04+08:00 ] 127.0.0.1 /test/index.php/Show/my_fav
INFO: [ app_begin ] --START--
INFO: ReadHtmlCache Behavior ::run [ RunTime:0.001544s ]
INFO: [ app_begin ] --END-- [ RunTime:0.001737s ]
SQL: SHOW COLUMNS FROM `maxiaohao_tempuser` [ RunTime:0.004422s ]
SQL: SHOW COLUMNS FROM `maxiaohao_user` [ RunTime:0.005578s ]

[ 2014-03-21T18:52:04+08:00 ] 127.0.0.1 /test/index.php/Show/my_fav
INFO: [ app_begin ] --START--
INFO: ReadHtmlCache Behavior ::run [ RunTime:0.001533s ]
INFO: [ app_begin ] --END-- [ RunTime:0.001724s ]
SQL: SHOW COLUMNS FROM `maxiaohao_tempuser` [ RunTime:0.005604s ]
SQL: SHOW COLUMNS FROM `maxiaohao_user` [ RunTime:0.007149s ]

[ 2014-03-21T18:52:04+08:00 ] 127.0.0.1 /test/index.php/Show/my_fav
INFO: [ app_begin ] --START--
INFO: ReadHtmlCache Behavior ::run [ RunTime:0.001575s ]
INFO: [ app_begin ] --END-- [ RunTime:0.001770s ]
SQL: SHOW COLUMNS FROM `maxiaohao_tempuser` [ RunTime:0.004877s ]
SQL: SHOW COLUMNS FROM `maxiaohao_user` [ RunTime:0.005123s ]

[ 2014-03-21T18:52:05+08:00 ] 127.0.0.1 /test/index.php/Show/my_fav
INFO: [ app_begin ] --START--
INFO: ReadHtmlCache Behavior ::run [ RunTime:0.001552s ]
INFO: [ app_begin ] --END-- [ RunTime:0.001754s ]
SQL: SHOW COLUMNS FROM `maxiaohao_tempuser` [ RunTime:0.005252s ]
SQL: SHOW COLUMNS FROM `maxiaohao_user` [ RunTime:0.005591s ]

[ 2014-03-21T18:52:05+08:00 ] 127.0.0.1 /test/index.php/Show/my_fav
INFO: [ app_begin ] --START--
INFO: ReadHtmlCache Behavior ::run [ RunTime:0.001690s ]
INFO: [ app_begin ] --END-- [ RunTime:0.001890s ]
SQL: SHOW COLUMNS FROM `maxiaohao_tempuser` [ RunTime:0.004866s ]
SQL: SHOW COLUMNS FROM `maxiaohao_user` [ RunTime:0.005414s ]

[ 2014-03-21T18:52:05+08:00 ] 127.0.0.1 /test/index.php/Show/my_fav
INFO: [ app_begin ] --START--
INFO: ReadHtmlCache Behavior ::run [ RunTime:0.002170s ]
INFO: [ app_begin ] --END-- [ RunTime:0.002465s ]
SQL: SHOW COLUMNS FROM `maxiaohao_tempuser` [ RunTime:0.004180s ]
SQL: SHOW COLUMNS FROM `maxiaohao_user` [ RunTime:0.005007s ]

[ 2014-03-21T18:52:05+08:00 ] 127.0.0.1 /test/index.php/Show/my_fav
INFO: [ app_begin ] --START--
INFO: ReadHtmlCache Behavior ::run [ RunTime:0.001596s ]
INFO: [ app_begin ] --END-- [ RunTime:0.001821s ]
SQL: SHOW COLUMNS FROM `maxiaohao_tempuser` [ RunTime:0.004376s ]
SQL: SHOW COLUMNS FROM `maxiaohao_user` [ RunTime:0.005163s ]

[ 2014-03-21T18:52:05+08:00 ] 127.0.0.1 /test/index.php/Show/my_fav
INFO: [ app_begin ] --START--
INFO: ReadHtmlCache Behavior ::run [ RunTime:0.001830s ]
INFO: [ app_begin ] --END-- [ RunTime:0.002091s ]
SQL: SHOW COLUMNS FROM `maxiaohao_tempuser` [ RunTime:0.004228s ]
SQL: SHOW COLUMNS FROM `maxiaohao_user` [ RunTime:0.005293s ]

[ 2014-03-21T18:52:05+08:00 ] 127.0.0.1 /test/index.php/Show/my_fav
INFO: [ app_begin ] --START--
INFO: ReadHtmlCache Behavior ::run [ RunTime:0.001563s ]
INFO: [ app_begin ] --END-- [ RunTime:0.001763s ]
SQL: SHOW COLUMNS FROM `maxiaohao_tempuser` [ RunTime:0.004530s ]
SQL: SHOW COLUMNS FROM `maxiaohao_user` [ RunTime:0.005602s ]

[ 2014-03-21T18:52:47+08:00 ] 127.0.0.1 /test/index.php/Show/my_fav
INFO: [ app_begin ] --START--
INFO: ReadHtmlCache Behavior ::run [ RunTime:0.001715s ]
INFO: [ app_begin ] --END-- [ RunTime:0.001960s ]
SQL: SHOW COLUMNS FROM `maxiaohao_tempuser` [ RunTime:0.005175s ]
SQL: SHOW COLUMNS FROM `maxiaohao_user` [ RunTime:0.006235s ]
SQL: SELECT * FROM `maxiaohao_tempuser` WHERE ( openid='' ) LIMIT 1   [ RunTime:0.000966s ]
SQL: SELECT * FROM `maxiaohao_user` WHERE ( openid='' ) LIMIT 1   [ RunTime:0.000462s ]

[ 2014-03-21T18:52:50+08:00 ] 127.0.0.1 /test/index.php/Show/my_fav
INFO: [ app_begin ] --START--
INFO: ReadHtmlCache Behavior ::run [ RunTime:0.001559s ]
INFO: [ app_begin ] --END-- [ RunTime:0.001766s ]
SQL: SHOW COLUMNS FROM `maxiaohao_tempuser` [ RunTime:0.034524s ]
SQL: SHOW COLUMNS FROM `maxiaohao_user` [ RunTime:0.007362s ]
SQL: SELECT * FROM `maxiaohao_tempuser` WHERE ( openid='' ) LIMIT 1   [ RunTime:0.001086s ]
SQL: SELECT * FROM `maxiaohao_user` WHERE ( openid='' ) LIMIT 1   [ RunTime:0.000561s ]

[ 2014-03-21T18:52:58+08:00 ] 127.0.0.1 /test/index.php/Show/my_fav
INFO: [ app_begin ] --START--
INFO: ReadHtmlCache Behavior ::run [ RunTime:0.004893s ]
INFO: [ app_begin ] --END-- [ RunTime:0.005268s ]
SQL: SHOW COLUMNS FROM `maxiaohao_tempuser` [ RunTime:0.013575s ]
SQL: SHOW COLUMNS FROM `maxiaohao_user` [ RunTime:0.006593s ]
SQL: SELECT * FROM `maxiaohao_tempuser` WHERE ( openid='' ) LIMIT 1   [ RunTime:0.001040s ]
SQL: SELECT * FROM `maxiaohao_user` WHERE ( openid='' ) LIMIT 1   [ RunTime:0.000568s ]

[ 2014-03-21T18:53:10+08:00 ] 127.0.0.1 /test/index.php/Show/my_fav
INFO: [ app_begin ] --START--
INFO: ReadHtmlCache Behavior ::run [ RunTime:0.001362s ]
INFO: [ app_begin ] --END-- [ RunTime:0.001569s ]
SQL: SHOW COLUMNS FROM `maxiaohao_tempuser` [ RunTime:0.080604s ]
SQL: SHOW COLUMNS FROM `maxiaohao_user` [ RunTime:0.113428s ]
SQL: SELECT * FROM `maxiaohao_tempuser` WHERE ( openid='' ) LIMIT 1   [ RunTime:0.000759s ]
SQL: SELECT * FROM `maxiaohao_user` WHERE ( openid='' ) LIMIT 1   [ RunTime:0.000503s ]

[ 2014-03-21T18:54:35+08:00 ] 127.0.0.1 /test/index.php/Show/my_fav
INFO: [ app_begin ] --START--
INFO: ReadHtmlCache Behavior ::run [ RunTime:0.004365s ]
INFO: [ app_begin ] --END-- [ RunTime:0.004607s ]
SQL: SHOW COLUMNS FROM `maxiaohao_tempuser` [ RunTime:0.004944s ]
SQL: SHOW COLUMNS FROM `maxiaohao_user` [ RunTime:0.006418s ]
SQL: SELECT * FROM `maxiaohao_tempuser` WHERE ( openid='' ) LIMIT 1   [ RunTime:0.001013s ]
SQL: SELECT * FROM `maxiaohao_user` WHERE ( openid='' ) LIMIT 1   [ RunTime:0.000457s ]

[ 2014-03-21T18:55:16+08:00 ] 127.0.0.1 /test/index.php/Show/my_fav
INFO: [ app_begin ] --START--
INFO: ReadHtmlCache Behavior ::run [ RunTime:0.003298s ]
INFO: [ app_begin ] --END-- [ RunTime:0.003539s ]
SQL: SHOW COLUMNS FROM `maxiaohao_tempuser` [ RunTime:0.004229s ]
SQL: SHOW COLUMNS FROM `maxiaohao_user` [ RunTime:0.005601s ]
SQL: SELECT * FROM `maxiaohao_tempuser` WHERE ( openid='13131' ) LIMIT 1   [ RunTime:0.001482s ]

[ 2014-03-21T18:56:15+08:00 ] 127.0.0.1 /test/index.php/Show/my_fav
INFO: [ app_begin ] --START--
INFO: ReadHtmlCache Behavior ::run [ RunTime:0.001580s ]
INFO: [ app_begin ] --END-- [ RunTime:0.001783s ]
SQL: SHOW COLUMNS FROM `maxiaohao_tempuser` [ RunTime:0.004390s ]
SQL: SHOW COLUMNS FROM `maxiaohao_user` [ RunTime:0.004852s ]
SQL: SELECT * FROM `maxiaohao_tempuser` WHERE ( openid='13131' ) LIMIT 1   [ RunTime:0.000806s ]

[ 2014-03-21T18:59:48+08:00 ] 127.0.0.1 /test/index.php/Show/my_fav
INFO: [ app_begin ] --START--
INFO: ReadHtmlCache Behavior ::run [ RunTime:0.004277s ]
INFO: [ app_begin ] --END-- [ RunTime:0.004513s ]
SQL: SHOW COLUMNS FROM `maxiaohao_tempuser` [ RunTime:0.004569s ]
SQL: SHOW COLUMNS FROM `maxiaohao_user` [ RunTime:0.004640s ]
SQL: SELECT * FROM `maxiaohao_tempuser` WHERE ( openid='13131' ) LIMIT 1   [ RunTime:0.000901s ]

[ 2014-03-21T18:59:52+08:00 ] 127.0.0.1 /test/index.php/Show/my_fav
INFO: [ app_begin ] --START--
INFO: ReadHtmlCache Behavior ::run [ RunTime:0.001656s ]
INFO: [ app_begin ] --END-- [ RunTime:0.001888s ]
SQL: SHOW COLUMNS FROM `maxiaohao_tempuser` [ RunTime:0.005257s ]
SQL: SHOW COLUMNS FROM `maxiaohao_user` [ RunTime:0.004797s ]
SQL: SELECT * FROM `maxiaohao_tempuser` WHERE ( openid='13131' ) LIMIT 1   [ RunTime:0.000829s ]

[ 2014-03-21T19:00:39+08:00 ] 127.0.0.1 /test/index.php/Show/my_fav
INFO: [ app_begin ] --START--
INFO: ReadHtmlCache Behavior ::run [ RunTime:0.003862s ]
INFO: [ app_begin ] --END-- [ RunTime:0.004178s ]
SQL: SHOW COLUMNS FROM `maxiaohao_tempuser` [ RunTime:0.005652s ]
SQL: SHOW COLUMNS FROM `maxiaohao_user` [ RunTime:0.005710s ]
SQL: SELECT * FROM `maxiaohao_tempuser` WHERE ( openid='13131' ) LIMIT 1   [ RunTime:0.000903s ]

