[ 2014-03-29T00:00:38+08:00 ] 127.0.0.1 /test/index.php/Show/my_fav
INFO: [ app_begin ] --START--
INFO: ReadHtmlCache Behavior ::run [ RunTime:0.004407s ]
INFO: [ app_begin ] --END-- [ RunTime:0.004718s ]
SQL: SHOW COLUMNS FROM `maxiaohao_tempuser` [ RunTime:0.004562s ]
SQL: SHOW COLUMNS FROM `maxiaohao_user` [ RunTime:0.004439s ]
SQL: SELECT * FROM `maxiaohao_tempuser` WHERE ( openid='13131' ) LIMIT 1   [ RunTime:0.000856s ]

[ 2014-03-29T23:09:24+08:00 ] 127.0.0.1 /test/index.php/Show/my_fav
INFO: [ app_begin ] --START--
INFO: ReadHtmlCache Behavior ::run [ RunTime:0.001538s ]
INFO: [ app_begin ] --END-- [ RunTime:0.001731s ]
SQL: SHOW COLUMNS FROM `maxiaohao_tempuser` [ RunTime:0.075843s ]
SQL: SHOW COLUMNS FROM `maxiaohao_user` [ RunTime:0.004317s ]
SQL: SELECT * FROM `maxiaohao_tempuser` WHERE ( openid='13132' ) LIMIT 1   [ RunTime:0.001185s ]
SQL: SELECT * FROM `maxiaohao_user` WHERE ( openid='13132' ) LIMIT 1   [ RunTime:0.000579s ]

[ 2014-03-29T23:09:31+08:00 ] 127.0.0.1 /test/index.php/Show/newWechat
INFO: [ app_begin ] --START--
INFO: ReadHtmlCache Behavior ::run [ RunTime:0.001550s ]
INFO: [ app_begin ] --END-- [ RunTime:0.001762s ]
SQL: SHOW COLUMNS FROM `maxiaohao_tempuser` [ RunTime:0.004167s ]
SQL: INSERT INTO `maxiaohao_tempuser` (`wechat`,`openid`) VALUES ('dss','13132') [ RunTime:0.001269s ]

[ 2014-03-29T23:09:39+08:00 ] 127.0.0.1 /test/index.php/Show/my_fav
INFO: [ app_begin ] --START--
INFO: ReadHtmlCache Behavior ::run [ RunTime:0.001805s ]
INFO: [ app_begin ] --END-- [ RunTime:0.002012s ]
SQL: SHOW COLUMNS FROM `maxiaohao_tempuser` [ RunTime:0.004992s ]
SQL: SHOW COLUMNS FROM `maxiaohao_user` [ RunTime:0.005358s ]
SQL: SELECT * FROM `maxiaohao_tempuser` WHERE ( openid='13132' ) LIMIT 1   [ RunTime:0.000791s ]

[ 2014-03-29T23:20:21+08:00 ] 127.0.0.1 /test/index.php/Show/my_fav
INFO: [ app_begin ] --START--
INFO: ReadHtmlCache Behavior ::run [ RunTime:0.003147s ]
INFO: [ app_begin ] --END-- [ RunTime:0.003423s ]
SQL: SHOW COLUMNS FROM `maxiaohao_tempuser` [ RunTime:0.006458s ]
SQL: SHOW COLUMNS FROM `maxiaohao_user` [ RunTime:0.004217s ]
SQL: SELECT * FROM `maxiaohao_tempuser` WHERE ( openid='13132' ) LIMIT 1   [ RunTime:0.000799s ]

[ 2014-03-29T23:22:02+08:00 ] 127.0.0.1 /test/index.php/Show/my_fav
INFO: [ app_begin ] --START--
INFO: ReadHtmlCache Behavior ::run [ RunTime:0.005163s ]
INFO: [ app_begin ] --END-- [ RunTime:0.005576s ]
SQL: SHOW COLUMNS FROM `maxiaohao_tempuser` [ RunTime:0.006042s ]
SQL: SHOW COLUMNS FROM `maxiaohao_user` [ RunTime:0.004607s ]
SQL: SELECT * FROM `maxiaohao_tempuser` WHERE ( openid='13132' ) LIMIT 1   [ RunTime:0.001234s ]

[ 2014-03-29T23:22:52+08:00 ] 127.0.0.1 /test/index.php/Show/my_fav
INFO: [ app_begin ] --START--
INFO: ReadHtmlCache Behavior ::run [ RunTime:0.002338s ]
INFO: [ app_begin ] --END-- [ RunTime:0.002637s ]
SQL: SHOW COLUMNS FROM `maxiaohao_tempuser` [ RunTime:0.005695s ]
SQL: SHOW COLUMNS FROM `maxiaohao_user` [ RunTime:0.004515s ]
SQL: SELECT * FROM `maxiaohao_tempuser` WHERE ( openid='1332' ) LIMIT 1   [ RunTime:0.001258s ]
SQL: SELECT * FROM `maxiaohao_user` WHERE ( openid='1332' ) LIMIT 1   [ RunTime:0.000759s ]

[ 2014-03-29T23:22:58+08:00 ] 127.0.0.1 /test/index.php/Show/newWechat
INFO: [ app_begin ] --START--
INFO: ReadHtmlCache Behavior ::run [ RunTime:0.002750s ]
INFO: [ app_begin ] --END-- [ RunTime:0.002969s ]
SQL: SHOW COLUMNS FROM `maxiaohao_tempuser` [ RunTime:0.004319s ]
SQL: INSERT INTO `maxiaohao_tempuser` (`wechat`,`openid`) VALUES ('asa','1332') [ RunTime:0.001451s ]

[ 2014-03-29T23:24:11+08:00 ] 127.0.0.1 /test/index.php/Show/my_fav
INFO: [ app_begin ] --START--
INFO: ReadHtmlCache Behavior ::run [ RunTime:0.001689s ]
INFO: [ app_begin ] --END-- [ RunTime:0.001892s ]
SQL: SHOW COLUMNS FROM `maxiaohao_tempuser` [ RunTime:0.005594s ]
SQL: SHOW COLUMNS FROM `maxiaohao_user` [ RunTime:0.004550s ]
SQL: SELECT * FROM `maxiaohao_tempuser` WHERE ( openid='13323' ) LIMIT 1   [ RunTime:0.001116s ]
SQL: SELECT * FROM `maxiaohao_user` WHERE ( openid='13323' ) LIMIT 1   [ RunTime:0.000670s ]

[ 2014-03-29T23:24:20+08:00 ] 127.0.0.1 /test/index.php/Show/newWechat
INFO: [ app_begin ] --START--
INFO: ReadHtmlCache Behavior ::run [ RunTime:0.002824s ]
INFO: [ app_begin ] --END-- [ RunTime:0.003045s ]
SQL: SHOW COLUMNS FROM `maxiaohao_tempuser` [ RunTime:0.004365s ]
SQL: INSERT INTO `maxiaohao_tempuser` (`wechat`,`openid`) VALUES ('cfxcxc','13323') [ RunTime:0.001204s ]

[ 2014-03-29T23:25:47+08:00 ] 127.0.0.1 /test/index.php/Show/my_fav
INFO: [ app_begin ] --START--
INFO: ReadHtmlCache Behavior ::run [ RunTime:0.003882s ]
INFO: [ app_begin ] --END-- [ RunTime:0.004244s ]
SQL: SHOW COLUMNS FROM `maxiaohao_tempuser` [ RunTime:0.004700s ]
SQL: SHOW COLUMNS FROM `maxiaohao_user` [ RunTime:0.005649s ]
SQL: SELECT * FROM `maxiaohao_tempuser` WHERE ( openid='13323' ) LIMIT 1   [ RunTime:0.001133s ]

[ 2014-03-29T23:25:54+08:00 ] 127.0.0.1 /test/index.php/Show/my_fav
INFO: [ app_begin ] --START--
INFO: ReadHtmlCache Behavior ::run [ RunTime:0.002882s ]
INFO: [ app_begin ] --END-- [ RunTime:0.003225s ]
SQL: SHOW COLUMNS FROM `maxiaohao_tempuser` [ RunTime:0.006329s ]
SQL: SHOW COLUMNS FROM `maxiaohao_user` [ RunTime:0.005005s ]
SQL: SELECT * FROM `maxiaohao_tempuser` WHERE ( openid='13323a' ) LIMIT 1   [ RunTime:0.000944s ]
SQL: SELECT * FROM `maxiaohao_user` WHERE ( openid='13323a' ) LIMIT 1   [ RunTime:0.000566s ]

[ 2014-03-29T23:26:39+08:00 ] 127.0.0.1 /test/index.php/Show/my_fav
INFO: [ app_begin ] --START--
INFO: ReadHtmlCache Behavior ::run [ RunTime:0.003469s ]
INFO: [ app_begin ] --END-- [ RunTime:0.003763s ]
SQL: SHOW COLUMNS FROM `maxiaohao_tempuser` [ RunTime:0.004144s ]
SQL: SHOW COLUMNS FROM `maxiaohao_user` [ RunTime:0.004667s ]
SQL: SELECT * FROM `maxiaohao_tempuser` WHERE ( openid='13323a' ) LIMIT 1   [ RunTime:0.001098s ]
SQL: SELECT * FROM `maxiaohao_user` WHERE ( openid='13323a' ) LIMIT 1   [ RunTime:0.000577s ]

[ 2014-03-29T23:27:21+08:00 ] 127.0.0.1 /test/index.php/Show/my_fav
INFO: [ app_begin ] --START--
INFO: ReadHtmlCache Behavior ::run [ RunTime:0.002925s ]
INFO: [ app_begin ] --END-- [ RunTime:0.003292s ]
SQL: SHOW COLUMNS FROM `maxiaohao_tempuser` [ RunTime:0.006618s ]
SQL: SHOW COLUMNS FROM `maxiaohao_user` [ RunTime:0.006576s ]
SQL: SELECT * FROM `maxiaohao_tempuser` WHERE ( openid='13323a' ) LIMIT 1   [ RunTime:0.001179s ]
SQL: SELECT * FROM `maxiaohao_user` WHERE ( openid='13323a' ) LIMIT 1   [ RunTime:0.000881s ]

[ 2014-03-29T23:27:53+08:00 ] 127.0.0.1 /test/index.php/Show/my_fav
INFO: [ app_begin ] --START--
INFO: ReadHtmlCache Behavior ::run [ RunTime:0.003594s ]
INFO: [ app_begin ] --END-- [ RunTime:0.003950s ]
SQL: SHOW COLUMNS FROM `maxiaohao_tempuser` [ RunTime:0.004715s ]
SQL: SHOW COLUMNS FROM `maxiaohao_user` [ RunTime:0.005682s ]
SQL: SELECT * FROM `maxiaohao_tempuser` WHERE ( openid='13323a' ) LIMIT 1   [ RunTime:0.001020s ]
SQL: SELECT * FROM `maxiaohao_user` WHERE ( openid='13323a' ) LIMIT 1   [ RunTime:0.000522s ]

[ 2014-03-29T23:29:24+08:00 ] 127.0.0.1 /test/index.php/Show/my_fav
INFO: [ app_begin ] --START--
INFO: ReadHtmlCache Behavior ::run [ RunTime:0.003896s ]
INFO: [ app_begin ] --END-- [ RunTime:0.004201s ]
SQL: SHOW COLUMNS FROM `maxiaohao_tempuser` [ RunTime:0.005280s ]
SQL: SHOW COLUMNS FROM `maxiaohao_user` [ RunTime:0.005594s ]
SQL: SELECT * FROM `maxiaohao_tempuser` WHERE ( openid='13323a' ) LIMIT 1   [ RunTime:0.001394s ]
SQL: SELECT * FROM `maxiaohao_user` WHERE ( openid='13323a' ) LIMIT 1   [ RunTime:0.000696s ]

[ 2014-03-29T23:30:18+08:00 ] 127.0.0.1 /test/index.php/Show/my_fav
INFO: [ app_begin ] --START--
INFO: ReadHtmlCache Behavior ::run [ RunTime:0.002787s ]
INFO: [ app_begin ] --END-- [ RunTime:0.003032s ]
SQL: SHOW COLUMNS FROM `maxiaohao_tempuser` [ RunTime:0.005061s ]
SQL: SHOW COLUMNS FROM `maxiaohao_user` [ RunTime:0.004123s ]
SQL: SELECT * FROM `maxiaohao_tempuser` WHERE ( openid='13323a' ) LIMIT 1   [ RunTime:0.000825s ]
SQL: SELECT * FROM `maxiaohao_user` WHERE ( openid='13323a' ) LIMIT 1   [ RunTime:0.000747s ]

[ 2014-03-29T23:31:12+08:00 ] 127.0.0.1 /test/index.php/Show/my_fav
INFO: [ app_begin ] --START--
INFO: ReadHtmlCache Behavior ::run [ RunTime:0.002956s ]
INFO: [ app_begin ] --END-- [ RunTime:0.003266s ]
SQL: SHOW COLUMNS FROM `maxiaohao_tempuser` [ RunTime:0.005563s ]
SQL: SHOW COLUMNS FROM `maxiaohao_user` [ RunTime:0.005641s ]
SQL: SELECT * FROM `maxiaohao_tempuser` WHERE ( openid='13323a' ) LIMIT 1   [ RunTime:0.001008s ]
SQL: SELECT * FROM `maxiaohao_user` WHERE ( openid='13323a' ) LIMIT 1   [ RunTime:0.000631s ]

[ 2014-03-29T23:32:08+08:00 ] 127.0.0.1 /test/index.php/Show/my_fav
INFO: [ app_begin ] --START--
INFO: ReadHtmlCache Behavior ::run [ RunTime:0.002491s ]
INFO: [ app_begin ] --END-- [ RunTime:0.002928s ]
SQL: SHOW COLUMNS FROM `maxiaohao_tempuser` [ RunTime:0.004419s ]
SQL: SHOW COLUMNS FROM `maxiaohao_user` [ RunTime:0.006247s ]
SQL: SELECT * FROM `maxiaohao_tempuser` WHERE ( openid='13323a' ) LIMIT 1   [ RunTime:0.000990s ]
SQL: SELECT * FROM `maxiaohao_user` WHERE ( openid='13323a' ) LIMIT 1   [ RunTime:0.000515s ]

[ 2014-03-29T23:32:58+08:00 ] 127.0.0.1 /test/index.php/Show/my_fav
INFO: [ app_begin ] --START--
INFO: ReadHtmlCache Behavior ::run [ RunTime:0.002854s ]
INFO: [ app_begin ] --END-- [ RunTime:0.003157s ]
SQL: SHOW COLUMNS FROM `maxiaohao_tempuser` [ RunTime:0.004695s ]
SQL: SHOW COLUMNS FROM `maxiaohao_user` [ RunTime:0.004398s ]
SQL: SELECT * FROM `maxiaohao_tempuser` WHERE ( openid='13323a' ) LIMIT 1   [ RunTime:0.000885s ]
SQL: SELECT * FROM `maxiaohao_user` WHERE ( openid='13323a' ) LIMIT 1   [ RunTime:0.000561s ]

[ 2014-03-29T23:33:45+08:00 ] 127.0.0.1 /test/index.php/Show/my_fav
INFO: [ app_begin ] --START--
INFO: ReadHtmlCache Behavior ::run [ RunTime:0.003661s ]
INFO: [ app_begin ] --END-- [ RunTime:0.004005s ]
SQL: SHOW COLUMNS FROM `maxiaohao_tempuser` [ RunTime:0.004196s ]
SQL: SHOW COLUMNS FROM `maxiaohao_user` [ RunTime:0.005711s ]
SQL: SELECT * FROM `maxiaohao_tempuser` WHERE ( openid='13323a' ) LIMIT 1   [ RunTime:0.001559s ]
SQL: SELECT * FROM `maxiaohao_user` WHERE ( openid='13323a' ) LIMIT 1   [ RunTime:0.000570s ]

[ 2014-03-29T23:35:25+08:00 ] 127.0.0.1 /test/index.php/Show/my_fav
INFO: [ app_begin ] --START--
INFO: ReadHtmlCache Behavior ::run [ RunTime:0.001745s ]
INFO: [ app_begin ] --END-- [ RunTime:0.001997s ]
SQL: SHOW COLUMNS FROM `maxiaohao_tempuser` [ RunTime:0.006097s ]
SQL: SHOW COLUMNS FROM `maxiaohao_user` [ RunTime:0.006112s ]
SQL: SELECT * FROM `maxiaohao_tempuser` WHERE ( openid='13323a' ) LIMIT 1   [ RunTime:0.001403s ]
SQL: SELECT * FROM `maxiaohao_user` WHERE ( openid='13323a' ) LIMIT 1   [ RunTime:0.000660s ]

[ 2014-03-29T23:35:57+08:00 ] 127.0.0.1 /test/index.php/Show/my_fav
INFO: [ app_begin ] --START--
INFO: ReadHtmlCache Behavior ::run [ RunTime:0.001742s ]
INFO: [ app_begin ] --END-- [ RunTime:0.001974s ]
SQL: SHOW COLUMNS FROM `maxiaohao_tempuser` [ RunTime:0.006328s ]
SQL: SHOW COLUMNS FROM `maxiaohao_user` [ RunTime:0.004806s ]
SQL: SELECT * FROM `maxiaohao_tempuser` WHERE ( openid='13323a' ) LIMIT 1   [ RunTime:0.001290s ]
SQL: SELECT * FROM `maxiaohao_user` WHERE ( openid='13323a' ) LIMIT 1   [ RunTime:0.000697s ]

[ 2014-03-29T23:36:03+08:00 ] 127.0.0.1 /test/index.php/Show/my_fav
INFO: [ app_begin ] --START--
INFO: ReadHtmlCache Behavior ::run [ RunTime:0.003079s ]
INFO: [ app_begin ] --END-- [ RunTime:0.003316s ]
SQL: SHOW COLUMNS FROM `maxiaohao_tempuser` [ RunTime:0.005692s ]
SQL: SHOW COLUMNS FROM `maxiaohao_user` [ RunTime:0.004871s ]
SQL: SELECT * FROM `maxiaohao_tempuser` WHERE ( openid='13323a' ) LIMIT 1   [ RunTime:0.000756s ]
SQL: SELECT * FROM `maxiaohao_user` WHERE ( openid='13323a' ) LIMIT 1   [ RunTime:0.000527s ]

[ 2014-03-29T23:36:45+08:00 ] 127.0.0.1 /test/index.php/Show/my_fav
INFO: [ app_begin ] --START--
INFO: ReadHtmlCache Behavior ::run [ RunTime:0.003348s ]
INFO: [ app_begin ] --END-- [ RunTime:0.003681s ]
SQL: SHOW COLUMNS FROM `maxiaohao_tempuser` [ RunTime:0.004289s ]
SQL: SHOW COLUMNS FROM `maxiaohao_user` [ RunTime:0.005961s ]
SQL: SELECT * FROM `maxiaohao_tempuser` WHERE ( openid='13323a' ) LIMIT 1   [ RunTime:0.001016s ]
SQL: SELECT * FROM `maxiaohao_user` WHERE ( openid='13323a' ) LIMIT 1   [ RunTime:0.000608s ]

[ 2014-03-29T23:40:40+08:00 ] 127.0.0.1 /test/index.php/Show/my_fav
INFO: [ app_begin ] --START--
INFO: ReadHtmlCache Behavior ::run [ RunTime:0.002912s ]
INFO: [ app_begin ] --END-- [ RunTime:0.003226s ]
SQL: SHOW COLUMNS FROM `maxiaohao_tempuser` [ RunTime:0.004394s ]
SQL: SHOW COLUMNS FROM `maxiaohao_user` [ RunTime:0.004310s ]
SQL: SELECT * FROM `maxiaohao_tempuser` WHERE ( openid='13323a' ) LIMIT 1   [ RunTime:0.001160s ]
SQL: SELECT * FROM `maxiaohao_user` WHERE ( openid='13323a' ) LIMIT 1   [ RunTime:0.000636s ]

[ 2014-03-29T23:42:14+08:00 ] 127.0.0.1 /test/index.php/Show/my_fav
INFO: [ app_begin ] --START--
INFO: ReadHtmlCache Behavior ::run [ RunTime:0.003162s ]
INFO: [ app_begin ] --END-- [ RunTime:0.003390s ]
SQL: SHOW COLUMNS FROM `maxiaohao_tempuser` [ RunTime:0.008117s ]
SQL: SHOW COLUMNS FROM `maxiaohao_user` [ RunTime:0.004481s ]
SQL: SELECT * FROM `maxiaohao_tempuser` WHERE ( openid='13323a' ) LIMIT 1   [ RunTime:0.001216s ]
SQL: SELECT * FROM `maxiaohao_user` WHERE ( openid='13323a' ) LIMIT 1   [ RunTime:0.000825s ]

[ 2014-03-29T23:43:02+08:00 ] 127.0.0.1 /test/index.php/Show/my_fav
INFO: [ app_begin ] --START--
INFO: ReadHtmlCache Behavior ::run [ RunTime:0.002990s ]
INFO: [ app_begin ] --END-- [ RunTime:0.003235s ]
SQL: SHOW COLUMNS FROM `maxiaohao_tempuser` [ RunTime:0.004323s ]
SQL: SHOW COLUMNS FROM `maxiaohao_user` [ RunTime:0.004433s ]
SQL: SELECT * FROM `maxiaohao_tempuser` WHERE ( openid='13323a' ) LIMIT 1   [ RunTime:0.000967s ]
SQL: SELECT * FROM `maxiaohao_user` WHERE ( openid='13323a' ) LIMIT 1   [ RunTime:0.000538s ]

[ 2014-03-29T23:43:25+08:00 ] 127.0.0.1 /test/index.php/Show/my_fav
INFO: [ app_begin ] --START--
INFO: ReadHtmlCache Behavior ::run [ RunTime:0.003044s ]
INFO: [ app_begin ] --END-- [ RunTime:0.003313s ]
SQL: SHOW COLUMNS FROM `maxiaohao_tempuser` [ RunTime:0.005658s ]
SQL: SHOW COLUMNS FROM `maxiaohao_user` [ RunTime:0.005412s ]
SQL: SELECT * FROM `maxiaohao_tempuser` WHERE ( openid='13323a' ) LIMIT 1   [ RunTime:0.000980s ]
SQL: SELECT * FROM `maxiaohao_user` WHERE ( openid='13323a' ) LIMIT 1   [ RunTime:0.000520s ]

[ 2014-03-29T23:44:06+08:00 ] 127.0.0.1 /test/index.php/Show/my_fav
INFO: [ app_begin ] --START--
INFO: ReadHtmlCache Behavior ::run [ RunTime:0.003152s ]
INFO: [ app_begin ] --END-- [ RunTime:0.003553s ]
SQL: SHOW COLUMNS FROM `maxiaohao_tempuser` [ RunTime:0.004144s ]
SQL: SHOW COLUMNS FROM `maxiaohao_user` [ RunTime:0.006052s ]
SQL: SELECT * FROM `maxiaohao_tempuser` WHERE ( openid='13323a' ) LIMIT 1   [ RunTime:0.000596s ]
SQL: SELECT * FROM `maxiaohao_user` WHERE ( openid='13323a' ) LIMIT 1   [ RunTime:0.000524s ]

[ 2014-03-29T23:44:27+08:00 ] 127.0.0.1 /test/index.php/Show/my_fav
INFO: [ app_begin ] --START--
INFO: ReadHtmlCache Behavior ::run [ RunTime:0.002228s ]
INFO: [ app_begin ] --END-- [ RunTime:0.002518s ]
SQL: SHOW COLUMNS FROM `maxiaohao_tempuser` [ RunTime:0.005121s ]
SQL: SHOW COLUMNS FROM `maxiaohao_user` [ RunTime:0.006243s ]
SQL: SELECT * FROM `maxiaohao_tempuser` WHERE ( openid='13323a' ) LIMIT 1   [ RunTime:0.000920s ]
SQL: SELECT * FROM `maxiaohao_user` WHERE ( openid='13323a' ) LIMIT 1   [ RunTime:0.000613s ]

[ 2014-03-29T23:45:37+08:00 ] 127.0.0.1 /test/index.php/Show/newWechat
INFO: [ app_begin ] --START--
INFO: ReadHtmlCache Behavior ::run [ RunTime:0.003317s ]
INFO: [ app_begin ] --END-- [ RunTime:0.003539s ]
SQL: SHOW COLUMNS FROM `maxiaohao_tempuser` [ RunTime:0.004281s ]
SQL: INSERT INTO `maxiaohao_tempuser` (`wechat`,`openid`) VALUES ('lkkk','13323a') [ RunTime:0.001585s ]

[ 2014-03-29T23:46:25+08:00 ] 127.0.0.1 /test/index.php/Show/my_fav
INFO: [ app_begin ] --START--
INFO: ReadHtmlCache Behavior ::run [ RunTime:0.002339s ]
INFO: [ app_begin ] --END-- [ RunTime:0.002652s ]
SQL: SHOW COLUMNS FROM `maxiaohao_tempuser` [ RunTime:0.004338s ]
SQL: SHOW COLUMNS FROM `maxiaohao_user` [ RunTime:0.006238s ]
SQL: SELECT * FROM `maxiaohao_tempuser` WHERE ( openid='1332a' ) LIMIT 1   [ RunTime:0.001121s ]
SQL: SELECT * FROM `maxiaohao_user` WHERE ( openid='1332a' ) LIMIT 1   [ RunTime:0.000602s ]

[ 2014-03-29T23:46:30+08:00 ] 127.0.0.1 /test/index.php/Show/newWechat
INFO: [ app_begin ] --START--
INFO: ReadHtmlCache Behavior ::run [ RunTime:0.003948s ]
INFO: [ app_begin ] --END-- [ RunTime:0.004310s ]
SQL: SHOW COLUMNS FROM `maxiaohao_tempuser` [ RunTime:0.004459s ]
SQL: INSERT INTO `maxiaohao_tempuser` (`wechat`,`openid`) VALUES ('jhh','1332a') [ RunTime:0.001406s ]

[ 2014-03-29T23:47:39+08:00 ] 127.0.0.1 /test/index.php/Show/my_fav
INFO: [ app_begin ] --START--
INFO: ReadHtmlCache Behavior ::run [ RunTime:0.002097s ]
INFO: [ app_begin ] --END-- [ RunTime:0.002450s ]
SQL: SHOW COLUMNS FROM `maxiaohao_tempuser` [ RunTime:0.004574s ]
SQL: SHOW COLUMNS FROM `maxiaohao_user` [ RunTime:0.004487s ]
SQL: SELECT * FROM `maxiaohao_tempuser` WHERE ( openid='1332a' ) LIMIT 1   [ RunTime:0.000782s ]

[ 2014-03-29T23:47:45+08:00 ] 127.0.0.1 /test/index.php/Show/my_fav
INFO: [ app_begin ] --START--
INFO: ReadHtmlCache Behavior ::run [ RunTime:0.003744s ]
INFO: [ app_begin ] --END-- [ RunTime:0.004063s ]
SQL: SHOW COLUMNS FROM `maxiaohao_tempuser` [ RunTime:0.004989s ]
SQL: SHOW COLUMNS FROM `maxiaohao_user` [ RunTime:0.005612s ]
SQL: SELECT * FROM `maxiaohao_tempuser` WHERE ( openid='1332a' ) LIMIT 1   [ RunTime:0.001667s ]

[ 2014-03-29T23:47:52+08:00 ] 127.0.0.1 /test/index.php/Show/my_fav
INFO: [ app_begin ] --START--
INFO: ReadHtmlCache Behavior ::run [ RunTime:0.004127s ]
INFO: [ app_begin ] --END-- [ RunTime:0.004481s ]
SQL: SHOW COLUMNS FROM `maxiaohao_tempuser` [ RunTime:0.006022s ]
SQL: SHOW COLUMNS FROM `maxiaohao_user` [ RunTime:0.004371s ]
SQL: SELECT * FROM `maxiaohao_tempuser` WHERE ( openid='1332a' ) LIMIT 1   [ RunTime:0.001190s ]

[ 2014-03-29T23:47:56+08:00 ] 127.0.0.1 /test/index.php/Show/my_fav
INFO: [ app_begin ] --START--
INFO: ReadHtmlCache Behavior ::run [ RunTime:0.001634s ]
INFO: [ app_begin ] --END-- [ RunTime:0.001843s ]
SQL: SHOW COLUMNS FROM `maxiaohao_tempuser` [ RunTime:0.006114s ]
SQL: SHOW COLUMNS FROM `maxiaohao_user` [ RunTime:0.006364s ]
SQL: SELECT * FROM `maxiaohao_tempuser` WHERE ( openid='1331a4' ) LIMIT 1   [ RunTime:0.001200s ]
SQL: SELECT * FROM `maxiaohao_user` WHERE ( openid='1331a4' ) LIMIT 1   [ RunTime:0.000660s ]

[ 2014-03-29T23:48:01+08:00 ] 127.0.0.1 /test/index.php/Show/newWechat
INFO: [ app_begin ] --START--
INFO: ReadHtmlCache Behavior ::run [ RunTime:0.002698s ]
INFO: [ app_begin ] --END-- [ RunTime:0.003104s ]
SQL: SHOW COLUMNS FROM `maxiaohao_tempuser` [ RunTime:0.006464s ]
SQL: INSERT INTO `maxiaohao_tempuser` (`wechat`,`openid`) VALUES ('dasdsad','1331a4') [ RunTime:0.001449s ]

[ 2014-03-29T23:48:22+08:00 ] 127.0.0.1 /test/index.php/Show/my_fav
INFO: [ app_begin ] --START--
INFO: ReadHtmlCache Behavior ::run [ RunTime:0.002030s ]
INFO: [ app_begin ] --END-- [ RunTime:0.002313s ]
SQL: SHOW COLUMNS FROM `maxiaohao_tempuser` [ RunTime:0.005650s ]
SQL: SHOW COLUMNS FROM `maxiaohao_user` [ RunTime:0.006465s ]
SQL: SELECT * FROM `maxiaohao_tempuser` WHERE ( openid='131a4' ) LIMIT 1   [ RunTime:0.001005s ]
SQL: SELECT * FROM `maxiaohao_user` WHERE ( openid='131a4' ) LIMIT 1   [ RunTime:0.000647s ]

[ 2014-03-29T23:48:25+08:00 ] 127.0.0.1 /test/index.php/Show/newWechat
INFO: [ app_begin ] --START--
INFO: ReadHtmlCache Behavior ::run [ RunTime:0.001621s ]
INFO: [ app_begin ] --END-- [ RunTime:0.001834s ]
SQL: SHOW COLUMNS FROM `maxiaohao_tempuser` [ RunTime:0.004221s ]
SQL: INSERT INTO `maxiaohao_tempuser` (`wechat`,`openid`) VALUES ('sdasda','131a4') [ RunTime:0.001204s ]

[ 2014-03-29T23:49:35+08:00 ] 127.0.0.1 /test/index.php/Show/my_fav
INFO: [ app_begin ] --START--
INFO: ReadHtmlCache Behavior ::run [ RunTime:0.001818s ]
INFO: [ app_begin ] --END-- [ RunTime:0.002069s ]
SQL: SHOW COLUMNS FROM `maxiaohao_tempuser` [ RunTime:0.005162s ]
SQL: SHOW COLUMNS FROM `maxiaohao_user` [ RunTime:0.004586s ]
SQL: SELECT * FROM `maxiaohao_tempuser` WHERE ( openid='1s31a4' ) LIMIT 1   [ RunTime:0.000922s ]
SQL: SELECT * FROM `maxiaohao_user` WHERE ( openid='1s31a4' ) LIMIT 1   [ RunTime:0.000619s ]

[ 2014-03-29T23:49:58+08:00 ] 127.0.0.1 /test/index.php/Show/my_fav
INFO: [ app_begin ] --START--
INFO: ReadHtmlCache Behavior ::run [ RunTime:0.004082s ]
INFO: [ app_begin ] --END-- [ RunTime:0.004443s ]
SQL: SHOW COLUMNS FROM `maxiaohao_tempuser` [ RunTime:0.004313s ]
SQL: SHOW COLUMNS FROM `maxiaohao_user` [ RunTime:0.004280s ]
SQL: SELECT * FROM `maxiaohao_tempuser` WHERE ( openid='1s31a4' ) LIMIT 1   [ RunTime:0.000841s ]
SQL: SELECT * FROM `maxiaohao_user` WHERE ( openid='1s31a4' ) LIMIT 1   [ RunTime:0.000540s ]

[ 2014-03-29T23:50:14+08:00 ] 127.0.0.1 /test/index.php/Show/my_fav
INFO: [ app_begin ] --START--
INFO: ReadHtmlCache Behavior ::run [ RunTime:0.001699s ]
INFO: [ app_begin ] --END-- [ RunTime:0.001928s ]
SQL: SHOW COLUMNS FROM `maxiaohao_tempuser` [ RunTime:0.005976s ]
SQL: SHOW COLUMNS FROM `maxiaohao_user` [ RunTime:0.005113s ]
SQL: SELECT * FROM `maxiaohao_tempuser` WHERE ( openid='1s31a4' ) LIMIT 1   [ RunTime:0.001024s ]
SQL: SELECT * FROM `maxiaohao_user` WHERE ( openid='1s31a4' ) LIMIT 1   [ RunTime:0.000756s ]

[ 2014-03-29T23:50:38+08:00 ] 127.0.0.1 /test/index.php/Show/my_fav
INFO: [ app_begin ] --START--
INFO: ReadHtmlCache Behavior ::run [ RunTime:0.002027s ]
INFO: [ app_begin ] --END-- [ RunTime:0.002259s ]
SQL: SHOW COLUMNS FROM `maxiaohao_tempuser` [ RunTime:0.006148s ]
SQL: SHOW COLUMNS FROM `maxiaohao_user` [ RunTime:0.006284s ]
SQL: SELECT * FROM `maxiaohao_tempuser` WHERE ( openid='1s31a4' ) LIMIT 1   [ RunTime:0.001322s ]
SQL: SELECT * FROM `maxiaohao_user` WHERE ( openid='1s31a4' ) LIMIT 1   [ RunTime:0.000879s ]

[ 2014-03-29T23:50:57+08:00 ] 127.0.0.1 /test/index.php/Show/my_fav
INFO: [ app_begin ] --START--
INFO: ReadHtmlCache Behavior ::run [ RunTime:0.001783s ]
INFO: [ app_begin ] --END-- [ RunTime:0.002044s ]
SQL: SHOW COLUMNS FROM `maxiaohao_tempuser` [ RunTime:0.005025s ]
SQL: SHOW COLUMNS FROM `maxiaohao_user` [ RunTime:0.004787s ]
SQL: SELECT * FROM `maxiaohao_tempuser` WHERE ( openid='1s31a4' ) LIMIT 1   [ RunTime:0.000804s ]
SQL: SELECT * FROM `maxiaohao_user` WHERE ( openid='1s31a4' ) LIMIT 1   [ RunTime:0.000548s ]

[ 2014-03-29T23:51:06+08:00 ] 127.0.0.1 /test/index.php/Show/my_fav
INFO: [ app_begin ] --START--
INFO: ReadHtmlCache Behavior ::run [ RunTime:0.002949s ]
INFO: [ app_begin ] --END-- [ RunTime:0.003405s ]
SQL: SHOW COLUMNS FROM `maxiaohao_tempuser` [ RunTime:0.004112s ]
SQL: SHOW COLUMNS FROM `maxiaohao_user` [ RunTime:0.005510s ]
SQL: SELECT * FROM `maxiaohao_tempuser` WHERE ( openid='1s31a4' ) LIMIT 1   [ RunTime:0.001125s ]
SQL: SELECT * FROM `maxiaohao_user` WHERE ( openid='1s31a4' ) LIMIT 1   [ RunTime:0.000740s ]

[ 2014-03-29T23:51:28+08:00 ] 127.0.0.1 /test/index.php/Show/my_fav
INFO: [ app_begin ] --START--
INFO: ReadHtmlCache Behavior ::run [ RunTime:0.006098s ]
INFO: [ app_begin ] --END-- [ RunTime:0.006361s ]
SQL: SHOW COLUMNS FROM `maxiaohao_tempuser` [ RunTime:0.004892s ]
SQL: SHOW COLUMNS FROM `maxiaohao_user` [ RunTime:0.005115s ]
SQL: SELECT * FROM `maxiaohao_tempuser` WHERE ( openid='1s31a4' ) LIMIT 1   [ RunTime:0.000841s ]
SQL: SELECT * FROM `maxiaohao_user` WHERE ( openid='1s31a4' ) LIMIT 1   [ RunTime:0.000562s ]

[ 2014-03-29T23:51:51+08:00 ] 127.0.0.1 /test/index.php/Show/my_fav
INFO: [ app_begin ] --START--
INFO: ReadHtmlCache Behavior ::run [ RunTime:0.002676s ]
INFO: [ app_begin ] --END-- [ RunTime:0.002900s ]
SQL: SHOW COLUMNS FROM `maxiaohao_tempuser` [ RunTime:0.005474s ]
SQL: SHOW COLUMNS FROM `maxiaohao_user` [ RunTime:0.004137s ]
SQL: SELECT * FROM `maxiaohao_tempuser` WHERE ( openid='1s31a4' ) LIMIT 1   [ RunTime:0.000722s ]
SQL: SELECT * FROM `maxiaohao_user` WHERE ( openid='1s31a4' ) LIMIT 1   [ RunTime:0.000512s ]

[ 2014-03-29T23:52:45+08:00 ] 127.0.0.1 /test/index.php/Show/my_fav
INFO: [ app_begin ] --START--
INFO: ReadHtmlCache Behavior ::run [ RunTime:0.001579s ]
INFO: [ app_begin ] --END-- [ RunTime:0.001818s ]
SQL: SHOW COLUMNS FROM `maxiaohao_tempuser` [ RunTime:0.005271s ]
SQL: SHOW COLUMNS FROM `maxiaohao_user` [ RunTime:0.004586s ]
SQL: SELECT * FROM `maxiaohao_tempuser` WHERE ( openid='1s31a4' ) LIMIT 1   [ RunTime:0.000921s ]
SQL: SELECT * FROM `maxiaohao_user` WHERE ( openid='1s31a4' ) LIMIT 1   [ RunTime:0.000571s ]

[ 2014-03-29T23:53:00+08:00 ] 127.0.0.1 /test/index.php/Show/my_fav
INFO: [ app_begin ] --START--
INFO: ReadHtmlCache Behavior ::run [ RunTime:0.002192s ]
INFO: [ app_begin ] --END-- [ RunTime:0.002460s ]
SQL: SHOW COLUMNS FROM `maxiaohao_tempuser` [ RunTime:0.004165s ]
SQL: SHOW COLUMNS FROM `maxiaohao_user` [ RunTime:0.005899s ]
SQL: SELECT * FROM `maxiaohao_tempuser` WHERE ( openid='1s31a4' ) LIMIT 1   [ RunTime:0.001028s ]
SQL: SELECT * FROM `maxiaohao_user` WHERE ( openid='1s31a4' ) LIMIT 1   [ RunTime:0.000560s ]

[ 2014-03-29T23:53:08+08:00 ] 127.0.0.1 /test/index.php/Show/my_fav
INFO: [ app_begin ] --START--
INFO: ReadHtmlCache Behavior ::run [ RunTime:0.002174s ]
INFO: [ app_begin ] --END-- [ RunTime:0.002449s ]
SQL: SHOW COLUMNS FROM `maxiaohao_tempuser` [ RunTime:0.005356s ]
SQL: SHOW COLUMNS FROM `maxiaohao_user` [ RunTime:0.004583s ]
SQL: SELECT * FROM `maxiaohao_tempuser` WHERE ( openid='1s31a4' ) LIMIT 1   [ RunTime:0.001405s ]
SQL: SELECT * FROM `maxiaohao_user` WHERE ( openid='1s31a4' ) LIMIT 1   [ RunTime:0.000570s ]

[ 2014-03-29T23:53:39+08:00 ] 127.0.0.1 /test/index.php/Show/my_fav
INFO: [ app_begin ] --START--
INFO: ReadHtmlCache Behavior ::run [ RunTime:0.004919s ]
INFO: [ app_begin ] --END-- [ RunTime:0.005211s ]
SQL: SHOW COLUMNS FROM `maxiaohao_tempuser` [ RunTime:0.005635s ]
SQL: SHOW COLUMNS FROM `maxiaohao_user` [ RunTime:0.004458s ]
SQL: SELECT * FROM `maxiaohao_tempuser` WHERE ( openid='1s31a4' ) LIMIT 1   [ RunTime:0.000978s ]
SQL: SELECT * FROM `maxiaohao_user` WHERE ( openid='1s31a4' ) LIMIT 1   [ RunTime:0.000798s ]

[ 2014-03-29T23:55:16+08:00 ] 127.0.0.1 /test/index.php/Show/my_fav
INFO: [ app_begin ] --START--
INFO: ReadHtmlCache Behavior ::run [ RunTime:0.001765s ]
INFO: [ app_begin ] --END-- [ RunTime:0.001968s ]
SQL: SHOW COLUMNS FROM `maxiaohao_tempuser` [ RunTime:0.004181s ]
SQL: SHOW COLUMNS FROM `maxiaohao_user` [ RunTime:0.005962s ]
SQL: SELECT * FROM `maxiaohao_tempuser` WHERE ( openid='1s31a4' ) LIMIT 1   [ RunTime:0.000957s ]
SQL: SELECT * FROM `maxiaohao_user` WHERE ( openid='1s31a4' ) LIMIT 1   [ RunTime:0.000543s ]

[ 2014-03-29T23:55:44+08:00 ] 127.0.0.1 /test/index.php/Show/my_fav
INFO: [ app_begin ] --START--
INFO: ReadHtmlCache Behavior ::run [ RunTime:0.001590s ]
INFO: [ app_begin ] --END-- [ RunTime:0.001785s ]
SQL: SHOW COLUMNS FROM `maxiaohao_tempuser` [ RunTime:0.004892s ]
SQL: SHOW COLUMNS FROM `maxiaohao_user` [ RunTime:0.004453s ]
SQL: SELECT * FROM `maxiaohao_tempuser` WHERE ( openid='1s31a4' ) LIMIT 1   [ RunTime:0.001042s ]
SQL: SELECT * FROM `maxiaohao_user` WHERE ( openid='1s31a4' ) LIMIT 1   [ RunTime:0.000569s ]

[ 2014-03-29T23:56:25+08:00 ] 127.0.0.1 /test/index.php/Show/my_fav
INFO: [ app_begin ] --START--
INFO: ReadHtmlCache Behavior ::run [ RunTime:0.001842s ]
INFO: [ app_begin ] --END-- [ RunTime:0.002051s ]
SQL: SHOW COLUMNS FROM `maxiaohao_tempuser` [ RunTime:0.005284s ]
SQL: SHOW COLUMNS FROM `maxiaohao_user` [ RunTime:0.005504s ]
SQL: SELECT * FROM `maxiaohao_tempuser` WHERE ( openid='1s31a4' ) LIMIT 1   [ RunTime:0.000873s ]
SQL: SELECT * FROM `maxiaohao_user` WHERE ( openid='1s31a4' ) LIMIT 1   [ RunTime:0.000849s ]

[ 2014-03-29T23:56:39+08:00 ] 127.0.0.1 /test/index.php/Show/my_fav
INFO: [ app_begin ] --START--
INFO: ReadHtmlCache Behavior ::run [ RunTime:0.001955s ]
INFO: [ app_begin ] --END-- [ RunTime:0.002218s ]
SQL: SHOW COLUMNS FROM `maxiaohao_tempuser` [ RunTime:0.004536s ]
SQL: SHOW COLUMNS FROM `maxiaohao_user` [ RunTime:0.005581s ]
SQL: SELECT * FROM `maxiaohao_tempuser` WHERE ( openid='1s31a4' ) LIMIT 1   [ RunTime:0.000755s ]
SQL: SELECT * FROM `maxiaohao_user` WHERE ( openid='1s31a4' ) LIMIT 1   [ RunTime:0.000586s ]

[ 2014-03-29T23:56:52+08:00 ] 127.0.0.1 /test/index.php/Show/my_fav
INFO: [ app_begin ] --START--
INFO: ReadHtmlCache Behavior ::run [ RunTime:0.002441s ]
INFO: [ app_begin ] --END-- [ RunTime:0.002722s ]
SQL: SHOW COLUMNS FROM `maxiaohao_tempuser` [ RunTime:0.004857s ]
SQL: SHOW COLUMNS FROM `maxiaohao_user` [ RunTime:0.004300s ]
SQL: SELECT * FROM `maxiaohao_tempuser` WHERE ( openid='1s31a4' ) LIMIT 1   [ RunTime:0.001032s ]
SQL: SELECT * FROM `maxiaohao_user` WHERE ( openid='1s31a4' ) LIMIT 1   [ RunTime:0.000692s ]

[ 2014-03-29T23:57:55+08:00 ] 127.0.0.1 /test/index.php/Show/my_fav
INFO: [ app_begin ] --START--
INFO: ReadHtmlCache Behavior ::run [ RunTime:0.003782s ]
INFO: [ app_begin ] --END-- [ RunTime:0.004082s ]
SQL: SHOW COLUMNS FROM `maxiaohao_tempuser` [ RunTime:0.004169s ]
SQL: SHOW COLUMNS FROM `maxiaohao_user` [ RunTime:0.005790s ]
SQL: SELECT * FROM `maxiaohao_tempuser` WHERE ( openid='1s31a4' ) LIMIT 1   [ RunTime:0.000906s ]
SQL: SELECT * FROM `maxiaohao_user` WHERE ( openid='1s31a4' ) LIMIT 1   [ RunTime:0.000541s ]

